<?xml version="1.0" encoding="UTF-8"?>
<testng-results ignored="0" total="3" passed="3" failed="0" skipped="0">
  <reporter-output>
  </reporter-output>
  <suite started-at="2026-04-29T13:37:01 EDT" name="Surefire suite" finished-at="2026-04-29T13:37:02 EDT" duration-ms="896">
    <groups>
      <group name="cucumber">
        <method signature="AbstractTestNGCucumberTests.runScenario(io.cucumber.testng.PickleWrapper,io.cucumber.testng.FeatureWrapper)[pri:0, instance:runner.TestRunner@72f926e6]" name="runScenario" class="io.cucumber.testng.AbstractTestNGCucumberTests"/>
      </group> <!-- cucumber -->
    </groups>
    <test started-at="2026-04-29T13:37:01 EDT" name="Surefire test" finished-at="2026-04-29T13:37:02 EDT" duration-ms="896">
      <class name="runner.TestRunner">
        <test-method is-config="true" signature="setUpClass(org.testng.ITestContext)[pri:0, instance:runner.TestRunner@72f926e6]" started-at="2026-04-29T13:37:01 EDT" name="setUpClass" finished-at="2026-04-29T13:37:02 EDT" duration-ms="625" status="PASS">
          <params>
            <param index="0">
              <value>
                <![CDATA[org.testng.TestRunner@5d465e4b]]>
              </value>
            </param>
          </params>
          <reporter-output>
          </reporter-output>
        </test-method> <!-- setUpClass -->
        <test-method signature="runScenario(io.cucumber.testng.PickleWrapper,io.cucumber.testng.FeatureWrapper)[pri:0, instance:runner.TestRunner@72f926e6]" started-at="2026-04-29T13:37:02 EDT" name="runScenario" description="Runs Cucumber Scenarios" data-provider="scenarios" finished-at="2026-04-29T13:37:02 EDT" duration-ms="169" status="PASS">
          <params>
            <param index="0">
              <value>
                <![CDATA["Admin generates token with valid credential"]]>
              </value>
            </param>
            <param index="1">
              <value>
                <![CDATA["User Sign In API"]]>
              </value>
            </param>
          </params>
          <reporter-output>
          </reporter-output>
        </test-method> <!-- runScenario -->
        <test-method signature="runScenario(io.cucumber.testng.PickleWrapper,io.cucumber.testng.FeatureWrapper)[pri:0, instance:runner.TestRunner@72f926e6]" started-at="2026-04-29T13:37:02 EDT" name="runScenario" description="Runs Cucumber Scenarios" data-provider="scenarios" finished-at="2026-04-29T13:37:02 EDT" duration-ms="8" status="PASS">
          <params>
            <param index="0">
              <value>
                <![CDATA["Admin retrieves all programs with valid endpoint"]]>
              </value>
            </param>
            <param index="1">
              <value>
                <![CDATA["Program Module API - Add New Program"]]>
              </value>
            </param>
          </params>
          <reporter-output>
          </reporter-output>
        </test-method> <!-- runScenario -->
        <test-method signature="runScenario(io.cucumber.testng.PickleWrapper,io.cucumber.testng.FeatureWrapper)[pri:0, instance:runner.TestRunner@72f926e6]" started-at="2026-04-29T13:37:02 EDT" name="runScenario" description="Runs Cucumber Scenarios" data-provider="scenarios" finished-at="2026-04-29T13:37:02 EDT" duration-ms="7" status="PASS">
          <params>
            <param index="0">
              <value>
                <![CDATA["Admin creates a program with valid request body and authorization"]]>
              </value>
            </param>
            <param index="1">
              <value>
                <![CDATA["Program Module API - Add New Program"]]>
              </value>
            </param>
          </params>
          <reporter-output>
          </reporter-output>
        </test-method> <!-- runScenario -->
        <test-method is-config="true" signature="tearDownClass()[pri:0, instance:runner.TestRunner@72f926e6]" started-at="2026-04-29T13:37:02 EDT" name="tearDownClass" finished-at="2026-04-29T13:37:02 EDT" duration-ms="29" status="PASS">
          <reporter-output>
          </reporter-output>
        </test-method> <!-- tearDownClass -->
      </class> <!-- runner.TestRunner -->
    </test> <!-- Surefire test -->
  </suite> <!-- Surefire suite -->
</testng-results>
