<?xml version="1.0" encoding="UTF-8"?>
<testsuite xmlns:xsi="http://www.w3.org/2001/XMLSchema-instance" xsi:noNamespaceSchemaLocation="https://maven.apache.org/surefire/maven-surefire-plugin/xsd/surefire-test-report-3.0.xsd" version="3.0" name="TestSuite" time="1.551" tests="3" errors="0" skipped="0" failures="0">
  <properties>
[...]
</properties>
  <testcase name="runScenario[&quot;Admin generates token with valid credential&quot;, &quot;User Sign In API&quot;](1)" classname="runner.TestRunner" time="0.176">
    <system-out><![CDATA[
@postlogin
Scenario: Admin generates token with valid credential               &amp#27;[90m# src/test/resources/feature/login.feature:7&amp#27;[0m
  &amp#27;[32mGiven &amp#27;[0m&amp#27;[32mAdmin creates POST request with valid credentials&amp#27;[0m           &amp#27;[90m# stepDefinition.loginStepDefinition.admin_creates_post_request_with_valid_credentials()&amp#27;[0m
  &amp#27;[32mWhen &amp#27;[0m&amp#27;[32mAdmin sends a HTTPS POST request to the valid login endpoint&amp#27;[0m &amp#27;[90m# stepDefinition.loginStepDefinition.admin_sends_a_https_post_request_to_the_valid_login_endpoint()&amp#27;[0m
  &amp#27;[32mThen &amp#27;[0m&amp#27;[32mAdmin receives &amp#27;[0m&amp#27;[32m&amp#27;[1m200&amp#27;[0m&amp#27;[32m Created with auto generated token&amp#27;[0m         &amp#27;[90m# stepDefinition.loginStepDefinition.admin_receives_created_with_auto_generated_token(java.lang.Integer)&amp#27;[0m
]]></system-out>
  </testcase>
  <testcase name="runScenario[&quot;Admin retrieves all programs with valid endpoint&quot;, &quot;Program Module API - Add New Program&quot;](2)" classname="runner.TestRunner" time="0.001">
    <system-out><![CDATA[
@authToken @getallprogram
Scenario: Admin retrieves all programs with valid endpoint                &amp#27;[90m# src/test/resources/feature/program.feature:9&amp#27;[0m
  &amp#27;[32mGiven &amp#27;[0m&amp#27;[32mAdmin sets Authorization to Bearer Token&amp#27;[0m                          &amp#27;[90m# stepDefinition.ProgramStepDefinition.admin_sets_authorization_to_bearer_token()&amp#27;[0m
  &amp#27;[32mGiven &amp#27;[0m&amp#27;[32mAdmin creates GET Request for the LMS API&amp#27;[0m                         &amp#27;[90m# stepDefinition.ProgramStepDefinition.admin_creates_get_request_for_the_lms_api()&amp#27;[0m
  &amp#27;[32mWhen &amp#27;[0m&amp#27;[32mAdmin sends a HTTPS GET request to the valid all programs endpoint&amp#27;[0m &amp#27;[90m# stepDefinition.ProgramStepDefinition.admin_sends_a_https_get_request_to_the_valid_all_programs_endpoint()&amp#27;[0m
  &amp#27;[32mThen &amp#27;[0m&amp#27;[32mAdmin receives &amp#27;[0m&amp#27;[32m&amp#27;[1m200&amp#27;[0m&amp#27;[32m OK Status with response body&amp#27;[0m                    &amp#27;[90m# stepDefinition.ProgramStepDefinition.admin_receives_ok_status_with_response_body(java.lang.Integer)&amp#27;[0m
]]></system-out>
  </testcase>
  <testcase name="runScenario[&quot;Admin creates a program with valid request body and authorization&quot;, &quot;Program Module API - Add New Program&quot;](3)" classname="runner.TestRunner" time="0.012">
    <system-out><![CDATA[
@authToken @postprogram
Scenario: Admin creates a program with valid request body and authorization &amp#27;[90m# src/test/resources/feature/program.feature:15&amp#27;[0m
  &amp#27;[32mGiven &amp#27;[0m&amp#27;[32mAdmin sets Authorization to Bearer Token&amp#27;[0m                            &amp#27;[90m# stepDefinition.ProgramStepDefinition.admin_sets_authorization_to_bearer_token()&amp#27;[0m
  &amp#27;[32mGiven &amp#27;[0m&amp#27;[32mAdmin creates POST Request with valid request body&amp#27;[0m                  &amp#27;[90m# stepDefinition.ProgramStepDefinition.admin_creates_post_request_with_valid_request_body()&amp#27;[0m
  &amp#27;[32mWhen &amp#27;[0m&amp#27;[32mAdmin sends a HTTPS request to the valid endpoint&amp#27;[0m                    &amp#27;[90m# stepDefinition.ProgramStepDefinition.admin_sends_a_https_request_to_the_valid_endpoint()&amp#27;[0m
  &amp#27;[32mThen &amp#27;[0m&amp#27;[32mAdmin receives &amp#27;[0m&amp#27;[32m&amp#27;[1m201&amp#27;[0m&amp#27;[32m Created Status with response body&amp#27;[0m                 &amp#27;[90m# stepDefinition.ProgramStepDefinition.admin_receives_created_status_with_response_body(java.lang.Integer)&amp#27;[0m
]]></system-out>
  </testcase>
</testsuite>