<?xml version="1.0" encoding="UTF-8"?>
<testng-results ignored="0" total="105" passed="83" failed="22" skipped="0">
  <reporter-output>
  </reporter-output>
  <suite started-at="2026-05-05T17:00:50 EDT" name="Default suite" finished-at="2026-05-05T17:01:58 EDT" duration-ms="67243">
    <groups>
      <group name="cucumber">
        <method signature="AbstractTestNGCucumberTests.runScenario(io.cucumber.testng.PickleWrapper,io.cucumber.testng.FeatureWrapper)[pri:0, instance:runner.TestRunner@7fb4f2a9]" name="runScenario" class="io.cucumber.testng.AbstractTestNGCucumberTests"/>
      </group> <!-- cucumber -->
    </groups>
    <test started-at="2026-05-05T17:00:50 EDT" name="Default test" finished-at="2026-05-05T17:01:58 EDT" duration-ms="67243">
      <class name="runner.TestRunner">
        <test-method is-config="true" signature="setUpClass(org.testng.ITestContext)[pri:0, instance:runner.TestRunner@7fb4f2a9]" started-at="2026-05-05T17:00:50 EDT" name="setUpClass" finished-at="2026-05-05T17:00:52 EDT" duration-ms="1927" status="PASS">
          <params>
            <param index="0">
              <value>
                <![CDATA[org.testng.TestRunner@23b456ac]]>
              </value>
            </param>
          </params>
          <reporter-output>
          </reporter-output>
        </test-method> <!-- setUpClass -->
        <test-method signature="runScenario(io.cucumber.testng.PickleWrapper,io.cucumber.testng.FeatureWrapper)[pri:0, instance:runner.TestRunner@7fb4f2a9]" started-at="2026-05-05T17:00:52 EDT" name="runScenario" description="Runs Cucumber Scenarios" data-provider="scenarios" finished-at="2026-05-05T17:01:13 EDT" duration-ms="20208" status="FAIL">
          <params>
            <param index="0">
              <value>
                <![CDATA["Admin generates token with valid credential for the login API"]]>
              </value>
            </param>
            <param index="1">
              <value>
                <![CDATA["User Sign In and forgot Password API"]]>
              </value>
            </param>
          </params>
          <exception class="java.lang.AssertionError">
            <message>
              <![CDATA[API response time is greater than 3000 expected [true] but found [false]]]>
            </message>
            <full-stacktrace>
              <![CDATA[java.lang.AssertionError: API response time is greater than 3000 expected [true] but found [false]
at org.testng.Assert.fail(Assert.java:111)
at org.testng.Assert.failNotEquals(Assert.java:1590)
at org.testng.Assert.assertTrue(Assert.java:57)
at stepDefinition.loginStepDefinition.admin_validates_login_api_response_time(loginStepDefinition.java:92)
at ✽.Admin validates Login API response time(file:///C:/Users/Happy%20Family/eclipse-workspace/Team06_APITitanRestAssured/src/test/resources/feature/01-login.feature:13)
]]>
            </full-stacktrace>
          </exception> <!-- java.lang.AssertionError -->
          <reporter-output>
          </reporter-output>
        </test-method> <!-- runScenario -->
        <test-method signature="runScenario(io.cucumber.testng.PickleWrapper,io.cucumber.testng.FeatureWrapper)[pri:0, instance:runner.TestRunner@7fb4f2a9]" started-at="2026-05-05T17:01:13 EDT" name="runScenario" description="Runs Cucumber Scenarios" data-provider="scenarios" finished-at="2026-05-05T17:01:13 EDT" duration-ms="601" status="PASS">
          <params>
            <param index="0">
              <value>
                <![CDATA["Validate Negative login API scenarios"]]>
              </value>
            </param>
            <param index="1">
              <value>
                <![CDATA["User Sign In and forgot Password API"]]>
              </value>
            </param>
          </params>
          <reporter-output>
          </reporter-output>
        </test-method> <!-- runScenario -->
        <test-method signature="runScenario(io.cucumber.testng.PickleWrapper,io.cucumber.testng.FeatureWrapper)[pri:0, instance:runner.TestRunner@7fb4f2a9]" started-at="2026-05-05T17:01:13 EDT" name="runScenario" description="Runs Cucumber Scenarios" data-provider="scenarios" finished-at="2026-05-05T17:01:14 EDT" duration-ms="1136" status="PASS">
          <params>
            <param index="0">
              <value>
                <![CDATA["Validate Negative login API scenarios"]]>
              </value>
            </param>
            <param index="1">
              <value>
                <![CDATA["User Sign In and forgot Password API"]]>
              </value>
            </param>
          </params>
          <reporter-output>
          </reporter-output>
        </test-method> <!-- runScenario -->
        <test-method signature="runScenario(io.cucumber.testng.PickleWrapper,io.cucumber.testng.FeatureWrapper)[pri:0, instance:runner.TestRunner@7fb4f2a9]" started-at="2026-05-05T17:01:14 EDT" name="runScenario" description="Runs Cucumber Scenarios" data-provider="scenarios" finished-at="2026-05-05T17:01:15 EDT" duration-ms="379" status="PASS">
          <params>
            <param index="0">
              <value>
                <![CDATA["Validate Negative login API scenarios"]]>
              </value>
            </param>
            <param index="1">
              <value>
                <![CDATA["User Sign In and forgot Password API"]]>
              </value>
            </param>
          </params>
          <reporter-output>
          </reporter-output>
        </test-method> <!-- runScenario -->
        <test-method signature="runScenario(io.cucumber.testng.PickleWrapper,io.cucumber.testng.FeatureWrapper)[pri:0, instance:runner.TestRunner@7fb4f2a9]" started-at="2026-05-05T17:01:15 EDT" name="runScenario" description="Runs Cucumber Scenarios" data-provider="scenarios" finished-at="2026-05-05T17:01:15 EDT" duration-ms="325" status="PASS">
          <params>
            <param index="0">
              <value>
                <![CDATA["Validate Negative login API scenarios"]]>
              </value>
            </param>
            <param index="1">
              <value>
                <![CDATA["User Sign In and forgot Password API"]]>
              </value>
            </param>
          </params>
          <reporter-output>
          </reporter-output>
        </test-method> <!-- runScenario -->
        <test-method signature="runScenario(io.cucumber.testng.PickleWrapper,io.cucumber.testng.FeatureWrapper)[pri:0, instance:runner.TestRunner@7fb4f2a9]" started-at="2026-05-05T17:01:15 EDT" name="runScenario" description="Runs Cucumber Scenarios" data-provider="scenarios" finished-at="2026-05-05T17:01:15 EDT" duration-ms="347" status="PASS">
          <params>
            <param index="0">
              <value>
                <![CDATA["Validate Negative login API scenarios"]]>
              </value>
            </param>
            <param index="1">
              <value>
                <![CDATA["User Sign In and forgot Password API"]]>
              </value>
            </param>
          </params>
          <reporter-output>
          </reporter-output>
        </test-method> <!-- runScenario -->
        <test-method signature="runScenario(io.cucumber.testng.PickleWrapper,io.cucumber.testng.FeatureWrapper)[pri:0, instance:runner.TestRunner@7fb4f2a9]" started-at="2026-05-05T17:01:15 EDT" name="runScenario" description="Runs Cucumber Scenarios" data-provider="scenarios" finished-at="2026-05-05T17:01:17 EDT" duration-ms="1574" status="PASS">
          <params>
            <param index="0">
              <value>
                <![CDATA["Validate Negative login API scenarios"]]>
              </value>
            </param>
            <param index="1">
              <value>
                <![CDATA["User Sign In and forgot Password API"]]>
              </value>
            </param>
          </params>
          <reporter-output>
          </reporter-output>
        </test-method> <!-- runScenario -->
        <test-method signature="runScenario(io.cucumber.testng.PickleWrapper,io.cucumber.testng.FeatureWrapper)[pri:0, instance:runner.TestRunner@7fb4f2a9]" started-at="2026-05-05T17:01:17 EDT" name="runScenario" description="Runs Cucumber Scenarios" data-provider="scenarios" finished-at="2026-05-05T17:01:17 EDT" duration-ms="367" status="PASS">
          <params>
            <param index="0">
              <value>
                <![CDATA["Validate Negative login API scenarios"]]>
              </value>
            </param>
            <param index="1">
              <value>
                <![CDATA["User Sign In and forgot Password API"]]>
              </value>
            </param>
          </params>
          <reporter-output>
          </reporter-output>
        </test-method> <!-- runScenario -->
        <test-method signature="runScenario(io.cucumber.testng.PickleWrapper,io.cucumber.testng.FeatureWrapper)[pri:0, instance:runner.TestRunner@7fb4f2a9]" started-at="2026-05-05T17:01:17 EDT" name="runScenario" description="Runs Cucumber Scenarios" data-provider="scenarios" finished-at="2026-05-05T17:01:18 EDT" duration-ms="381" status="PASS">
          <params>
            <param index="0">
              <value>
                <![CDATA["Validate Negative login API scenarios"]]>
              </value>
            </param>
            <param index="1">
              <value>
                <![CDATA["User Sign In and forgot Password API"]]>
              </value>
            </param>
          </params>
          <reporter-output>
          </reporter-output>
        </test-method> <!-- runScenario -->
        <test-method signature="runScenario(io.cucumber.testng.PickleWrapper,io.cucumber.testng.FeatureWrapper)[pri:0, instance:runner.TestRunner@7fb4f2a9]" started-at="2026-05-05T17:01:18 EDT" name="runScenario" description="Runs Cucumber Scenarios" data-provider="scenarios" finished-at="2026-05-05T17:01:18 EDT" duration-ms="289" status="PASS">
          <params>
            <param index="0">
              <value>
                <![CDATA["Validate Negative login API scenarios"]]>
              </value>
            </param>
            <param index="1">
              <value>
                <![CDATA["User Sign In and forgot Password API"]]>
              </value>
            </param>
          </params>
          <reporter-output>
          </reporter-output>
        </test-method> <!-- runScenario -->
        <test-method signature="runScenario(io.cucumber.testng.PickleWrapper,io.cucumber.testng.FeatureWrapper)[pri:0, instance:runner.TestRunner@7fb4f2a9]" started-at="2026-05-05T17:01:18 EDT" name="runScenario" description="Runs Cucumber Scenarios" data-provider="scenarios" finished-at="2026-05-05T17:01:18 EDT" duration-ms="374" status="PASS">
          <params>
            <param index="0">
              <value>
                <![CDATA["Validate Negative login API scenarios"]]>
              </value>
            </param>
            <param index="1">
              <value>
                <![CDATA["User Sign In and forgot Password API"]]>
              </value>
            </param>
          </params>
          <reporter-output>
          </reporter-output>
        </test-method> <!-- runScenario -->
        <test-method signature="runScenario(io.cucumber.testng.PickleWrapper,io.cucumber.testng.FeatureWrapper)[pri:0, instance:runner.TestRunner@7fb4f2a9]" started-at="2026-05-05T17:01:18 EDT" name="runScenario" description="Runs Cucumber Scenarios" data-provider="scenarios" finished-at="2026-05-05T17:01:19 EDT" duration-ms="347" status="PASS">
          <params>
            <param index="0">
              <value>
                <![CDATA["Validate Negative login API scenarios"]]>
              </value>
            </param>
            <param index="1">
              <value>
                <![CDATA["User Sign In and forgot Password API"]]>
              </value>
            </param>
          </params>
          <reporter-output>
          </reporter-output>
        </test-method> <!-- runScenario -->
        <test-method signature="runScenario(io.cucumber.testng.PickleWrapper,io.cucumber.testng.FeatureWrapper)[pri:0, instance:runner.TestRunner@7fb4f2a9]" started-at="2026-05-05T17:01:19 EDT" name="runScenario" description="Runs Cucumber Scenarios" data-provider="scenarios" finished-at="2026-05-05T17:01:19 EDT" duration-ms="340" status="PASS">
          <params>
            <param index="0">
              <value>
                <![CDATA["Validate Negative login API scenarios"]]>
              </value>
            </param>
            <param index="1">
              <value>
                <![CDATA["User Sign In and forgot Password API"]]>
              </value>
            </param>
          </params>
          <reporter-output>
          </reporter-output>
        </test-method> <!-- runScenario -->
        <test-method signature="runScenario(io.cucumber.testng.PickleWrapper,io.cucumber.testng.FeatureWrapper)[pri:0, instance:runner.TestRunner@7fb4f2a9]" started-at="2026-05-05T17:01:19 EDT" name="runScenario" description="Runs Cucumber Scenarios" data-provider="scenarios" finished-at="2026-05-05T17:01:19 EDT" duration-ms="290" status="PASS">
          <params>
            <param index="0">
              <value>
                <![CDATA["Validate Negative login API scenarios"]]>
              </value>
            </param>
            <param index="1">
              <value>
                <![CDATA["User Sign In and forgot Password API"]]>
              </value>
            </param>
          </params>
          <reporter-output>
          </reporter-output>
        </test-method> <!-- runScenario -->
        <test-method signature="runScenario(io.cucumber.testng.PickleWrapper,io.cucumber.testng.FeatureWrapper)[pri:0, instance:runner.TestRunner@7fb4f2a9]" started-at="2026-05-05T17:01:19 EDT" name="runScenario" description="Runs Cucumber Scenarios" data-provider="scenarios" finished-at="2026-05-05T17:01:20 EDT" duration-ms="262" status="PASS">
          <params>
            <param index="0">
              <value>
                <![CDATA["Validate Negative login API scenarios"]]>
              </value>
            </param>
            <param index="1">
              <value>
                <![CDATA["User Sign In and forgot Password API"]]>
              </value>
            </param>
          </params>
          <reporter-output>
          </reporter-output>
        </test-method> <!-- runScenario -->
        <test-method signature="runScenario(io.cucumber.testng.PickleWrapper,io.cucumber.testng.FeatureWrapper)[pri:0, instance:runner.TestRunner@7fb4f2a9]" started-at="2026-05-05T17:01:20 EDT" name="runScenario" description="Runs Cucumber Scenarios" data-provider="scenarios" finished-at="2026-05-05T17:01:21 EDT" duration-ms="1563" status="PASS">
          <params>
            <param index="0">
              <value>
                <![CDATA["Validate Forgot Password Confirm email LoginAPI scenarios"]]>
              </value>
            </param>
            <param index="1">
              <value>
                <![CDATA["User Sign In and forgot Password API"]]>
              </value>
            </param>
          </params>
          <reporter-output>
          </reporter-output>
        </test-method> <!-- runScenario -->
        <test-method signature="runScenario(io.cucumber.testng.PickleWrapper,io.cucumber.testng.FeatureWrapper)[pri:0, instance:runner.TestRunner@7fb4f2a9]" started-at="2026-05-05T17:01:21 EDT" name="runScenario" description="Runs Cucumber Scenarios" data-provider="scenarios" finished-at="2026-05-05T17:01:21 EDT" duration-ms="275" status="PASS">
          <params>
            <param index="0">
              <value>
                <![CDATA["Validate Forgot Password Confirm email LoginAPI scenarios"]]>
              </value>
            </param>
            <param index="1">
              <value>
                <![CDATA["User Sign In and forgot Password API"]]>
              </value>
            </param>
          </params>
          <reporter-output>
          </reporter-output>
        </test-method> <!-- runScenario -->
        <test-method signature="runScenario(io.cucumber.testng.PickleWrapper,io.cucumber.testng.FeatureWrapper)[pri:0, instance:runner.TestRunner@7fb4f2a9]" started-at="2026-05-05T17:01:21 EDT" name="runScenario" description="Runs Cucumber Scenarios" data-provider="scenarios" finished-at="2026-05-05T17:01:22 EDT" duration-ms="264" status="PASS">
          <params>
            <param index="0">
              <value>
                <![CDATA["Validate Forgot Password Confirm email LoginAPI scenarios"]]>
              </value>
            </param>
            <param index="1">
              <value>
                <![CDATA["User Sign In and forgot Password API"]]>
              </value>
            </param>
          </params>
          <reporter-output>
          </reporter-output>
        </test-method> <!-- runScenario -->
        <test-method signature="runScenario(io.cucumber.testng.PickleWrapper,io.cucumber.testng.FeatureWrapper)[pri:0, instance:runner.TestRunner@7fb4f2a9]" started-at="2026-05-05T17:01:22 EDT" name="runScenario" description="Runs Cucumber Scenarios" data-provider="scenarios" finished-at="2026-05-05T17:01:22 EDT" duration-ms="255" status="PASS">
          <params>
            <param index="0">
              <value>
                <![CDATA["Validate Forgot Password Confirm email LoginAPI scenarios"]]>
              </value>
            </param>
            <param index="1">
              <value>
                <![CDATA["User Sign In and forgot Password API"]]>
              </value>
            </param>
          </params>
          <reporter-output>
          </reporter-output>
        </test-method> <!-- runScenario -->
        <test-method signature="runScenario(io.cucumber.testng.PickleWrapper,io.cucumber.testng.FeatureWrapper)[pri:0, instance:runner.TestRunner@7fb4f2a9]" started-at="2026-05-05T17:01:22 EDT" name="runScenario" description="Runs Cucumber Scenarios" data-provider="scenarios" finished-at="2026-05-05T17:01:22 EDT" duration-ms="226" status="PASS">
          <params>
            <param index="0">
              <value>
                <![CDATA["Validate Forgot Password Confirm email LoginAPI scenarios"]]>
              </value>
            </param>
            <param index="1">
              <value>
                <![CDATA["User Sign In and forgot Password API"]]>
              </value>
            </param>
          </params>
          <reporter-output>
          </reporter-output>
        </test-method> <!-- runScenario -->
        <test-method signature="runScenario(io.cucumber.testng.PickleWrapper,io.cucumber.testng.FeatureWrapper)[pri:0, instance:runner.TestRunner@7fb4f2a9]" started-at="2026-05-05T17:01:22 EDT" name="runScenario" description="Runs Cucumber Scenarios" data-provider="scenarios" finished-at="2026-05-05T17:01:23 EDT" duration-ms="887" status="PASS">
          <params>
            <param index="0">
              <value>
                <![CDATA["Validate Forgot Password Confirm email LoginAPI scenarios"]]>
              </value>
            </param>
            <param index="1">
              <value>
                <![CDATA["User Sign In and forgot Password API"]]>
              </value>
            </param>
          </params>
          <reporter-output>
          </reporter-output>
        </test-method> <!-- runScenario -->
        <test-method signature="runScenario(io.cucumber.testng.PickleWrapper,io.cucumber.testng.FeatureWrapper)[pri:0, instance:runner.TestRunner@7fb4f2a9]" started-at="2026-05-05T17:01:23 EDT" name="runScenario" description="Runs Cucumber Scenarios" data-provider="scenarios" finished-at="2026-05-05T17:01:23 EDT" duration-ms="229" status="PASS">
          <params>
            <param index="0">
              <value>
                <![CDATA["Validate Forgot Password Confirm email LoginAPI scenarios"]]>
              </value>
            </param>
            <param index="1">
              <value>
                <![CDATA["User Sign In and forgot Password API"]]>
              </value>
            </param>
          </params>
          <reporter-output>
          </reporter-output>
        </test-method> <!-- runScenario -->
        <test-method signature="runScenario(io.cucumber.testng.PickleWrapper,io.cucumber.testng.FeatureWrapper)[pri:0, instance:runner.TestRunner@7fb4f2a9]" started-at="2026-05-05T17:01:23 EDT" name="runScenario" description="Runs Cucumber Scenarios" data-provider="scenarios" finished-at="2026-05-05T17:01:24 EDT" duration-ms="265" status="PASS">
          <params>
            <param index="0">
              <value>
                <![CDATA["Validate Forgot Password Confirm email LoginAPI scenarios"]]>
              </value>
            </param>
            <param index="1">
              <value>
                <![CDATA["User Sign In and forgot Password API"]]>
              </value>
            </param>
          </params>
          <reporter-output>
          </reporter-output>
        </test-method> <!-- runScenario -->
        <test-method signature="runScenario(io.cucumber.testng.PickleWrapper,io.cucumber.testng.FeatureWrapper)[pri:0, instance:runner.TestRunner@7fb4f2a9]" started-at="2026-05-05T17:01:24 EDT" name="runScenario" description="Runs Cucumber Scenarios" data-provider="scenarios" finished-at="2026-05-05T17:01:26 EDT" duration-ms="2019" status="PASS">
          <params>
            <param index="0">
              <value>
                <![CDATA["Admin retrieves all programs with valid endpoint"]]>
              </value>
            </param>
            <param index="1">
              <value>
                <![CDATA["Program Module API - Get API Create API Update API and delete Program API"]]>
              </value>
            </param>
          </params>
          <reporter-output>
          </reporter-output>
        </test-method> <!-- runScenario -->
        <test-method signature="runScenario(io.cucumber.testng.PickleWrapper,io.cucumber.testng.FeatureWrapper)[pri:0, instance:runner.TestRunner@7fb4f2a9]" started-at="2026-05-05T17:01:26 EDT" name="runScenario" description="Runs Cucumber Scenarios" data-provider="scenarios" finished-at="2026-05-05T17:01:26 EDT" duration-ms="582" status="PASS">
          <params>
            <param index="0">
              <value>
                <![CDATA["Admin creates a program with valid request body and authorization"]]>
              </value>
            </param>
            <param index="1">
              <value>
                <![CDATA["Program Module API - Get API Create API Update API and delete Program API"]]>
              </value>
            </param>
          </params>
          <reporter-output>
          </reporter-output>
        </test-method> <!-- runScenario -->
        <test-method signature="runScenario(io.cucumber.testng.PickleWrapper,io.cucumber.testng.FeatureWrapper)[pri:0, instance:runner.TestRunner@7fb4f2a9]" started-at="2026-05-05T17:01:26 EDT" name="runScenario" description="Runs Cucumber Scenarios" data-provider="scenarios" finished-at="2026-05-05T17:01:27 EDT" duration-ms="1220" status="PASS">
          <params>
            <param index="0">
              <value>
                <![CDATA["Validate Program GET API scenarios"]]>
              </value>
            </param>
            <param index="1">
              <value>
                <![CDATA["Program Module API - Get API Create API Update API and delete Program API"]]>
              </value>
            </param>
          </params>
          <reporter-output>
          </reporter-output>
        </test-method> <!-- runScenario -->
        <test-method signature="runScenario(io.cucumber.testng.PickleWrapper,io.cucumber.testng.FeatureWrapper)[pri:0, instance:runner.TestRunner@7fb4f2a9]" started-at="2026-05-05T17:01:27 EDT" name="runScenario" description="Runs Cucumber Scenarios" data-provider="scenarios" finished-at="2026-05-05T17:01:28 EDT" duration-ms="232" status="PASS">
          <params>
            <param index="0">
              <value>
                <![CDATA["Validate Program GET API scenarios"]]>
              </value>
            </param>
            <param index="1">
              <value>
                <![CDATA["Program Module API - Get API Create API Update API and delete Program API"]]>
              </value>
            </param>
          </params>
          <reporter-output>
          </reporter-output>
        </test-method> <!-- runScenario -->
        <test-method signature="runScenario(io.cucumber.testng.PickleWrapper,io.cucumber.testng.FeatureWrapper)[pri:0, instance:runner.TestRunner@7fb4f2a9]" started-at="2026-05-05T17:01:28 EDT" name="runScenario" description="Runs Cucumber Scenarios" data-provider="scenarios" finished-at="2026-05-05T17:01:28 EDT" duration-ms="215" status="PASS">
          <params>
            <param index="0">
              <value>
                <![CDATA["Validate Program GET API scenarios"]]>
              </value>
            </param>
            <param index="1">
              <value>
                <![CDATA["Program Module API - Get API Create API Update API and delete Program API"]]>
              </value>
            </param>
          </params>
          <reporter-output>
          </reporter-output>
        </test-method> <!-- runScenario -->
        <test-method signature="runScenario(io.cucumber.testng.PickleWrapper,io.cucumber.testng.FeatureWrapper)[pri:0, instance:runner.TestRunner@7fb4f2a9]" started-at="2026-05-05T17:01:28 EDT" name="runScenario" description="Runs Cucumber Scenarios" data-provider="scenarios" finished-at="2026-05-05T17:01:28 EDT" duration-ms="220" status="PASS">
          <params>
            <param index="0">
              <value>
                <![CDATA["Validate Program GET API scenarios"]]>
              </value>
            </param>
            <param index="1">
              <value>
                <![CDATA["Program Module API - Get API Create API Update API and delete Program API"]]>
              </value>
            </param>
          </params>
          <reporter-output>
          </reporter-output>
        </test-method> <!-- runScenario -->
        <test-method signature="runScenario(io.cucumber.testng.PickleWrapper,io.cucumber.testng.FeatureWrapper)[pri:0, instance:runner.TestRunner@7fb4f2a9]" started-at="2026-05-05T17:01:28 EDT" name="runScenario" description="Runs Cucumber Scenarios" data-provider="scenarios" finished-at="2026-05-05T17:01:28 EDT" duration-ms="206" status="PASS">
          <params>
            <param index="0">
              <value>
                <![CDATA["Validate Program GET API scenarios"]]>
              </value>
            </param>
            <param index="1">
              <value>
                <![CDATA["Program Module API - Get API Create API Update API and delete Program API"]]>
              </value>
            </param>
          </params>
          <reporter-output>
          </reporter-output>
        </test-method> <!-- runScenario -->
        <test-method signature="runScenario(io.cucumber.testng.PickleWrapper,io.cucumber.testng.FeatureWrapper)[pri:0, instance:runner.TestRunner@7fb4f2a9]" started-at="2026-05-05T17:01:28 EDT" name="runScenario" description="Runs Cucumber Scenarios" data-provider="scenarios" finished-at="2026-05-05T17:01:29 EDT" duration-ms="807" status="PASS">
          <params>
            <param index="0">
              <value>
                <![CDATA["Validate Program GET API scenarios"]]>
              </value>
            </param>
            <param index="1">
              <value>
                <![CDATA["Program Module API - Get API Create API Update API and delete Program API"]]>
              </value>
            </param>
          </params>
          <reporter-output>
          </reporter-output>
        </test-method> <!-- runScenario -->
        <test-method signature="runScenario(io.cucumber.testng.PickleWrapper,io.cucumber.testng.FeatureWrapper)[pri:0, instance:runner.TestRunner@7fb4f2a9]" started-at="2026-05-05T17:01:29 EDT" name="runScenario" description="Runs Cucumber Scenarios" data-provider="scenarios" finished-at="2026-05-05T17:01:29 EDT" duration-ms="216" status="PASS">
          <params>
            <param index="0">
              <value>
                <![CDATA["Validate Program GET API scenarios"]]>
              </value>
            </param>
            <param index="1">
              <value>
                <![CDATA["Program Module API - Get API Create API Update API and delete Program API"]]>
              </value>
            </param>
          </params>
          <reporter-output>
          </reporter-output>
        </test-method> <!-- runScenario -->
        <test-method signature="runScenario(io.cucumber.testng.PickleWrapper,io.cucumber.testng.FeatureWrapper)[pri:0, instance:runner.TestRunner@7fb4f2a9]" started-at="2026-05-05T17:01:29 EDT" name="runScenario" description="Runs Cucumber Scenarios" data-provider="scenarios" finished-at="2026-05-05T17:01:30 EDT" duration-ms="213" status="PASS">
          <params>
            <param index="0">
              <value>
                <![CDATA["Validate Program GET API scenarios"]]>
              </value>
            </param>
            <param index="1">
              <value>
                <![CDATA["Program Module API - Get API Create API Update API and delete Program API"]]>
              </value>
            </param>
          </params>
          <reporter-output>
          </reporter-output>
        </test-method> <!-- runScenario -->
        <test-method signature="runScenario(io.cucumber.testng.PickleWrapper,io.cucumber.testng.FeatureWrapper)[pri:0, instance:runner.TestRunner@7fb4f2a9]" started-at="2026-05-05T17:01:30 EDT" name="runScenario" description="Runs Cucumber Scenarios" data-provider="scenarios" finished-at="2026-05-05T17:01:30 EDT" duration-ms="225" status="PASS">
          <params>
            <param index="0">
              <value>
                <![CDATA["Validate Program GET API scenarios"]]>
              </value>
            </param>
            <param index="1">
              <value>
                <![CDATA["Program Module API - Get API Create API Update API and delete Program API"]]>
              </value>
            </param>
          </params>
          <reporter-output>
          </reporter-output>
        </test-method> <!-- runScenario -->
        <test-method signature="runScenario(io.cucumber.testng.PickleWrapper,io.cucumber.testng.FeatureWrapper)[pri:0, instance:runner.TestRunner@7fb4f2a9]" started-at="2026-05-05T17:01:30 EDT" name="runScenario" description="Runs Cucumber Scenarios" data-provider="scenarios" finished-at="2026-05-05T17:01:30 EDT" duration-ms="215" status="PASS">
          <params>
            <param index="0">
              <value>
                <![CDATA["Validate Program GET API scenarios"]]>
              </value>
            </param>
            <param index="1">
              <value>
                <![CDATA["Program Module API - Get API Create API Update API and delete Program API"]]>
              </value>
            </param>
          </params>
          <reporter-output>
          </reporter-output>
        </test-method> <!-- runScenario -->
        <test-method signature="runScenario(io.cucumber.testng.PickleWrapper,io.cucumber.testng.FeatureWrapper)[pri:0, instance:runner.TestRunner@7fb4f2a9]" started-at="2026-05-05T17:01:30 EDT" name="runScenario" description="Runs Cucumber Scenarios" data-provider="scenarios" finished-at="2026-05-05T17:01:31 EDT" duration-ms="1099" status="FAIL">
          <params>
            <param index="0">
              <value>
                <![CDATA["Validate Program GET API scenarios"]]>
              </value>
            </param>
            <param index="1">
              <value>
                <![CDATA["Get all Program without Auth"]]>
              </value>
            </param>
          </params>
          <exception class="java.lang.AssertionError">
            <message>
              <![CDATA[expected [401] but found [200]]]>
            </message>
            <full-stacktrace>
              <![CDATA[java.lang.AssertionError: expected [401] but found [200]
at org.testng.Assert.fail(Assert.java:111)
at org.testng.Assert.failNotEquals(Assert.java:1590)
at org.testng.Assert.assertEqualsImpl(Assert.java:150)
at org.testng.Assert.assertEquals(Assert.java:132)
at org.testng.Assert.assertEquals(Assert.java:1431)
at org.testng.Assert.assertEquals(Assert.java:1461)
at stepDefinition.ProgramStepDefinition.admin_validates_get_response_for_in_program_api(ProgramStepDefinition.java:430)
at ✽.Admin validates GET response for "Get All Programs Without Auth" in program API(file:///C:/Users/Happy%20Family/eclipse-workspace/Team06_APITitanRestAssured/src/test/resources/feature/02programwithoutAuth.feature:9)
]]>
            </full-stacktrace>
          </exception> <!-- java.lang.AssertionError -->
          <reporter-output>
          </reporter-output>
        </test-method> <!-- runScenario -->
        <test-method signature="runScenario(io.cucumber.testng.PickleWrapper,io.cucumber.testng.FeatureWrapper)[pri:0, instance:runner.TestRunner@7fb4f2a9]" started-at="2026-05-05T17:01:31 EDT" name="runScenario" description="Runs Cucumber Scenarios" data-provider="scenarios" finished-at="2026-05-05T17:01:31 EDT" duration-ms="386" status="FAIL">
          <params>
            <param index="0">
              <value>
                <![CDATA["Validate Program GET API scenarios"]]>
              </value>
            </param>
            <param index="1">
              <value>
                <![CDATA["Get all Program without Auth"]]>
              </value>
            </param>
          </params>
          <exception class="java.lang.AssertionError">
            <message>
              <![CDATA[expected [401] but found [200]]]>
            </message>
            <full-stacktrace>
              <![CDATA[java.lang.AssertionError: expected [401] but found [200]
at org.testng.Assert.fail(Assert.java:111)
at org.testng.Assert.failNotEquals(Assert.java:1590)
at org.testng.Assert.assertEqualsImpl(Assert.java:150)
at org.testng.Assert.assertEquals(Assert.java:132)
at org.testng.Assert.assertEquals(Assert.java:1431)
at org.testng.Assert.assertEquals(Assert.java:1461)
at stepDefinition.ProgramStepDefinition.admin_validates_get_response_for_in_program_api(ProgramStepDefinition.java:430)
at ✽.Admin validates GET response for "Get Program By ID Without Auth" in program API(file:///C:/Users/Happy%20Family/eclipse-workspace/Team06_APITitanRestAssured/src/test/resources/feature/02programwithoutAuth.feature:9)
]]>
            </full-stacktrace>
          </exception> <!-- java.lang.AssertionError -->
          <reporter-output>
          </reporter-output>
        </test-method> <!-- runScenario -->
        <test-method signature="runScenario(io.cucumber.testng.PickleWrapper,io.cucumber.testng.FeatureWrapper)[pri:0, instance:runner.TestRunner@7fb4f2a9]" started-at="2026-05-05T17:01:31 EDT" name="runScenario" description="Runs Cucumber Scenarios" data-provider="scenarios" finished-at="2026-05-05T17:01:32 EDT" duration-ms="470" status="FAIL">
          <params>
            <param index="0">
              <value>
                <![CDATA["Validate Program GET API scenarios"]]>
              </value>
            </param>
            <param index="1">
              <value>
                <![CDATA["Get all Program without Auth"]]>
              </value>
            </param>
          </params>
          <exception class="java.lang.AssertionError">
            <message>
              <![CDATA[expected [401] but found [200]]]>
            </message>
            <full-stacktrace>
              <![CDATA[java.lang.AssertionError: expected [401] but found [200]
at org.testng.Assert.fail(Assert.java:111)
at org.testng.Assert.failNotEquals(Assert.java:1590)
at org.testng.Assert.assertEqualsImpl(Assert.java:150)
at org.testng.Assert.assertEquals(Assert.java:132)
at org.testng.Assert.assertEquals(Assert.java:1431)
at org.testng.Assert.assertEquals(Assert.java:1461)
at stepDefinition.ProgramStepDefinition.admin_validates_get_response_for_in_program_api(ProgramStepDefinition.java:430)
at ✽.Admin validates GET response for "Get All Programs With Users Without Auth" in program API(file:///C:/Users/Happy%20Family/eclipse-workspace/Team06_APITitanRestAssured/src/test/resources/feature/02programwithoutAuth.feature:9)
]]>
            </full-stacktrace>
          </exception> <!-- java.lang.AssertionError -->
          <reporter-output>
          </reporter-output>
        </test-method> <!-- runScenario -->
        <test-method signature="runScenario(io.cucumber.testng.PickleWrapper,io.cucumber.testng.FeatureWrapper)[pri:0, instance:runner.TestRunner@7fb4f2a9]" started-at="2026-05-05T17:01:32 EDT" name="runScenario" description="Runs Cucumber Scenarios" data-provider="scenarios" finished-at="2026-05-05T17:01:33 EDT" duration-ms="1556" status="PASS">
          <params>
            <param index="0">
              <value>
                <![CDATA["Admin retrieves all batches with valid endpoint"]]>
              </value>
            </param>
            <param index="1">
              <value>
                <![CDATA["GET All Batches[Get Operation]"]]>
              </value>
            </param>
          </params>
          <reporter-output>
          </reporter-output>
        </test-method> <!-- runScenario -->
        <test-method signature="runScenario(io.cucumber.testng.PickleWrapper,io.cucumber.testng.FeatureWrapper)[pri:0, instance:runner.TestRunner@7fb4f2a9]" started-at="2026-05-05T17:01:34 EDT" name="runScenario" description="Runs Cucumber Scenarios" data-provider="scenarios" finished-at="2026-05-05T17:01:34 EDT" duration-ms="285" status="PASS">
          <params>
            <param index="0">
              <value>
                <![CDATA["Admin retrieves all batches with invalid endpoint"]]>
              </value>
            </param>
            <param index="1">
              <value>
                <![CDATA["GET All Batches[Get Operation]"]]>
              </value>
            </param>
          </params>
          <reporter-output>
          </reporter-output>
        </test-method> <!-- runScenario -->
        <test-method signature="runScenario(io.cucumber.testng.PickleWrapper,io.cucumber.testng.FeatureWrapper)[pri:0, instance:runner.TestRunner@7fb4f2a9]" started-at="2026-05-05T17:01:34 EDT" name="runScenario" description="Runs Cucumber Scenarios" data-provider="scenarios" finished-at="2026-05-05T17:01:34 EDT" duration-ms="245" status="FAIL">
          <params>
            <param index="0">
              <value>
                <![CDATA["Admin retrieves all batches with invalid method"]]>
              </value>
            </param>
            <param index="1">
              <value>
                <![CDATA["GET All Batches[Get Operation]"]]>
              </value>
            </param>
          </params>
          <exception class="java.lang.AssertionError">
            <message>
              <![CDATA[expected [405] but found [400]]]>
            </message>
            <full-stacktrace>
              <![CDATA[java.lang.AssertionError: expected [405] but found [400]
at org.testng.Assert.fail(Assert.java:111)
at org.testng.Assert.failNotEquals(Assert.java:1590)
at org.testng.Assert.assertEqualsImpl(Assert.java:150)
at org.testng.Assert.assertEquals(Assert.java:132)
at org.testng.Assert.assertEquals(Assert.java:1431)
at org.testng.Assert.assertEquals(Assert.java:1395)
at org.testng.Assert.assertEquals(Assert.java:1441)
at stepDefinition.BatchStepDefiniton.admin_receives_method_not_allowed(BatchStepDefiniton.java:387)
at ✽.Admin receives 405 method not allowed(file:///C:/Users/Happy%20Family/eclipse-workspace/Team06_APITitanRestAssured/src/test/resources/feature/03-01GetAllBatches.feature:20)
]]>
            </full-stacktrace>
          </exception> <!-- java.lang.AssertionError -->
          <reporter-output>
          </reporter-output>
        </test-method> <!-- runScenario -->
        <test-method signature="runScenario(io.cucumber.testng.PickleWrapper,io.cucumber.testng.FeatureWrapper)[pri:0, instance:runner.TestRunner@7fb4f2a9]" started-at="2026-05-05T17:01:34 EDT" name="runScenario" description="Runs Cucumber Scenarios" data-provider="scenarios" finished-at="2026-05-05T17:01:35 EDT" duration-ms="682" status="FAIL">
          <params>
            <param index="0">
              <value>
                <![CDATA["Admin retrieves all batches with invalid content type"]]>
              </value>
            </param>
            <param index="1">
              <value>
                <![CDATA["GET All Batches[Get Operation]"]]>
              </value>
            </param>
          </params>
          <exception class="java.lang.AssertionError">
            <message>
              <![CDATA[expected [415] but found [403]]]>
            </message>
            <full-stacktrace>
              <![CDATA[java.lang.AssertionError: expected [415] but found [403]
at org.testng.Assert.fail(Assert.java:111)
at org.testng.Assert.failNotEquals(Assert.java:1590)
at org.testng.Assert.assertEqualsImpl(Assert.java:150)
at org.testng.Assert.assertEquals(Assert.java:132)
at org.testng.Assert.assertEquals(Assert.java:1431)
at org.testng.Assert.assertEquals(Assert.java:1395)
at org.testng.Assert.assertEquals(Assert.java:1441)
at stepDefinition.BatchStepDefiniton.admin_receives_unsupported_media_type(BatchStepDefiniton.java:353)
at ✽.Admin receives 415 unsupported media type(file:///C:/Users/Happy%20Family/eclipse-workspace/Team06_APITitanRestAssured/src/test/resources/feature/03-01GetAllBatches.feature:25)
]]>
            </full-stacktrace>
          </exception> <!-- java.lang.AssertionError -->
          <reporter-output>
          </reporter-output>
        </test-method> <!-- runScenario -->
        <test-method signature="runScenario(io.cucumber.testng.PickleWrapper,io.cucumber.testng.FeatureWrapper)[pri:0, instance:runner.TestRunner@7fb4f2a9]" started-at="2026-05-05T17:01:35 EDT" name="runScenario" description="Runs Cucumber Scenarios" data-provider="scenarios" finished-at="2026-05-05T17:01:35 EDT" duration-ms="275" status="PASS">
          <params>
            <param index="0">
              <value>
                <![CDATA["Admin creates batch with both mandatory and optional fields"]]>
              </value>
            </param>
            <param index="1">
              <value>
                <![CDATA["Add New Batch [Post Operation]"]]>
              </value>
            </param>
          </params>
          <reporter-output>
          </reporter-output>
        </test-method> <!-- runScenario -->
        <test-method signature="runScenario(io.cucumber.testng.PickleWrapper,io.cucumber.testng.FeatureWrapper)[pri:0, instance:runner.TestRunner@7fb4f2a9]" started-at="2026-05-05T17:01:35 EDT" name="runScenario" description="Runs Cucumber Scenarios" data-provider="scenarios" finished-at="2026-05-05T17:01:35 EDT" duration-ms="213" status="PASS">
          <params>
            <param index="0">
              <value>
                <![CDATA["Admin retrieves a batch with valid batch ID"]]>
              </value>
            </param>
            <param index="1">
              <value>
                <![CDATA["GET Batch by BatchId[Get Operation]"]]>
              </value>
            </param>
          </params>
          <reporter-output>
          </reporter-output>
        </test-method> <!-- runScenario -->
        <test-method signature="runScenario(io.cucumber.testng.PickleWrapper,io.cucumber.testng.FeatureWrapper)[pri:0, instance:runner.TestRunner@7fb4f2a9]" started-at="2026-05-05T17:01:35 EDT" name="runScenario" description="Runs Cucumber Scenarios" data-provider="scenarios" finished-at="2026-05-05T17:01:35 EDT" duration-ms="212" status="PASS">
          <params>
            <param index="0">
              <value>
                <![CDATA["Admin deletes a batch with valid batch id"]]>
              </value>
            </param>
            <param index="1">
              <value>
                <![CDATA["GET Batch by BatchId[Get Operation]"]]>
              </value>
            </param>
          </params>
          <reporter-output>
          </reporter-output>
        </test-method> <!-- runScenario -->
        <test-method signature="runScenario(io.cucumber.testng.PickleWrapper,io.cucumber.testng.FeatureWrapper)[pri:0, instance:runner.TestRunner@7fb4f2a9]" started-at="2026-05-05T17:01:35 EDT" name="runScenario" description="Runs Cucumber Scenarios" data-provider="scenarios" finished-at="2026-05-05T17:01:36 EDT" duration-ms="213" status="PASS">
          <params>
            <param index="0">
              <value>
                <![CDATA["Admin retrieves a batch with inactive batch ID"]]>
              </value>
            </param>
            <param index="1">
              <value>
                <![CDATA["GET Batch by BatchId[Get Operation]"]]>
              </value>
            </param>
          </params>
          <reporter-output>
          </reporter-output>
        </test-method> <!-- runScenario -->
        <test-method signature="runScenario(io.cucumber.testng.PickleWrapper,io.cucumber.testng.FeatureWrapper)[pri:0, instance:runner.TestRunner@7fb4f2a9]" started-at="2026-05-05T17:01:36 EDT" name="runScenario" description="Runs Cucumber Scenarios" data-provider="scenarios" finished-at="2026-05-05T17:01:36 EDT" duration-ms="206" status="PASS">
          <params>
            <param index="0">
              <value>
                <![CDATA["Admin retrieves a batch with invalid batch ID"]]>
              </value>
            </param>
            <param index="1">
              <value>
                <![CDATA["GET Batch by BatchId[Get Operation]"]]>
              </value>
            </param>
          </params>
          <reporter-output>
          </reporter-output>
        </test-method> <!-- runScenario -->
        <test-method signature="runScenario(io.cucumber.testng.PickleWrapper,io.cucumber.testng.FeatureWrapper)[pri:0, instance:runner.TestRunner@7fb4f2a9]" started-at="2026-05-05T17:01:36 EDT" name="runScenario" description="Runs Cucumber Scenarios" data-provider="scenarios" finished-at="2026-05-05T17:01:36 EDT" duration-ms="248" status="PASS">
          <params>
            <param index="0">
              <value>
                <![CDATA["Admin retrieves a batch by batch id with invalid endpoint"]]>
              </value>
            </param>
            <param index="1">
              <value>
                <![CDATA["GET Batch by BatchId[Get Operation]"]]>
              </value>
            </param>
          </params>
          <reporter-output>
          </reporter-output>
        </test-method> <!-- runScenario -->
        <test-method signature="runScenario(io.cucumber.testng.PickleWrapper,io.cucumber.testng.FeatureWrapper)[pri:0, instance:runner.TestRunner@7fb4f2a9]" started-at="2026-05-05T17:01:36 EDT" name="runScenario" description="Runs Cucumber Scenarios" data-provider="scenarios" finished-at="2026-05-05T17:01:36 EDT" duration-ms="254" status="PASS">
          <params>
            <param index="0">
              <value>
                <![CDATA["Admin retrieves a batch by batch id with invalid method"]]>
              </value>
            </param>
            <param index="1">
              <value>
                <![CDATA["GET Batch by BatchId[Get Operation]"]]>
              </value>
            </param>
          </params>
          <reporter-output>
          </reporter-output>
        </test-method> <!-- runScenario -->
        <test-method signature="runScenario(io.cucumber.testng.PickleWrapper,io.cucumber.testng.FeatureWrapper)[pri:0, instance:runner.TestRunner@7fb4f2a9]" started-at="2026-05-05T17:01:36 EDT" name="runScenario" description="Runs Cucumber Scenarios" data-provider="scenarios" finished-at="2026-05-05T17:01:36 EDT" duration-ms="70" status="FAIL">
          <params>
            <param index="0">
              <value>
                <![CDATA["Admin retrieves a batch by batch id with invalid content type"]]>
              </value>
            </param>
            <param index="1">
              <value>
                <![CDATA["GET Batch by BatchId[Get Operation]"]]>
              </value>
            </param>
          </params>
          <exception class="java.lang.IllegalArgumentException">
            <message>
              <![CDATA[Invalid number of path parameters. Expected 1, was 0. Undefined path parameters are: batchId.]]>
            </message>
            <full-stacktrace>
              <![CDATA[java.lang.IllegalArgumentException: Invalid number of path parameters. Expected 1, was 0. Undefined path parameters are: batchId.
at java.base/jdk.internal.reflect.DirectConstructorHandleAccessor.newInstance(DirectConstructorHandleAccessor.java:62)
at java.base/java.lang.reflect.Constructor.newInstanceWithCaller(Constructor.java:499)
at java.base/java.lang.reflect.Constructor.newInstance(Constructor.java:483)
at org.codehaus.groovy.reflection.CachedConstructor.invoke(CachedConstructor.java:73)
at org.codehaus.groovy.reflection.CachedConstructor.doConstructorInvoke(CachedConstructor.java:60)
at org.codehaus.groovy.runtime.callsite.ConstructorSite$ConstructorSiteNoUnwrap.callConstructor(ConstructorSite.java:86)
at org.codehaus.groovy.runtime.callsite.CallSiteArray.defaultCallConstructor(CallSiteArray.java:57)
at org.codehaus.groovy.runtime.callsite.AbstractCallSite.callConstructor(AbstractCallSite.java:263)
at org.codehaus.groovy.runtime.callsite.AbstractCallSite.callConstructor(AbstractCallSite.java:277)
at io.restassured.internal.RequestSpecificationImpl.assertCorrectNumberOfPathParams(RequestSpecificationImpl.groovy:1277)
at java.base/jdk.internal.reflect.DirectMethodHandleAccessor.invoke(DirectMethodHandleAccessor.java:104)
at java.base/java.lang.reflect.Method.invoke(Method.java:565)
at org.codehaus.groovy.reflection.CachedMethod.invoke(CachedMethod.java:343)
at groovy.lang.MetaMethod.doMethodInvoke(MetaMethod.java:328)
at groovy.lang.MetaClassImpl.doInvokeMethod(MetaClassImpl.java:1333)
at groovy.lang.MetaClassImpl.invokeMethod(MetaClassImpl.java:1088)
at groovy.lang.MetaClassImpl.invokeMethod(MetaClassImpl.java:1007)
at groovy.lang.MetaClassImpl.invokeMethod(MetaClassImpl.java:790)
at io.restassured.internal.RequestSpecificationImpl.invokeMethod(RequestSpecificationImpl.groovy)
at org.codehaus.groovy.runtime.callsite.PogoInterceptableSite.call(PogoInterceptableSite.java:46)
at org.codehaus.groovy.runtime.callsite.PogoInterceptableSite.callCurrent(PogoInterceptableSite.java:57)
at org.codehaus.groovy.runtime.callsite.AbstractCallSite.callCurrent(AbstractCallSite.java:176)
at io.restassured.internal.RequestSpecificationImpl.sendRequest(RequestSpecificationImpl.groovy:1161)
at io.restassured.internal.RequestSpecificationImpl.this$2$sendRequest(RequestSpecificationImpl.groovy)
at java.base/jdk.internal.reflect.DirectMethodHandleAccessor.invoke(DirectMethodHandleAccessor.java:104)
at java.base/java.lang.reflect.Method.invoke(Method.java:565)
at org.codehaus.groovy.reflection.CachedMethod.invoke(CachedMethod.java:343)
at groovy.lang.MetaMethod.doMethodInvoke(MetaMethod.java:328)
at groovy.lang.MetaClassImpl.doInvokeMethod(MetaClassImpl.java:1333)
at groovy.lang.MetaClassImpl.invokeMethod(MetaClassImpl.java:1088)
at groovy.lang.MetaClassImpl.invokeMethod(MetaClassImpl.java:1007)
at groovy.lang.MetaClassImpl.invokeMethod(MetaClassImpl.java:790)
at io.restassured.internal.RequestSpecificationImpl.invokeMethod(RequestSpecificationImpl.groovy)
at org.codehaus.groovy.runtime.callsite.PogoInterceptableSite.call(PogoInterceptableSite.java:46)
at org.codehaus.groovy.runtime.callsite.AbstractCallSite.call(AbstractCallSite.java:166)
at io.restassured.internal.filter.SendRequestFilter.filter(SendRequestFilter.groovy:30)
at io.restassured.filter.Filter$filter$0.call(Unknown Source)
at org.codehaus.groovy.runtime.callsite.CallSiteArray.defaultCall(CallSiteArray.java:45)
at io.restassured.filter.Filter$filter.call(Unknown Source)
at io.restassured.internal.filter.FilterContextImpl.next(FilterContextImpl.groovy:72)
at io.restassured.filter.time.TimingFilter.filter(TimingFilter.java:56)
at io.restassured.filter.Filter$filter.call(Unknown Source)
at org.codehaus.groovy.runtime.callsite.CallSiteArray.defaultCall(CallSiteArray.java:45)
at io.restassured.filter.Filter$filter$0.call(Unknown Source)
at io.restassured.internal.filter.FilterContextImpl.next(FilterContextImpl.groovy:72)
at io.restassured.filter.FilterContext$next.call(Unknown Source)
at io.restassured.internal.filter.CsrfFilter.filter(CsrfFilter.groovy:89)
at io.restassured.filter.Filter$filter$0.call(Unknown Source)
at org.codehaus.groovy.runtime.callsite.CallSiteArray.defaultCall(CallSiteArray.java:45)
at io.restassured.filter.Filter$filter.call(Unknown Source)
at io.restassured.internal.filter.FilterContextImpl.next(FilterContextImpl.groovy:72)
at io.restassured.filter.log.RequestLoggingFilter.filter(RequestLoggingFilter.java:148)
at io.restassured.filter.Filter$filter.call(Unknown Source)
at org.codehaus.groovy.runtime.callsite.CallSiteArray.defaultCall(CallSiteArray.java:45)
at io.restassured.filter.Filter$filter$0.call(Unknown Source)
at io.restassured.internal.filter.FilterContextImpl.next(FilterContextImpl.groovy:72)
at io.restassured.filter.FilterContext$next.call(Unknown Source)
at io.restassured.internal.RequestSpecificationImpl.applyPathParamsAndSendRequest(RequestSpecificationImpl.groovy:1704)
at io.restassured.internal.RequestSpecificationImpl.this$2$applyPathParamsAndSendRequest(RequestSpecificationImpl.groovy)
at java.base/jdk.internal.reflect.DirectMethodHandleAccessor.invoke(DirectMethodHandleAccessor.java:104)
at java.base/java.lang.reflect.Method.invoke(Method.java:565)
at org.codehaus.groovy.reflection.CachedMethod.invoke(CachedMethod.java:343)
at groovy.lang.MetaMethod.doMethodInvoke(MetaMethod.java:328)
at groovy.lang.MetaClassImpl.doInvokeMethod(MetaClassImpl.java:1333)
at groovy.lang.MetaClassImpl.invokeMethod(MetaClassImpl.java:1088)
at groovy.lang.MetaClassImpl.invokeMethod(MetaClassImpl.java:1007)
at groovy.lang.MetaClassImpl.invokeMethod(MetaClassImpl.java:790)
at io.restassured.internal.RequestSpecificationImpl.invokeMethod(RequestSpecificationImpl.groovy)
at org.codehaus.groovy.runtime.callsite.PogoInterceptableSite.call(PogoInterceptableSite.java:46)
at org.codehaus.groovy.runtime.callsite.PogoInterceptableSite.callCurrent(PogoInterceptableSite.java:57)
at org.codehaus.groovy.runtime.callsite.AbstractCallSite.callCurrent(AbstractCallSite.java:203)
at io.restassured.internal.RequestSpecificationImpl.applyPathParamsAndSendRequest(RequestSpecificationImpl.groovy:1710)
at io.restassured.internal.RequestSpecificationImpl.this$2$applyPathParamsAndSendRequest(RequestSpecificationImpl.groovy)
at java.base/jdk.internal.reflect.DirectMethodHandleAccessor.invoke(DirectMethodHandleAccessor.java:104)
at java.base/java.lang.reflect.Method.invoke(Method.java:565)
at org.codehaus.groovy.reflection.CachedMethod.invoke(CachedMethod.java:343)
at groovy.lang.MetaMethod.doMethodInvoke(MetaMethod.java:328)
at groovy.lang.MetaClassImpl.doInvokeMethod(MetaClassImpl.java:1333)
at groovy.lang.MetaClassImpl.invokeMethod(MetaClassImpl.java:1088)
at groovy.lang.MetaClassImpl.invokeMethod(MetaClassImpl.java:1007)
at groovy.lang.MetaClassImpl.invokeMethod(MetaClassImpl.java:790)
at io.restassured.internal.RequestSpecificationImpl.invokeMethod(RequestSpecificationImpl.groovy)
at org.codehaus.groovy.runtime.callsite.PogoInterceptableSite.call(PogoInterceptableSite.java:46)
at org.codehaus.groovy.runtime.callsite.PogoInterceptableSite.callCurrent(PogoInterceptableSite.java:57)
at org.codehaus.groovy.runtime.callsite.AbstractCallSite.callCurrent(AbstractCallSite.java:203)
at io.restassured.internal.RequestSpecificationImpl.get(RequestSpecificationImpl.groovy:172)
at io.restassured.internal.RequestSpecificationImpl.get(RequestSpecificationImpl.groovy)
at stepDefinition.BatchStepDefiniton.admin_sends_https_request_to_the_endpoint_for_invalid_content_method(BatchStepDefiniton.java:648)
at ✽.Admin sends HTTPS request to the endpoint for invalid content method(file:///C:/Users/Happy%20Family/eclipse-workspace/Team06_APITitanRestAssured/src/test/resources/feature/03-03-GetBtachByBatchId.feature:46)
]]>
            </full-stacktrace>
          </exception> <!-- java.lang.IllegalArgumentException -->
          <reporter-output>
          </reporter-output>
        </test-method> <!-- runScenario -->
        <test-method signature="runScenario(io.cucumber.testng.PickleWrapper,io.cucumber.testng.FeatureWrapper)[pri:0, instance:runner.TestRunner@7fb4f2a9]" started-at="2026-05-05T17:01:36 EDT" name="runScenario" description="Runs Cucumber Scenarios" data-provider="scenarios" finished-at="2026-05-05T17:01:37 EDT" duration-ms="218" status="PASS">
          <params>
            <param index="0">
              <value>
                <![CDATA["Admin retrieves a batch with valid batch name"]]>
              </value>
            </param>
            <param index="1">
              <value>
                <![CDATA["GET Batch by BatchName[Get Operation]"]]>
              </value>
            </param>
          </params>
          <reporter-output>
          </reporter-output>
        </test-method> <!-- runScenario -->
        <test-method signature="runScenario(io.cucumber.testng.PickleWrapper,io.cucumber.testng.FeatureWrapper)[pri:0, instance:runner.TestRunner@7fb4f2a9]" started-at="2026-05-05T17:01:37 EDT" name="runScenario" description="Runs Cucumber Scenarios" data-provider="scenarios" finished-at="2026-05-05T17:01:37 EDT" duration-ms="211" status="PASS">
          <params>
            <param index="0">
              <value>
                <![CDATA["Admin retrieves a batch with invalid batch name"]]>
              </value>
            </param>
            <param index="1">
              <value>
                <![CDATA["GET Batch by BatchName[Get Operation]"]]>
              </value>
            </param>
          </params>
          <reporter-output>
          </reporter-output>
        </test-method> <!-- runScenario -->
        <test-method signature="runScenario(io.cucumber.testng.PickleWrapper,io.cucumber.testng.FeatureWrapper)[pri:0, instance:runner.TestRunner@7fb4f2a9]" started-at="2026-05-05T17:01:37 EDT" name="runScenario" description="Runs Cucumber Scenarios" data-provider="scenarios" finished-at="2026-05-05T17:01:37 EDT" duration-ms="194" status="PASS">
          <params>
            <param index="0">
              <value>
                <![CDATA["Admin retrieves a batch by batch name with invalid endpoint"]]>
              </value>
            </param>
            <param index="1">
              <value>
                <![CDATA["GET Batch by BatchName[Get Operation]"]]>
              </value>
            </param>
          </params>
          <reporter-output>
          </reporter-output>
        </test-method> <!-- runScenario -->
        <test-method signature="runScenario(io.cucumber.testng.PickleWrapper,io.cucumber.testng.FeatureWrapper)[pri:0, instance:runner.TestRunner@7fb4f2a9]" started-at="2026-05-05T17:01:37 EDT" name="runScenario" description="Runs Cucumber Scenarios" data-provider="scenarios" finished-at="2026-05-05T17:01:37 EDT" duration-ms="281" status="PASS">
          <params>
            <param index="0">
              <value>
                <![CDATA["Admin retrieves a batch by batch name with invalid method"]]>
              </value>
            </param>
            <param index="1">
              <value>
                <![CDATA["GET Batch by BatchName[Get Operation]"]]>
              </value>
            </param>
          </params>
          <reporter-output>
          </reporter-output>
        </test-method> <!-- runScenario -->
        <test-method signature="runScenario(io.cucumber.testng.PickleWrapper,io.cucumber.testng.FeatureWrapper)[pri:0, instance:runner.TestRunner@7fb4f2a9]" started-at="2026-05-05T17:01:37 EDT" name="runScenario" description="Runs Cucumber Scenarios" data-provider="scenarios" finished-at="2026-05-05T17:01:37 EDT" duration-ms="50" status="FAIL">
          <params>
            <param index="0">
              <value>
                <![CDATA["Admin retrieves a batch by batch name with invalid content type"]]>
              </value>
            </param>
            <param index="1">
              <value>
                <![CDATA["GET Batch by BatchName[Get Operation]"]]>
              </value>
            </param>
          </params>
          <exception class="java.lang.AssertionError">
            <message>
              <![CDATA[expected [415] but found [403]]]>
            </message>
            <full-stacktrace>
              <![CDATA[java.lang.AssertionError: expected [415] but found [403]
at org.testng.Assert.fail(Assert.java:111)
at org.testng.Assert.failNotEquals(Assert.java:1590)
at org.testng.Assert.assertEqualsImpl(Assert.java:150)
at org.testng.Assert.assertEquals(Assert.java:132)
at org.testng.Assert.assertEquals(Assert.java:1431)
at org.testng.Assert.assertEquals(Assert.java:1395)
at org.testng.Assert.assertEquals(Assert.java:1441)
at stepDefinition.BatchStepDefiniton.admin_receives_unsupported_media_type(BatchStepDefiniton.java:353)
at ✽.Admin receives 415 unsupported media type(file:///C:/Users/Happy%20Family/eclipse-workspace/Team06_APITitanRestAssured/src/test/resources/feature/03-04-GetBatchByBatchName.feature:30)
]]>
            </full-stacktrace>
          </exception> <!-- java.lang.AssertionError -->
          <reporter-output>
          </reporter-output>
        </test-method> <!-- runScenario -->
        <test-method signature="runScenario(io.cucumber.testng.PickleWrapper,io.cucumber.testng.FeatureWrapper)[pri:0, instance:runner.TestRunner@7fb4f2a9]" started-at="2026-05-05T17:01:37 EDT" name="runScenario" description="Runs Cucumber Scenarios" data-provider="scenarios" finished-at="2026-05-05T17:01:38 EDT" duration-ms="244" status="PASS">
          <params>
            <param index="0">
              <value>
                <![CDATA["Admin updates a batch with valid batch ID"]]>
              </value>
            </param>
            <param index="1">
              <value>
                <![CDATA["Update by BatchId [Put Operation]"]]>
              </value>
            </param>
          </params>
          <reporter-output>
          </reporter-output>
        </test-method> <!-- runScenario -->
        <test-method signature="runScenario(io.cucumber.testng.PickleWrapper,io.cucumber.testng.FeatureWrapper)[pri:0, instance:runner.TestRunner@7fb4f2a9]" started-at="2026-05-05T17:01:38 EDT" name="runScenario" description="Runs Cucumber Scenarios" data-provider="scenarios" finished-at="2026-05-05T17:01:38 EDT" duration-ms="234" status="PASS">
          <params>
            <param index="0">
              <value>
                <![CDATA["Admin updates a batch with invalid batch ID"]]>
              </value>
            </param>
            <param index="1">
              <value>
                <![CDATA["Update by BatchId [Put Operation]"]]>
              </value>
            </param>
          </params>
          <reporter-output>
          </reporter-output>
        </test-method> <!-- runScenario -->
        <test-method signature="runScenario(io.cucumber.testng.PickleWrapper,io.cucumber.testng.FeatureWrapper)[pri:0, instance:runner.TestRunner@7fb4f2a9]" started-at="2026-05-05T17:01:38 EDT" name="runScenario" description="Runs Cucumber Scenarios" data-provider="scenarios" finished-at="2026-05-05T17:01:38 EDT" duration-ms="221" status="PASS">
          <params>
            <param index="0">
              <value>
                <![CDATA["Admin updates a batch by batch id with missing mandatory fields in request body"]]>
              </value>
            </param>
            <param index="1">
              <value>
                <![CDATA["Update by BatchId [Put Operation]"]]>
              </value>
            </param>
          </params>
          <reporter-output>
          </reporter-output>
        </test-method> <!-- runScenario -->
        <test-method signature="runScenario(io.cucumber.testng.PickleWrapper,io.cucumber.testng.FeatureWrapper)[pri:0, instance:runner.TestRunner@7fb4f2a9]" started-at="2026-05-05T17:01:38 EDT" name="runScenario" description="Runs Cucumber Scenarios" data-provider="scenarios" finished-at="2026-05-05T17:01:38 EDT" duration-ms="269" status="FAIL">
          <params>
            <param index="0">
              <value>
                <![CDATA["Admin updates a batch by batch id with invalid batch details"]]>
              </value>
            </param>
            <param index="1">
              <value>
                <![CDATA["Update by BatchId [Put Operation]"]]>
              </value>
            </param>
          </params>
          <exception class="io.cucumber.testng.UndefinedStepException">
            <message>
              <![CDATA[The step 'Admin receives 400 Bad Request with error message' is undefined.
You can implement this step using the snippet(s) below:

@Then("Admin receives {int} Bad Request with error message")
public void admin_receives_bad_request_with_error_message(Integer int1) {
    // Write code here that turns the phrase above into concrete actions
    throw new io.cucumber.java.PendingException();
}
]]>
            </message>
            <full-stacktrace>
              <![CDATA[io.cucumber.testng.UndefinedStepException: The step 'Admin receives 400 Bad Request with error message' is undefined.
You can implement this step using the snippet(s) below:

@Then("Admin receives {int} Bad Request with error message")
public void admin_receives_bad_request_with_error_message(Integer int1) {
    // Write code here that turns the phrase above into concrete actions
    throw new io.cucumber.java.PendingException();
}

at ✽.Admin receives 400 Bad Request with error message(file:///C:/Users/Happy%20Family/eclipse-workspace/Team06_APITitanRestAssured/src/test/resources/feature/03-06-UpdateByBatchId.feature:25)
]]>
            </full-stacktrace>
          </exception> <!-- io.cucumber.testng.UndefinedStepException -->
          <reporter-output>
          </reporter-output>
        </test-method> <!-- runScenario -->
        <test-method signature="runScenario(io.cucumber.testng.PickleWrapper,io.cucumber.testng.FeatureWrapper)[pri:0, instance:runner.TestRunner@7fb4f2a9]" started-at="2026-05-05T17:01:38 EDT" name="runScenario" description="Runs Cucumber Scenarios" data-provider="scenarios" finished-at="2026-05-05T17:01:39 EDT" duration-ms="206" status="FAIL">
          <params>
            <param index="0">
              <value>
                <![CDATA["Admin updates a batch by batch id with invalid batch details"]]>
              </value>
            </param>
            <param index="1">
              <value>
                <![CDATA["Update by BatchId [Put Operation]"]]>
              </value>
            </param>
          </params>
          <exception class="io.cucumber.testng.UndefinedStepException">
            <message>
              <![CDATA[The step 'Admin receives 400 Bad Request with error message' is undefined.
You can implement this step using the snippet(s) below:

@Then("Admin receives {int} Bad Request with error message")
public void admin_receives_bad_request_with_error_message(Integer int1) {
    // Write code here that turns the phrase above into concrete actions
    throw new io.cucumber.java.PendingException();
}
]]>
            </message>
            <full-stacktrace>
              <![CDATA[io.cucumber.testng.UndefinedStepException: The step 'Admin receives 400 Bad Request with error message' is undefined.
You can implement this step using the snippet(s) below:

@Then("Admin receives {int} Bad Request with error message")
public void admin_receives_bad_request_with_error_message(Integer int1) {
    // Write code here that turns the phrase above into concrete actions
    throw new io.cucumber.java.PendingException();
}

at ✽.Admin receives 400 Bad Request with error message(file:///C:/Users/Happy%20Family/eclipse-workspace/Team06_APITitanRestAssured/src/test/resources/feature/03-06-UpdateByBatchId.feature:25)
]]>
            </full-stacktrace>
          </exception> <!-- io.cucumber.testng.UndefinedStepException -->
          <reporter-output>
          </reporter-output>
        </test-method> <!-- runScenario -->
        <test-method signature="runScenario(io.cucumber.testng.PickleWrapper,io.cucumber.testng.FeatureWrapper)[pri:0, instance:runner.TestRunner@7fb4f2a9]" started-at="2026-05-05T17:01:39 EDT" name="runScenario" description="Runs Cucumber Scenarios" data-provider="scenarios" finished-at="2026-05-05T17:01:39 EDT" duration-ms="268" status="FAIL">
          <params>
            <param index="0">
              <value>
                <![CDATA["Admin updates a batch by batch id with invalid batch details"]]>
              </value>
            </param>
            <param index="1">
              <value>
                <![CDATA["Update by BatchId [Put Operation]"]]>
              </value>
            </param>
          </params>
          <exception class="io.cucumber.testng.UndefinedStepException">
            <message>
              <![CDATA[The step 'Admin receives 400 Bad Request with error message' is undefined.
You can implement this step using the snippet(s) below:

@Then("Admin receives {int} Bad Request with error message")
public void admin_receives_bad_request_with_error_message(Integer int1) {
    // Write code here that turns the phrase above into concrete actions
    throw new io.cucumber.java.PendingException();
}
]]>
            </message>
            <full-stacktrace>
              <![CDATA[io.cucumber.testng.UndefinedStepException: The step 'Admin receives 400 Bad Request with error message' is undefined.
You can implement this step using the snippet(s) below:

@Then("Admin receives {int} Bad Request with error message")
public void admin_receives_bad_request_with_error_message(Integer int1) {
    // Write code here that turns the phrase above into concrete actions
    throw new io.cucumber.java.PendingException();
}

at ✽.Admin receives 400 Bad Request with error message(file:///C:/Users/Happy%20Family/eclipse-workspace/Team06_APITitanRestAssured/src/test/resources/feature/03-06-UpdateByBatchId.feature:25)
]]>
            </full-stacktrace>
          </exception> <!-- io.cucumber.testng.UndefinedStepException -->
          <reporter-output>
          </reporter-output>
        </test-method> <!-- runScenario -->
        <test-method signature="runScenario(io.cucumber.testng.PickleWrapper,io.cucumber.testng.FeatureWrapper)[pri:0, instance:runner.TestRunner@7fb4f2a9]" started-at="2026-05-05T17:01:39 EDT" name="runScenario" description="Runs Cucumber Scenarios" data-provider="scenarios" finished-at="2026-05-05T17:01:39 EDT" duration-ms="289" status="FAIL">
          <params>
            <param index="0">
              <value>
                <![CDATA["Admin updates a batch by batch id with invalid batch details"]]>
              </value>
            </param>
            <param index="1">
              <value>
                <![CDATA["Update by BatchId [Put Operation]"]]>
              </value>
            </param>
          </params>
          <exception class="io.cucumber.testng.UndefinedStepException">
            <message>
              <![CDATA[The step 'Admin receives 400 Bad Request with error message' is undefined.
You can implement this step using the snippet(s) below:

@Then("Admin receives {int} Bad Request with error message")
public void admin_receives_bad_request_with_error_message(Integer int1) {
    // Write code here that turns the phrase above into concrete actions
    throw new io.cucumber.java.PendingException();
}
]]>
            </message>
            <full-stacktrace>
              <![CDATA[io.cucumber.testng.UndefinedStepException: The step 'Admin receives 400 Bad Request with error message' is undefined.
You can implement this step using the snippet(s) below:

@Then("Admin receives {int} Bad Request with error message")
public void admin_receives_bad_request_with_error_message(Integer int1) {
    // Write code here that turns the phrase above into concrete actions
    throw new io.cucumber.java.PendingException();
}

at ✽.Admin receives 400 Bad Request with error message(file:///C:/Users/Happy%20Family/eclipse-workspace/Team06_APITitanRestAssured/src/test/resources/feature/03-06-UpdateByBatchId.feature:25)
]]>
            </full-stacktrace>
          </exception> <!-- io.cucumber.testng.UndefinedStepException -->
          <reporter-output>
          </reporter-output>
        </test-method> <!-- runScenario -->
        <test-method signature="runScenario(io.cucumber.testng.PickleWrapper,io.cucumber.testng.FeatureWrapper)[pri:0, instance:runner.TestRunner@7fb4f2a9]" started-at="2026-05-05T17:01:39 EDT" name="runScenario" description="Runs Cucumber Scenarios" data-provider="scenarios" finished-at="2026-05-05T17:01:39 EDT" duration-ms="252" status="FAIL">
          <params>
            <param index="0">
              <value>
                <![CDATA["Admin updates a batch by batch id with invalid batch details"]]>
              </value>
            </param>
            <param index="1">
              <value>
                <![CDATA["Update by BatchId [Put Operation]"]]>
              </value>
            </param>
          </params>
          <exception class="io.cucumber.testng.UndefinedStepException">
            <message>
              <![CDATA[The step 'Admin receives 400 Bad Request with error message' is undefined.
You can implement this step using the snippet(s) below:

@Then("Admin receives {int} Bad Request with error message")
public void admin_receives_bad_request_with_error_message(Integer int1) {
    // Write code here that turns the phrase above into concrete actions
    throw new io.cucumber.java.PendingException();
}
]]>
            </message>
            <full-stacktrace>
              <![CDATA[io.cucumber.testng.UndefinedStepException: The step 'Admin receives 400 Bad Request with error message' is undefined.
You can implement this step using the snippet(s) below:

@Then("Admin receives {int} Bad Request with error message")
public void admin_receives_bad_request_with_error_message(Integer int1) {
    // Write code here that turns the phrase above into concrete actions
    throw new io.cucumber.java.PendingException();
}

at ✽.Admin receives 400 Bad Request with error message(file:///C:/Users/Happy%20Family/eclipse-workspace/Team06_APITitanRestAssured/src/test/resources/feature/03-06-UpdateByBatchId.feature:25)
]]>
            </full-stacktrace>
          </exception> <!-- io.cucumber.testng.UndefinedStepException -->
          <reporter-output>
          </reporter-output>
        </test-method> <!-- runScenario -->
        <test-method signature="runScenario(io.cucumber.testng.PickleWrapper,io.cucumber.testng.FeatureWrapper)[pri:0, instance:runner.TestRunner@7fb4f2a9]" started-at="2026-05-05T17:01:39 EDT" name="runScenario" description="Runs Cucumber Scenarios" data-provider="scenarios" finished-at="2026-05-05T17:01:40 EDT" duration-ms="361" status="FAIL">
          <params>
            <param index="0">
              <value>
                <![CDATA["Admin updates a batch by batch id with invalid batch details"]]>
              </value>
            </param>
            <param index="1">
              <value>
                <![CDATA["Update by BatchId [Put Operation]"]]>
              </value>
            </param>
          </params>
          <exception class="io.cucumber.testng.UndefinedStepException">
            <message>
              <![CDATA[The step 'Admin receives 400 Bad Request with error message' is undefined.
You can implement this step using the snippet(s) below:

@Then("Admin receives {int} Bad Request with error message")
public void admin_receives_bad_request_with_error_message(Integer int1) {
    // Write code here that turns the phrase above into concrete actions
    throw new io.cucumber.java.PendingException();
}
]]>
            </message>
            <full-stacktrace>
              <![CDATA[io.cucumber.testng.UndefinedStepException: The step 'Admin receives 400 Bad Request with error message' is undefined.
You can implement this step using the snippet(s) below:

@Then("Admin receives {int} Bad Request with error message")
public void admin_receives_bad_request_with_error_message(Integer int1) {
    // Write code here that turns the phrase above into concrete actions
    throw new io.cucumber.java.PendingException();
}

at ✽.Admin receives 400 Bad Request with error message(file:///C:/Users/Happy%20Family/eclipse-workspace/Team06_APITitanRestAssured/src/test/resources/feature/03-06-UpdateByBatchId.feature:25)
]]>
            </full-stacktrace>
          </exception> <!-- io.cucumber.testng.UndefinedStepException -->
          <reporter-output>
          </reporter-output>
        </test-method> <!-- runScenario -->
        <test-method signature="runScenario(io.cucumber.testng.PickleWrapper,io.cucumber.testng.FeatureWrapper)[pri:0, instance:runner.TestRunner@7fb4f2a9]" started-at="2026-05-05T17:01:40 EDT" name="runScenario" description="Runs Cucumber Scenarios" data-provider="scenarios" finished-at="2026-05-05T17:01:40 EDT" duration-ms="304" status="FAIL">
          <params>
            <param index="0">
              <value>
                <![CDATA["Admin updates a batch by batch id with invalid batch details"]]>
              </value>
            </param>
            <param index="1">
              <value>
                <![CDATA["Update by BatchId [Put Operation]"]]>
              </value>
            </param>
          </params>
          <exception class="io.cucumber.testng.UndefinedStepException">
            <message>
              <![CDATA[The step 'Admin receives 400 Bad Request with error message' is undefined.
You can implement this step using the snippet(s) below:

@Then("Admin receives {int} Bad Request with error message")
public void admin_receives_bad_request_with_error_message(Integer int1) {
    // Write code here that turns the phrase above into concrete actions
    throw new io.cucumber.java.PendingException();
}
]]>
            </message>
            <full-stacktrace>
              <![CDATA[io.cucumber.testng.UndefinedStepException: The step 'Admin receives 400 Bad Request with error message' is undefined.
You can implement this step using the snippet(s) below:

@Then("Admin receives {int} Bad Request with error message")
public void admin_receives_bad_request_with_error_message(Integer int1) {
    // Write code here that turns the phrase above into concrete actions
    throw new io.cucumber.java.PendingException();
}

at ✽.Admin receives 400 Bad Request with error message(file:///C:/Users/Happy%20Family/eclipse-workspace/Team06_APITitanRestAssured/src/test/resources/feature/03-06-UpdateByBatchId.feature:25)
]]>
            </full-stacktrace>
          </exception> <!-- io.cucumber.testng.UndefinedStepException -->
          <reporter-output>
          </reporter-output>
        </test-method> <!-- runScenario -->
[...]
              </value>
            </param>
            <param index="1">
              <value>
                <![CDATA["Reset Password API"]]>
              </value>
            </param>
          </params>
          <reporter-output>
          </reporter-output>
        </test-method> <!-- runScenario -->
        <test-method signature="runScenario(io.cucumber.testng.PickleWrapper,io.cucumber.testng.FeatureWrapper)[pri:0, instance:runner.TestRunner@7fb4f2a9]" started-at="2026-05-05T17:01:44 EDT" name="runScenario" description="Runs Cucumber Scenarios" data-provider="scenarios" finished-at="2026-05-05T17:01:45 EDT" duration-ms="329" status="PASS">
          <params>
            <param index="0">
              <value>
                <![CDATA["Validate Reset Password API scenarios"]]>
              </value>
            </param>
            <param index="1">
              <value>
                <![CDATA["Reset Password API"]]>
              </value>
            </param>
          </params>
          <reporter-output>
          </reporter-output>
        </test-method> <!-- runScenario -->
        <test-method signature="runScenario(io.cucumber.testng.PickleWrapper,io.cucumber.testng.FeatureWrapper)[pri:0, instance:runner.TestRunner@7fb4f2a9]" started-at="2026-05-05T17:01:45 EDT" name="runScenario" description="Runs Cucumber Scenarios" data-provider="scenarios" finished-at="2026-05-05T17:01:45 EDT" duration-ms="262" status="PASS">
          <params>
            <param index="0">
              <value>
                <![CDATA["Validate Reset Password API scenarios"]]>
              </value>
            </param>
            <param index="1">
              <value>
                <![CDATA["Reset Password API"]]>
              </value>
            </param>
          </params>
          <reporter-output>
          </reporter-output>
        </test-method> <!-- runScenario -->
        <test-method signature="runScenario(io.cucumber.testng.PickleWrapper,io.cucumber.testng.FeatureWrapper)[pri:0, instance:runner.TestRunner@7fb4f2a9]" started-at="2026-05-05T17:01:45 EDT" name="runScenario" description="Runs Cucumber Scenarios" data-provider="scenarios" finished-at="2026-05-05T17:01:45 EDT" duration-ms="192" status="PASS">
          <params>
            <param index="0">
              <value>
                <![CDATA["Validate Reset Password API scenarios"]]>
              </value>
            </param>
            <param index="1">
              <value>
                <![CDATA["Reset Password API"]]>
              </value>
            </param>
          </params>
          <reporter-output>
          </reporter-output>
        </test-method> <!-- runScenario -->
        <test-method signature="runScenario(io.cucumber.testng.PickleWrapper,io.cucumber.testng.FeatureWrapper)[pri:0, instance:runner.TestRunner@7fb4f2a9]" started-at="2026-05-05T17:01:45 EDT" name="runScenario" description="Runs Cucumber Scenarios" data-provider="scenarios" finished-at="2026-05-05T17:01:45 EDT" duration-ms="323" status="PASS">
          <params>
            <param index="0">
              <value>
                <![CDATA["Validate Reset Password API scenarios"]]>
              </value>
            </param>
            <param index="1">
              <value>
                <![CDATA["Reset Password API"]]>
              </value>
            </param>
          </params>
          <reporter-output>
          </reporter-output>
        </test-method> <!-- runScenario -->
        <test-method signature="runScenario(io.cucumber.testng.PickleWrapper,io.cucumber.testng.FeatureWrapper)[pri:0, instance:runner.TestRunner@7fb4f2a9]" started-at="2026-05-05T17:01:45 EDT" name="runScenario" description="Runs Cucumber Scenarios" data-provider="scenarios" finished-at="2026-05-05T17:01:46 EDT" duration-ms="357" status="PASS">
          <params>
            <param index="0">
              <value>
                <![CDATA["Validate Reset Password API scenarios"]]>
              </value>
            </param>
            <param index="1">
              <value>
                <![CDATA["Reset Password API"]]>
              </value>
            </param>
          </params>
          <reporter-output>
          </reporter-output>
        </test-method> <!-- runScenario -->
        <test-method signature="runScenario(io.cucumber.testng.PickleWrapper,io.cucumber.testng.FeatureWrapper)[pri:0, instance:runner.TestRunner@7fb4f2a9]" started-at="2026-05-05T17:01:46 EDT" name="runScenario" description="Runs Cucumber Scenarios" data-provider="scenarios" finished-at="2026-05-05T17:01:46 EDT" duration-ms="486" status="PASS">
          <params>
            <param index="0">
              <value>
                <![CDATA["Admin creates a program with valid request body and authorization"]]>
              </value>
            </param>
            <param index="1">
              <value>
                <![CDATA["UpdateProgram Scenario"]]>
              </value>
            </param>
          </params>
          <reporter-output>
          </reporter-output>
        </test-method> <!-- runScenario -->
        <test-method signature="runScenario(io.cucumber.testng.PickleWrapper,io.cucumber.testng.FeatureWrapper)[pri:0, instance:runner.TestRunner@7fb4f2a9]" started-at="2026-05-05T17:01:46 EDT" name="runScenario" description="Runs Cucumber Scenarios" data-provider="scenarios" finished-at="2026-05-05T17:01:46 EDT" duration-ms="259" status="PASS">
          <params>
            <param index="0">
              <value>
                <![CDATA["Validate Update Program API scenarios"]]>
              </value>
            </param>
            <param index="1">
              <value>
                <![CDATA["UpdateProgram Scenario"]]>
              </value>
            </param>
          </params>
          <reporter-output>
          </reporter-output>
        </test-method> <!-- runScenario -->
        <test-method signature="runScenario(io.cucumber.testng.PickleWrapper,io.cucumber.testng.FeatureWrapper)[pri:0, instance:runner.TestRunner@7fb4f2a9]" started-at="2026-05-05T17:01:46 EDT" name="runScenario" description="Runs Cucumber Scenarios" data-provider="scenarios" finished-at="2026-05-05T17:01:47 EDT" duration-ms="211" status="PASS">
          <params>
            <param index="0">
              <value>
                <![CDATA["Validate Update Program API scenarios"]]>
              </value>
            </param>
            <param index="1">
              <value>
                <![CDATA["UpdateProgram Scenario"]]>
              </value>
            </param>
          </params>
          <reporter-output>
          </reporter-output>
        </test-method> <!-- runScenario -->
        <test-method signature="runScenario(io.cucumber.testng.PickleWrapper,io.cucumber.testng.FeatureWrapper)[pri:0, instance:runner.TestRunner@7fb4f2a9]" started-at="2026-05-05T17:01:47 EDT" name="runScenario" description="Runs Cucumber Scenarios" data-provider="scenarios" finished-at="2026-05-05T17:01:47 EDT" duration-ms="229" status="PASS">
          <params>
            <param index="0">
              <value>
                <![CDATA["Validate Update Program API scenarios"]]>
              </value>
            </param>
            <param index="1">
              <value>
                <![CDATA["UpdateProgram Scenario"]]>
              </value>
            </param>
          </params>
          <reporter-output>
          </reporter-output>
        </test-method> <!-- runScenario -->
        <test-method signature="runScenario(io.cucumber.testng.PickleWrapper,io.cucumber.testng.FeatureWrapper)[pri:0, instance:runner.TestRunner@7fb4f2a9]" started-at="2026-05-05T17:01:47 EDT" name="runScenario" description="Runs Cucumber Scenarios" data-provider="scenarios" finished-at="2026-05-05T17:01:47 EDT" duration-ms="274" status="PASS">
          <params>
            <param index="0">
              <value>
                <![CDATA["Validate Update Program API scenarios"]]>
              </value>
            </param>
            <param index="1">
              <value>
                <![CDATA["UpdateProgram Scenario"]]>
              </value>
            </param>
          </params>
          <reporter-output>
          </reporter-output>
        </test-method> <!-- runScenario -->
        <test-method signature="runScenario(io.cucumber.testng.PickleWrapper,io.cucumber.testng.FeatureWrapper)[pri:0, instance:runner.TestRunner@7fb4f2a9]" started-at="2026-05-05T17:01:47 EDT" name="runScenario" description="Runs Cucumber Scenarios" data-provider="scenarios" finished-at="2026-05-05T17:01:47 EDT" duration-ms="264" status="PASS">
          <params>
            <param index="0">
              <value>
                <![CDATA["Validate Update Program API scenarios"]]>
              </value>
            </param>
            <param index="1">
              <value>
                <![CDATA["UpdateProgram Scenario"]]>
              </value>
            </param>
          </params>
          <reporter-output>
          </reporter-output>
        </test-method> <!-- runScenario -->
        <test-method signature="runScenario(io.cucumber.testng.PickleWrapper,io.cucumber.testng.FeatureWrapper)[pri:0, instance:runner.TestRunner@7fb4f2a9]" started-at="2026-05-05T17:01:47 EDT" name="runScenario" description="Runs Cucumber Scenarios" data-provider="scenarios" finished-at="2026-05-05T17:01:48 EDT" duration-ms="311" status="PASS">
          <params>
            <param index="0">
              <value>
                <![CDATA["Admin creates a program with valid request body and authorization"]]>
              </value>
            </param>
            <param index="1">
              <value>
                <![CDATA["Delete Program API"]]>
              </value>
            </param>
          </params>
          <reporter-output>
          </reporter-output>
        </test-method> <!-- runScenario -->
        <test-method signature="runScenario(io.cucumber.testng.PickleWrapper,io.cucumber.testng.FeatureWrapper)[pri:0, instance:runner.TestRunner@7fb4f2a9]" started-at="2026-05-05T17:01:48 EDT" name="runScenario" description="Runs Cucumber Scenarios" data-provider="scenarios" finished-at="2026-05-05T17:01:48 EDT" duration-ms="340" status="PASS">
          <params>
            <param index="0">
              <value>
                <![CDATA["Validate Update Program API scenarios"]]>
              </value>
            </param>
            <param index="1">
              <value>
                <![CDATA["Delete Program API"]]>
              </value>
            </param>
          </params>
          <reporter-output>
          </reporter-output>
        </test-method> <!-- runScenario -->
        <test-method signature="runScenario(io.cucumber.testng.PickleWrapper,io.cucumber.testng.FeatureWrapper)[pri:0, instance:runner.TestRunner@7fb4f2a9]" started-at="2026-05-05T17:01:48 EDT" name="runScenario" description="Runs Cucumber Scenarios" data-provider="scenarios" finished-at="2026-05-05T17:01:48 EDT" duration-ms="247" status="PASS">
          <params>
            <param index="0">
              <value>
                <![CDATA["Validate Delete Program By ProgramID"]]>
              </value>
            </param>
            <param index="1">
              <value>
                <![CDATA["Delete Program API"]]>
              </value>
            </param>
          </params>
          <reporter-output>
          </reporter-output>
        </test-method> <!-- runScenario -->
        <test-method signature="runScenario(io.cucumber.testng.PickleWrapper,io.cucumber.testng.FeatureWrapper)[pri:0, instance:runner.TestRunner@7fb4f2a9]" started-at="2026-05-05T17:01:48 EDT" name="runScenario" description="Runs Cucumber Scenarios" data-provider="scenarios" finished-at="2026-05-05T17:01:49 EDT" duration-ms="434" status="PASS">
          <params>
            <param index="0">
              <value>
                <![CDATA["Validate Delete Program By ProgramID API scenarios"]]>
              </value>
            </param>
            <param index="1">
              <value>
                <![CDATA["Delete Program API"]]>
              </value>
            </param>
          </params>
          <reporter-output>
          </reporter-output>
        </test-method> <!-- runScenario -->
        <test-method signature="runScenario(io.cucumber.testng.PickleWrapper,io.cucumber.testng.FeatureWrapper)[pri:0, instance:runner.TestRunner@7fb4f2a9]" started-at="2026-05-05T17:01:49 EDT" name="runScenario" description="Runs Cucumber Scenarios" data-provider="scenarios" finished-at="2026-05-05T17:01:49 EDT" duration-ms="303" status="PASS">
          <params>
            <param index="0">
              <value>
                <![CDATA["Validate Delete Program By ProgramID API scenarios"]]>
              </value>
            </param>
            <param index="1">
              <value>
                <![CDATA["Delete Program API"]]>
              </value>
            </param>
          </params>
          <reporter-output>
          </reporter-output>
        </test-method> <!-- runScenario -->
        <test-method signature="runScenario(io.cucumber.testng.PickleWrapper,io.cucumber.testng.FeatureWrapper)[pri:0, instance:runner.TestRunner@7fb4f2a9]" started-at="2026-05-05T17:01:49 EDT" name="runScenario" description="Runs Cucumber Scenarios" data-provider="scenarios" finished-at="2026-05-05T17:01:49 EDT" duration-ms="284" status="PASS">
          <params>
            <param index="0">
              <value>
                <![CDATA["Validate Delete Program By ProgramID API scenarios"]]>
              </value>
            </param>
            <param index="1">
              <value>
                <![CDATA["Delete Program API"]]>
              </value>
            </param>
          </params>
          <reporter-output>
          </reporter-output>
        </test-method> <!-- runScenario -->
        <test-method signature="runScenario(io.cucumber.testng.PickleWrapper,io.cucumber.testng.FeatureWrapper)[pri:0, instance:runner.TestRunner@7fb4f2a9]" started-at="2026-05-05T17:01:49 EDT" name="runScenario" description="Runs Cucumber Scenarios" data-provider="scenarios" finished-at="2026-05-05T17:01:50 EDT" duration-ms="196" status="PASS">
          <params>
            <param index="0">
              <value>
                <![CDATA["Validate Delete Program By ProgramID API scenarios"]]>
              </value>
            </param>
            <param index="1">
              <value>
                <![CDATA["Delete Program API"]]>
              </value>
            </param>
          </params>
          <reporter-output>
          </reporter-output>
        </test-method> <!-- runScenario -->
        <test-method signature="runScenario(io.cucumber.testng.PickleWrapper,io.cucumber.testng.FeatureWrapper)[pri:0, instance:runner.TestRunner@7fb4f2a9]" started-at="2026-05-05T17:01:50 EDT" name="runScenario" description="Runs Cucumber Scenarios" data-provider="scenarios" finished-at="2026-05-05T17:01:50 EDT" duration-ms="198" status="PASS">
          <params>
            <param index="0">
              <value>
                <![CDATA["Validate Logout API scenarios"]]>
              </value>
            </param>
            <param index="1">
              <value>
                <![CDATA["Logout API"]]>
              </value>
            </param>
          </params>
          <reporter-output>
          </reporter-output>
        </test-method> <!-- runScenario -->
        <test-method signature="runScenario(io.cucumber.testng.PickleWrapper,io.cucumber.testng.FeatureWrapper)[pri:0, instance:runner.TestRunner@7fb4f2a9]" started-at="2026-05-05T17:01:50 EDT" name="runScenario" description="Runs Cucumber Scenarios" data-provider="scenarios" finished-at="2026-05-05T17:01:50 EDT" duration-ms="190" status="PASS">
          <params>
            <param index="0">
              <value>
                <![CDATA["Validate Logout API scenarios"]]>
              </value>
            </param>
            <param index="1">
              <value>
                <![CDATA["Logout API"]]>
              </value>
            </param>
          </params>
          <reporter-output>
          </reporter-output>
        </test-method> <!-- runScenario -->
        <test-method signature="runScenario(io.cucumber.testng.PickleWrapper,io.cucumber.testng.FeatureWrapper)[pri:0, instance:runner.TestRunner@7fb4f2a9]" started-at="2026-05-05T17:01:50 EDT" name="runScenario" description="Runs Cucumber Scenarios" data-provider="scenarios" finished-at="2026-05-05T17:01:50 EDT" duration-ms="264" status="PASS">
          <params>
            <param index="0">
              <value>
                <![CDATA["Validate Logout API scenarios"]]>
              </value>
            </param>
            <param index="1">
              <value>
                <![CDATA["Logout API"]]>
              </value>
            </param>
          </params>
          <reporter-output>
          </reporter-output>
        </test-method> <!-- runScenario -->
        <test-method signature="runScenario(io.cucumber.testng.PickleWrapper,io.cucumber.testng.FeatureWrapper)[pri:0, instance:runner.TestRunner@7fb4f2a9]" started-at="2026-05-05T17:01:50 EDT" name="runScenario" description="Runs Cucumber Scenarios" data-provider="scenarios" finished-at="2026-05-05T17:01:50 EDT" duration-ms="248" status="PASS">
          <params>
            <param index="0">
              <value>
                <![CDATA["Validate Logout API scenarios"]]>
              </value>
            </param>
            <param index="1">
              <value>
                <![CDATA["Logout API"]]>
              </value>
            </param>
          </params>
          <reporter-output>
          </reporter-output>
        </test-method> <!-- runScenario -->
        <test-method signature="runScenario(io.cucumber.testng.PickleWrapper,io.cucumber.testng.FeatureWrapper)[pri:0, instance:runner.TestRunner@7fb4f2a9]" started-at="2026-05-05T17:01:50 EDT" name="runScenario" description="Runs Cucumber Scenarios" data-provider="scenarios" finished-at="2026-05-05T17:01:51 EDT" duration-ms="190" status="PASS">
          <params>
            <param index="0">
              <value>
                <![CDATA["Validate Logout API scenarios"]]>
              </value>
            </param>
            <param index="1">
              <value>
                <![CDATA["Logout API"]]>
              </value>
            </param>
          </params>
          <reporter-output>
          </reporter-output>
        </test-method> <!-- runScenario -->
        <test-method signature="runScenario(io.cucumber.testng.PickleWrapper,io.cucumber.testng.FeatureWrapper)[pri:0, instance:runner.TestRunner@7fb4f2a9]" started-at="2026-05-05T17:01:51 EDT" name="runScenario" description="Runs Cucumber Scenarios" data-provider="scenarios" finished-at="2026-05-05T17:01:51 EDT" duration-ms="245" status="PASS">
          <params>
            <param index="0">
              <value>
                <![CDATA["Validate Logout API scenarios"]]>
              </value>
            </param>
            <param index="1">
              <value>
                <![CDATA["Logout API"]]>
              </value>
            </param>
          </params>
          <reporter-output>
          </reporter-output>
        </test-method> <!-- runScenario -->
        <test-method is-config="true" signature="tearDownClass()[pri:0, instance:runner.TestRunner@7fb4f2a9]" started-at="2026-05-05T17:01:51 EDT" name="tearDownClass" finished-at="2026-05-05T17:01:58 EDT" duration-ms="6719" status="PASS">
          <reporter-output>
          </reporter-output>
        </test-method> <!-- tearDownClass -->
      </class> <!-- runner.TestRunner -->
    </test> <!-- Default test -->
  </suite> <!-- Default suite -->
</testng-results>
