<?xml version="1.0" encoding="UTF-8"?>
<!-- Generated by org.testng.reporters.JUnitReportReporter -->
<testsuite hostname="DESKTOP-T7O8GD5" failures="28" tests="125" name="runner.TestRunner" time="35.197" errors="4" timestamp="2026-05-05T13:57:21 EDT" skipped="0">
  <testcase classname="runner.TestRunner" name="runScenario" time="0.193"/>
  <testcase classname="runner.TestRunner" name="runScenario" time="0.263"/>
  <testcase classname="runner.TestRunner" name="runScenario" time="0.187"/>
  <testcase classname="runner.TestRunner" name="runScenario" time="0.181">
    <failure message="expected [404] but found [400]" type="java.lang.AssertionError">
      <![CDATA[java.lang.AssertionError: expected [404] but found [400]
at org.testng.Assert.fail(Assert.java:111)
at org.testng.Assert.failNotEquals(Assert.java:1590)
at org.testng.Assert.assertEqualsImpl(Assert.java:150)
at org.testng.Assert.assertEquals(Assert.java:132)
at org.testng.Assert.assertEquals(Assert.java:1431)
at org.testng.Assert.assertEquals(Assert.java:1395)
at org.testng.Assert.assertEquals(Assert.java:1441)
at stepDefinition.BatchStepDefiniton.admin_receives_not_found_status_with_error_message(BatchStepDefiniton.java:808)
at ✽.Admin receives 404 Not Found Status with error message(file:///C:/Users/siris/git/Team06_API_Titans_RestAssured/src/test/resources/feature/03-06-UpdateByBatchId.feature:25)
]]>
    </failure>
  </testcase> <!-- runScenario -->
  <testcase classname="runner.TestRunner" name="runScenario" time="0.263"/>
  <testcase classname="runner.TestRunner" name="runScenario" time="0.197"/>
  <testcase classname="runner.TestRunner" name="runScenario" time="0.237">
    <failure message="expected [201] but found [400]" type="java.lang.AssertionError">
      <![CDATA[java.lang.AssertionError: expected [201] but found [400]
at org.testng.Assert.fail(Assert.java:111)
at org.testng.Assert.failNotEquals(Assert.java:1590)
at org.testng.Assert.assertEqualsImpl(Assert.java:150)
at org.testng.Assert.assertEquals(Assert.java:132)
at org.testng.Assert.assertEquals(Assert.java:1431)
at org.testng.Assert.assertEquals(Assert.java:1395)
at org.testng.Assert.assertEquals(Assert.java:1441)
at stepDefinition.BatchStepDefiniton.admin_receives_created_status_with_response_body(BatchStepDefiniton.java:91)
at ✽.Admin receives 201 Created status with response body.(file:///C:/Users/siris/git/Team06_API_Titans_RestAssured/src/test/resources/feature/03-02-AddNewBatch.feature:11)
]]>
    </failure>
  </testcase> <!-- runScenario -->
  <testcase classname="runner.TestRunner" name="runScenario" time="0.203">
    <failure message="expected [404] but found [400]" type="java.lang.AssertionError">
      <![CDATA[java.lang.AssertionError: expected [404] but found [400]
at org.testng.Assert.fail(Assert.java:111)
at org.testng.Assert.failNotEquals(Assert.java:1590)
at org.testng.Assert.assertEqualsImpl(Assert.java:150)
at org.testng.Assert.assertEquals(Assert.java:132)
at org.testng.Assert.assertEquals(Assert.java:1431)
at org.testng.Assert.assertEquals(Assert.java:1395)
at org.testng.Assert.assertEquals(Assert.java:1441)
at stepDefinition.BatchStepDefiniton.admin_receives_not_found_status_with_error_message(BatchStepDefiniton.java:808)
at ✽.Admin receives 404 Not Found Status with error message(file:///C:/Users/siris/git/Team06_API_Titans_RestAssured/src/test/resources/feature/03-06-UpdateByBatchId.feature:25)
]]>
    </failure>
  </testcase> <!-- runScenario -->
  <testcase classname="runner.TestRunner" name="runScenario" time="0.254"/>
  <testcase classname="runner.TestRunner" name="runScenario" time="0.205"/>
  <testcase classname="runner.TestRunner" name="runScenario" time="0.252"/>
  <testcase classname="runner.TestRunner" name="runScenario" time="0.193">
    <failure message="expected [405] but found [400]" type="java.lang.AssertionError">
      <![CDATA[java.lang.AssertionError: expected [405] but found [400]
at org.testng.Assert.fail(Assert.java:111)
at org.testng.Assert.failNotEquals(Assert.java:1590)
at org.testng.Assert.assertEqualsImpl(Assert.java:150)
at org.testng.Assert.assertEquals(Assert.java:132)
at org.testng.Assert.assertEquals(Assert.java:1431)
at org.testng.Assert.assertEquals(Assert.java:1395)
at org.testng.Assert.assertEquals(Assert.java:1441)
at stepDefinition.BatchStepDefiniton.admin_receives_method_not_allowed(BatchStepDefiniton.java:387)
at ✽.Admin receives 405 method not allowed(file:///C:/Users/siris/git/Team06_API_Titans_RestAssured/src/test/resources/feature/03-01GetAllBatches.feature:20)
]]>
    </failure>
  </testcase> <!-- runScenario -->
  <testcase classname="runner.TestRunner" name="runScenario" time="0.025">
    <error message="Scenario not found: Admin creates batch with invalid content type" type="java.lang.RuntimeException">
      <![CDATA[java.lang.RuntimeException: Scenario not found: Admin creates batch with invalid content type
at utilities.JsonReader.getTestDataByScenarioName(JsonReader.java:32)
at stepDefinition.BatchStepDefiniton.admin_creates_post_request_with_invalid_content_type(BatchStepDefiniton.java:330)
at ✽.Admin creates POST request with invalid content type(file:///C:/Users/siris/git/Team06_API_Titans_RestAssured/src/test/resources/feature/03-02-AddNewBatch.feature:93)
]]>
    </error>
  </testcase> <!-- runScenario -->
  <testcase classname="runner.TestRunner" name="runScenario" time="0.215"/>
  <testcase classname="runner.TestRunner" name="runScenario" time="0.202"/>
  <testcase classname="runner.TestRunner" name="runScenario" time="0.192"/>
  <testcase classname="runner.TestRunner" name="runScenario" time="0.236"/>
  <testcase classname="runner.TestRunner" name="runScenario" time="0.191">
    <failure message="expected [200] but found [404]" type="java.lang.AssertionError">
      <![CDATA[java.lang.AssertionError: expected [200] but found [404]
at org.testng.Assert.fail(Assert.java:111)
at org.testng.Assert.failNotEquals(Assert.java:1590)
at org.testng.Assert.assertEqualsImpl(Assert.java:150)
at org.testng.Assert.assertEquals(Assert.java:132)
at org.testng.Assert.assertEquals(Assert.java:1431)
at org.testng.Assert.assertEquals(Assert.java:1395)
at org.testng.Assert.assertEquals(Assert.java:1441)
at stepDefinition.BatchStepDefiniton.admin_receives_ok_status_with_response_body(BatchStepDefiniton.java:474)
at ✽.Admin receives 200 OK Status with response body.(file:///C:/Users/siris/git/Team06_API_Titans_RestAssured/src/test/resources/feature/03-03-GetBtachByBatchId.feature:23)
]]>
    </failure>
  </testcase> <!-- runScenario -->
  <testcase classname="runner.TestRunner" name="runScenario" time="0.174"/>
  <testcase classname="runner.TestRunner" name="runScenario" time="0.179">
    <failure message="expected [401] but found [200]" type="java.lang.AssertionError">
      <![CDATA[java.lang.AssertionError: expected [401] but found [200]
at org.testng.Assert.fail(Assert.java:111)
at org.testng.Assert.failNotEquals(Assert.java:1590)
at org.testng.Assert.assertEqualsImpl(Assert.java:150)
at org.testng.Assert.assertEquals(Assert.java:132)
at org.testng.Assert.assertEquals(Assert.java:1431)
at org.testng.Assert.assertEquals(Assert.java:1461)
at stepDefinition.ProgramStepDefinition.admin_validates_get_response_for_in_program_api(ProgramStepDefinition.java:430)
at ✽.Admin validates GET response for "Get All Programs With Users Without Auth" in program API(file:///C:/Users/siris/git/Team06_API_Titans_RestAssured/src/test/resources/feature/02programwithoutAuth.feature:9)
]]>
    </failure>
  </testcase> <!-- runScenario -->
  <testcase classname="runner.TestRunner" name="runScenario" time="0.181">
    <failure message="expected [200] but found [404]" type="java.lang.AssertionError">
      <![CDATA[java.lang.AssertionError: expected [200] but found [404]
at org.testng.Assert.fail(Assert.java:111)
at org.testng.Assert.failNotEquals(Assert.java:1590)
at org.testng.Assert.assertEqualsImpl(Assert.java:150)
at org.testng.Assert.assertEquals(Assert.java:132)
at org.testng.Assert.assertEquals(Assert.java:1431)
at org.testng.Assert.assertEquals(Assert.java:1395)
at org.testng.Assert.assertEquals(Assert.java:1441)
at stepDefinition.BatchStepDefiniton.admin_receives_ok_status_with_updated_value_in_response_body(BatchStepDefiniton.java:774)
at ✽.Admin receives 200 OK Status with updated value in response body.(file:///C:/Users/siris/git/Team06_API_Titans_RestAssured/src/test/resources/feature/03-06-UpdateByBatchId.feature:10)
]]>
    </failure>
  </testcase> <!-- runScenario -->
  <testcase classname="runner.TestRunner" name="runScenario" time="0.170"/>
  <testcase classname="runner.TestRunner" name="runScenario" time="0.242"/>
  <testcase classname="runner.TestRunner" name="runScenario" time="0.171"/>
  <testcase classname="runner.TestRunner" name="runScenario" time="0.215"/>
  <testcase classname="runner.TestRunner" name="runScenario" time="0.128">
    <error message="Invalid number of path parameters. Expected 1, was 0. Undefined path parameters are: batchId." type="java.lang.IllegalArgumentException">
      <![CDATA[java.lang.IllegalArgumentException: Invalid number of path parameters. Expected 1, was 0. Undefined path parameters are: batchId.
at java.base/jdk.internal.reflect.DirectConstructorHandleAccessor.newInstance(DirectConstructorHandleAccessor.java:62)
at java.base/java.lang.reflect.Constructor.newInstanceWithCaller(Constructor.java:502)
at java.base/java.lang.reflect.Constructor.newInstance(Constructor.java:486)
at org.codehaus.groovy.reflection.CachedConstructor.invoke(CachedConstructor.java:73)
at org.codehaus.groovy.reflection.CachedConstructor.doConstructorInvoke(CachedConstructor.java:60)
at org.codehaus.groovy.runtime.callsite.ConstructorSite$ConstructorSiteNoUnwrap.callConstructor(ConstructorSite.java:86)
at org.codehaus.groovy.runtime.callsite.CallSiteArray.defaultCallConstructor(CallSiteArray.java:57)
at org.codehaus.groovy.runtime.callsite.AbstractCallSite.callConstructor(AbstractCallSite.java:263)
at org.codehaus.groovy.runtime.callsite.AbstractCallSite.callConstructor(AbstractCallSite.java:277)
at io.restassured.internal.RequestSpecificationImpl.assertCorrectNumberOfPathParams(RequestSpecificationImpl.groovy:1277)
at java.base/jdk.internal.reflect.DirectMethodHandleAccessor.invoke(DirectMethodHandleAccessor.java:103)
at java.base/java.lang.reflect.Method.invoke(Method.java:580)
at org.codehaus.groovy.reflection.CachedMethod.invoke(CachedMethod.java:343)
at groovy.lang.MetaMethod.doMethodInvoke(MetaMethod.java:328)
at groovy.lang.MetaClassImpl.doInvokeMethod(MetaClassImpl.java:1333)
at groovy.lang.MetaClassImpl.invokeMethod(MetaClassImpl.java:1088)
at groovy.lang.MetaClassImpl.invokeMethod(MetaClassImpl.java:1007)
at groovy.lang.MetaClassImpl.invokeMethod(MetaClassImpl.java:790)
at io.restassured.internal.RequestSpecificationImpl.invokeMethod(RequestSpecificationImpl.groovy)
at org.codehaus.groovy.runtime.callsite.PogoInterceptableSite.call(PogoInterceptableSite.java:46)
at org.codehaus.groovy.runtime.callsite.PogoInterceptableSite.callCurrent(PogoInterceptableSite.java:57)
at org.codehaus.groovy.runtime.callsite.AbstractCallSite.callCurrent(AbstractCallSite.java:176)
at io.restassured.internal.RequestSpecificationImpl.sendRequest(RequestSpecificationImpl.groovy:1161)
at io.restassured.internal.RequestSpecificationImpl.this$2$sendRequest(RequestSpecificationImpl.groovy)
at java.base/jdk.internal.reflect.DirectMethodHandleAccessor.invoke(DirectMethodHandleAccessor.java:103)
at java.base/java.lang.reflect.Method.invoke(Method.java:580)
at org.codehaus.groovy.reflection.CachedMethod.invoke(CachedMethod.java:343)
at groovy.lang.MetaMethod.doMethodInvoke(MetaMethod.java:328)
at groovy.lang.MetaClassImpl.doInvokeMethod(MetaClassImpl.java:1333)
at groovy.lang.MetaClassImpl.invokeMethod(MetaClassImpl.java:1088)
at groovy.lang.MetaClassImpl.invokeMethod(MetaClassImpl.java:1007)
at groovy.lang.MetaClassImpl.invokeMethod(MetaClassImpl.java:790)
at io.restassured.internal.RequestSpecificationImpl.invokeMethod(RequestSpecificationImpl.groovy)
at org.codehaus.groovy.runtime.callsite.PogoInterceptableSite.call(PogoInterceptableSite.java:46)
at org.codehaus.groovy.runtime.callsite.AbstractCallSite.call(AbstractCallSite.java:166)
at io.restassured.internal.filter.SendRequestFilter.filter(SendRequestFilter.groovy:30)
at io.restassured.filter.Filter$filter$0.call(Unknown Source)
at org.codehaus.groovy.runtime.callsite.CallSiteArray.defaultCall(CallSiteArray.java:45)
at io.restassured.filter.Filter$filter.call(Unknown Source)
at io.restassured.internal.filter.FilterContextImpl.next(FilterContextImpl.groovy:72)
at io.restassured.filter.time.TimingFilter.filter(TimingFilter.java:56)
at io.restassured.filter.Filter$filter.call(Unknown Source)
at org.codehaus.groovy.runtime.callsite.CallSiteArray.defaultCall(CallSiteArray.java:45)
at io.restassured.filter.Filter$filter$0.call(Unknown Source)
at io.restassured.internal.filter.FilterContextImpl.next(FilterContextImpl.groovy:72)
at io.restassured.filter.FilterContext$next.call(Unknown Source)
at io.restassured.internal.filter.CsrfFilter.filter(CsrfFilter.groovy:89)
at io.restassured.filter.Filter$filter$0.call(Unknown Source)
at org.codehaus.groovy.runtime.callsite.CallSiteArray.defaultCall(CallSiteArray.java:45)
at io.restassured.filter.Filter$filter.call(Unknown Source)
at io.restassured.internal.filter.FilterContextImpl.next(FilterContextImpl.groovy:72)
at io.restassured.filter.log.RequestLoggingFilter.filter(RequestLoggingFilter.java:148)
at io.restassured.filter.Filter$filter.call(Unknown Source)
at org.codehaus.groovy.runtime.callsite.CallSiteArray.defaultCall(CallSiteArray.java:45)
at io.restassured.filter.Filter$filter$0.call(Unknown Source)
at io.restassured.internal.filter.FilterContextImpl.next(FilterContextImpl.groovy:72)
at io.restassured.filter.FilterContext$next.call(Unknown Source)
at io.restassured.internal.RequestSpecificationImpl.applyPathParamsAndSendRequest(RequestSpecificationImpl.groovy:1704)
at io.restassured.internal.RequestSpecificationImpl.this$2$applyPathParamsAndSendRequest(RequestSpecificationImpl.groovy)
at java.base/jdk.internal.reflect.DirectMethodHandleAccessor.invoke(DirectMethodHandleAccessor.java:103)
at java.base/java.lang.reflect.Method.invoke(Method.java:580)
at org.codehaus.groovy.reflection.CachedMethod.invoke(CachedMethod.java:343)
at groovy.lang.MetaMethod.doMethodInvoke(MetaMethod.java:328)
at groovy.lang.MetaClassImpl.doInvokeMethod(MetaClassImpl.java:1333)
at groovy.lang.MetaClassImpl.invokeMethod(MetaClassImpl.java:1088)
at groovy.lang.MetaClassImpl.invokeMethod(MetaClassImpl.java:1007)
at groovy.lang.MetaClassImpl.invokeMethod(MetaClassImpl.java:790)
at io.restassured.internal.RequestSpecificationImpl.invokeMethod(RequestSpecificationImpl.groovy)
at org.codehaus.groovy.runtime.callsite.PogoInterceptableSite.call(PogoInterceptableSite.java:46)
at org.codehaus.groovy.runtime.callsite.PogoInterceptableSite.callCurrent(PogoInterceptableSite.java:57)
at org.codehaus.groovy.runtime.callsite.AbstractCallSite.callCurrent(AbstractCallSite.java:203)
at io.restassured.internal.RequestSpecificationImpl.applyPathParamsAndSendRequest(RequestSpecificationImpl.groovy:1710)
at io.restassured.internal.RequestSpecificationImpl.this$2$applyPathParamsAndSendRequest(RequestSpecificationImpl.groovy)
at java.base/jdk.internal.reflect.DirectMethodHandleAccessor.invoke(DirectMethodHandleAccessor.java:103)
at java.base/java.lang.reflect.Method.invoke(Method.java:580)
at org.codehaus.groovy.reflection.CachedMethod.invoke(CachedMethod.java:343)
at groovy.lang.MetaMethod.doMethodInvoke(MetaMethod.java:328)
at groovy.lang.MetaClassImpl.doInvokeMethod(MetaClassImpl.java:1333)
at groovy.lang.MetaClassImpl.invokeMethod(MetaClassImpl.java:1088)
at groovy.lang.MetaClassImpl.invokeMethod(MetaClassImpl.java:1007)
at groovy.lang.MetaClassImpl.invokeMethod(MetaClassImpl.java:790)
at io.restassured.internal.RequestSpecificationImpl.invokeMethod(RequestSpecificationImpl.groovy)
at org.codehaus.groovy.runtime.callsite.PogoInterceptableSite.call(PogoInterceptableSite.java:46)
at org.codehaus.groovy.runtime.callsite.PogoInterceptableSite.callCurrent(PogoInterceptableSite.java:57)
at org.codehaus.groovy.runtime.callsite.AbstractCallSite.callCurrent(AbstractCallSite.java:203)
at io.restassured.internal.RequestSpecificationImpl.get(RequestSpecificationImpl.groovy:172)
at io.restassured.internal.RequestSpecificationImpl.get(RequestSpecificationImpl.groovy)
at stepDefinition.BatchStepDefiniton.admin_sends_https_request_to_the_endpoint_for_invalid_content_method(BatchStepDefiniton.java:648)
at ✽.Admin sends HTTPS request to the endpoint for invalid content method(file:///C:/Users/siris/git/Team06_API_Titans_RestAssured/src/test/resources/feature/03-03-GetBtachByBatchId.feature:46)
]]>
    </error>
  </testcase> <!-- runScenario -->
  <testcase classname="runner.TestRunner" name="runScenario" time="0.177"/>
  <testcase classname="runner.TestRunner" name="runScenario" time="0.075">
    <failure message="expected [401] but found [403]" type="java.lang.AssertionError">
      <![CDATA[java.lang.AssertionError: expected [401] but found [403]
at org.testng.Assert.fail(Assert.java:111)
at org.testng.Assert.failNotEquals(Assert.java:1590)
at org.testng.Assert.assertEqualsImpl(Assert.java:150)
at org.testng.Assert.assertEquals(Assert.java:132)
at org.testng.Assert.assertEquals(Assert.java:1431)
at org.testng.Assert.assertEquals(Assert.java:1395)
at org.testng.Assert.assertEquals(Assert.java:1441)
at stepDefinition.BatchStepDefiniton.admin_receives_unauthorized(BatchStepDefiniton.java:440)
at ✽.Admin receives 401 Unauthorized(file:///C:/Users/siris/git/Team06_API_Titans_RestAssured/src/test/resources/feature/BatchWithNoAuth.feature:10)
]]>
    </failure>
  </testcase> <!-- runScenario -->
  <testcase classname="runner.TestRunner" name="runScenario" time="0.490">
    <failure message="expected [401] but found [200]" type="java.lang.AssertionError">
      <![CDATA[java.lang.AssertionError: expected [401] but found [200]
at org.testng.Assert.fail(Assert.java:111)
at org.testng.Assert.failNotEquals(Assert.java:1590)
at org.testng.Assert.assertEqualsImpl(Assert.java:150)
at org.testng.Assert.assertEquals(Assert.java:132)
at org.testng.Assert.assertEquals(Assert.java:1431)
at org.testng.Assert.assertEquals(Assert.java:1461)
at stepDefinition.ProgramStepDefinition.admin_validates_get_response_for_in_program_api(ProgramStepDefinition.java:430)
at ✽.Admin validates GET response for "Get All Programs Without Auth" in program API(file:///C:/Users/siris/git/Team06_API_Titans_RestAssured/src/test/resources/feature/02programwithoutAuth.feature:9)
]]>
    </failure>
  </testcase> <!-- runScenario -->
  <testcase classname="runner.TestRunner" name="runScenario" time="1.042"/>
  <testcase classname="runner.TestRunner" name="runScenario" time="0.203"/>
  <testcase classname="runner.TestRunner" name="runScenario" time="0.188"/>
  <testcase classname="runner.TestRunner" name="runScenario" time="1.157"/>
  <testcase classname="runner.TestRunner" name="runScenario" time="0.172"/>
  <testcase classname="runner.TestRunner" name="runScenario" time="0.164"/>
  <testcase classname="runner.TestRunner" name="runScenario" time="0.180">
    <failure message="expected [400] but found [404]" type="java.lang.AssertionError">
      <![CDATA[java.lang.AssertionError: expected [400] but found [404]
at org.testng.Assert.fail(Assert.java:111)
at org.testng.Assert.failNotEquals(Assert.java:1590)
at org.testng.Assert.assertEqualsImpl(Assert.java:150)
at org.testng.Assert.assertEquals(Assert.java:132)
at org.testng.Assert.assertEquals(Assert.java:1431)
at org.testng.Assert.assertEquals(Assert.java:1395)
at org.testng.Assert.assertEquals(Assert.java:1441)
at stepDefinition.BatchStepDefiniton.admin_receives_bad_request_with_valid_error_message(BatchStepDefiniton.java:136)
at ✽.Admin receives 400 Bad Request with valid error message(file:///C:/Users/siris/git/Team06_API_Titans_RestAssured/src/test/resources/feature/03-06-UpdateByBatchId.feature:48)
]]>
    </failure>
  </testcase> <!-- runScenario -->
  <testcase classname="runner.TestRunner" name="runScenario" time="0.211"/>
  <testcase classname="runner.TestRunner" name="runScenario" time="0.237"/>
  <testcase classname="runner.TestRunner" name="runScenario" time="0.207"/>
  <testcase classname="runner.TestRunner" name="runScenario" time="0.213"/>
  <testcase classname="runner.TestRunner" name="runScenario" time="0.184"/>
  <testcase classname="runner.TestRunner" name="runScenario" time="0.230">
    <failure message="expected [201] but found [400]" type="java.lang.AssertionError">
      <![CDATA[java.lang.AssertionError: expected [201] but found [400]
at org.testng.Assert.fail(Assert.java:111)
at org.testng.Assert.failNotEquals(Assert.java:1590)
at org.testng.Assert.assertEqualsImpl(Assert.java:150)
at org.testng.Assert.assertEquals(Assert.java:132)
at org.testng.Assert.assertEquals(Assert.java:1431)
at org.testng.Assert.assertEquals(Assert.java:1395)
at org.testng.Assert.assertEquals(Assert.java:1441)
at stepDefinition.BatchStepDefiniton.admin_receives_created_status_with_response_body(BatchStepDefiniton.java:91)
at ✽.Admin receives 201 Created status with response body.(file:///C:/Users/siris/git/Team06_API_Titans_RestAssured/src/test/resources/feature/03-02-AddNewBatch.feature:29)
]]>
    </failure>
  </testcase> <!-- runScenario -->
  <testcase classname="runner.TestRunner" name="runScenario" time="0.228"/>
  <testcase classname="runner.TestRunner" name="runScenario" time="1.179"/>
  <testcase classname="runner.TestRunner" name="runScenario" time="0.169"/>
  <testcase classname="runner.TestRunner" name="runScenario" time="0.182"/>
  <testcase classname="runner.TestRunner" name="runScenario" time="0.246"/>
  <testcase classname="runner.TestRunner" name="runScenario" time="0.257"/>
  <testcase classname="runner.TestRunner" name="runScenario" time="0.192"/>
  <testcase classname="runner.TestRunner" name="runScenario" time="0.237"/>
  <testcase classname="runner.TestRunner" name="runScenario" time="0.621"/>
  <testcase classname="runner.TestRunner" name="runScenario" time="0.234"/>
  <testcase classname="runner.TestRunner" name="runScenario" time="0.178"/>
  <testcase classname="runner.TestRunner" name="runScenario" time="0.517">
    <failure message="expected [415] but found [403]" type="java.lang.AssertionError">
      <![CDATA[java.lang.AssertionError: expected [415] but found [403]
at org.testng.Assert.fail(Assert.java:111)
at org.testng.Assert.failNotEquals(Assert.java:1590)
at org.testng.Assert.assertEqualsImpl(Assert.java:150)
at org.testng.Assert.assertEquals(Assert.java:132)
at org.testng.Assert.assertEquals(Assert.java:1431)
at org.testng.Assert.assertEquals(Assert.java:1395)
at org.testng.Assert.assertEquals(Assert.java:1441)
at stepDefinition.BatchStepDefiniton.admin_receives_unsupported_media_type(BatchStepDefiniton.java:353)
at ✽.Admin receives 415 unsupported media type(file:///C:/Users/siris/git/Team06_API_Titans_RestAssured/src/test/resources/feature/03-01GetAllBatches.feature:25)
]]>
    </failure>
  </testcase> <!-- runScenario -->
  <testcase classname="runner.TestRunner" name="runScenario" time="0.017">
    <error message="Cannot invoke &quot;io.restassured.specification.RequestSpecification.when()&quot; because &quot;this.request&quot; is null" type="java.lang.NullPointerException">
      <![CDATA[java.lang.NullPointerException: Cannot invoke "io.restassured.specification.RequestSpecification.when()" because "this.request" is null
at stepDefinition.ProgramStepDefinition.admin_sends_a_https_delete_request_to_the_valid_endpoint_in_program_api(ProgramStepDefinition.java:291)
at ✽.Admin sends a HTTPS DELETE request to the valid endpoint in program API(file:///C:/Users/siris/git/Team06_API_Titans_RestAssured/src/test/resources/feature/DeleteProgram.feature:8)
]]>
    </error>
  </testcase> <!-- runScenario -->
  <testcase classname="runner.TestRunner" name="runScenario" time="0.240"/>
  <testcase classname="runner.TestRunner" name="runScenario" time="0.207"/>
  <testcase classname="runner.TestRunner" name="runScenario" time="0.184"/>
  <testcase classname="runner.TestRunner" name="runScenario" time="0.214">
    <failure message="expected [200] but found [404]" type="java.lang.AssertionError">
      <![CDATA[java.lang.AssertionError: expected [200] but found [404]
at org.testng.Assert.fail(Assert.java:111)
at org.testng.Assert.failNotEquals(Assert.java:1590)
at org.testng.Assert.assertEqualsImpl(Assert.java:150)
at org.testng.Assert.assertEquals(Assert.java:132)
at org.testng.Assert.assertEquals(Assert.java:1431)
at org.testng.Assert.assertEquals(Assert.java:1395)
at org.testng.Assert.assertEquals(Assert.java:1441)
at stepDefinition.BatchStepDefiniton.admin_receives_ok_status_with_response_body(BatchStepDefiniton.java:474)
at ✽.Admin receives 200 OK Status with response body.(file:///C:/Users/siris/git/Team06_API_Titans_RestAssured/src/test/resources/feature/03-04-GetBatchByBatchName.feature:10)
]]>
    </failure>
  </testcase> <!-- runScenario -->
  <testcase classname="runner.TestRunner" name="runScenario" time="0.234"/>
  <testcase classname="runner.TestRunner" name="runScenario" time="0.208"/>
  <testcase classname="runner.TestRunner" name="runScenario" time="0.179"/>
  <testcase classname="runner.TestRunner" name="runScenario" time="0.608"/>
  <testcase classname="runner.TestRunner" name="runScenario" time="0.206"/>
  <testcase classname="runner.TestRunner" name="runScenario" time="0.243"/>
  <testcase classname="runner.TestRunner" name="runScenario" time="0.168"/>
  <testcase classname="runner.TestRunner" name="runScenario" time="0.272"/>
  <testcase classname="runner.TestRunner" name="runScenario" time="0.235"/>
  <testcase classname="runner.TestRunner" name="runScenario" time="0.254"/>
  <testcase classname="runner.TestRunner" name="runScenario" time="0.223"/>
  <testcase classname="runner.TestRunner" name="runScenario" time="0.200">
    <failure message="expected [404] but found [400]" type="java.lang.AssertionError">
      <![CDATA[java.lang.AssertionError: expected [404] but found [400]
at org.testng.Assert.fail(Assert.java:111)
at org.testng.Assert.failNotEquals(Assert.java:1590)
at org.testng.Assert.assertEqualsImpl(Assert.java:150)
at org.testng.Assert.assertEquals(Assert.java:132)
at org.testng.Assert.assertEquals(Assert.java:1431)
at org.testng.Assert.assertEquals(Assert.java:1395)
at org.testng.Assert.assertEquals(Assert.java:1441)
at stepDefinition.BatchStepDefiniton.admin_receives_not_found_status_with_error_message(BatchStepDefiniton.java:808)
at ✽.Admin receives 404 Not Found Status with error message(file:///C:/Users/siris/git/Team06_API_Titans_RestAssured/src/test/resources/feature/03-06-UpdateByBatchId.feature:25)
]]>
    </failure>
  </testcase> <!-- runScenario -->
  <testcase classname="runner.TestRunner" name="runScenario" time="0.201"/>
  <testcase classname="runner.TestRunner" name="runScenario" time="0.209"/>
  <testcase classname="runner.TestRunner" name="runScenario" time="0.195">
    <failure message="expected [404] but found [400]" type="java.lang.AssertionError">
      <![CDATA[java.lang.AssertionError: expected [404] but found [400]
at org.testng.Assert.fail(Assert.java:111)
at org.testng.Assert.failNotEquals(Assert.java:1590)
at org.testng.Assert.assertEqualsImpl(Assert.java:150)
at org.testng.Assert.assertEquals(Assert.java:132)
at org.testng.Assert.assertEquals(Assert.java:1431)
at org.testng.Assert.assertEquals(Assert.java:1395)
at org.testng.Assert.assertEquals(Assert.java:1441)
at stepDefinition.BatchStepDefiniton.admin_receives_not_found_status_with_error_message(BatchStepDefiniton.java:808)
at ✽.Admin receives 404 Not Found Status with error message(file:///C:/Users/siris/git/Team06_API_Titans_RestAssured/src/test/resources/feature/03-06-UpdateByBatchId.feature:25)
]]>
    </failure>
  </testcase> <!-- runScenario -->
  <testcase classname="runner.TestRunner" name="runScenario" time="0.176">
    <failure message="expected [200] but found [400]" type="java.lang.AssertionError">
      <![CDATA[java.lang.AssertionError: expected [200] but found [400]
at org.testng.Assert.fail(Assert.java:111)
at org.testng.Assert.failNotEquals(Assert.java:1590)
at org.testng.Assert.assertEqualsImpl(Assert.java:150)
at org.testng.Assert.assertEquals(Assert.java:132)
at org.testng.Assert.assertEquals(Assert.java:1431)
at org.testng.Assert.assertEquals(Assert.java:1395)
at org.testng.Assert.assertEquals(Assert.java:1441)
at stepDefinition.BatchStepDefiniton.admin_receives_a_ok_status_and_the_response_body_contains_the_program_details_corresponding_to_the_provided_program_id(BatchStepDefiniton.java:874)
at ✽.Admin receives a 200 OK status and the response body contains the program details corresponding to the provided program id(file:///C:/Users/siris/git/Team06_API_Titans_RestAssured/src/test/resources/feature/03-06-UpdateByBatchId.feature:43)
]]>
    </failure>
  </testcase> <!-- runScenario -->
  <testcase classname="runner.TestRunner" name="runScenario" time="0.185"/>
  <testcase classname="runner.TestRunner" name="runScenario" time="0.423"/>
  <testcase classname="runner.TestRunner" name="runScenario" time="0.248"/>
  <testcase classname="runner.TestRunner" name="runScenario" time="0.231"/>
  <testcase classname="runner.TestRunner" name="runScenario" time="0.233"/>
  <testcase classname="runner.TestRunner" name="runScenario" time="0.196"/>
  <testcase classname="runner.TestRunner" name="runScenario" time="0.214"/>
  <testcase classname="runner.TestRunner" name="runScenario" time="0.179"/>
  <testcase classname="runner.TestRunner" name="runScenario" time="0.193">
    <failure message="expected [404] but found [400]" type="java.lang.AssertionError">
      <![CDATA[java.lang.AssertionError: expected [404] but found [400]
at org.testng.Assert.fail(Assert.java:111)
at org.testng.Assert.failNotEquals(Assert.java:1590)
at org.testng.Assert.assertEqualsImpl(Assert.java:150)
at org.testng.Assert.assertEquals(Assert.java:132)
at org.testng.Assert.assertEquals(Assert.java:1431)
at org.testng.Assert.assertEquals(Assert.java:1395)
at org.testng.Assert.assertEquals(Assert.java:1441)
at stepDefinition.BatchStepDefiniton.admin_receives_not_found_status_with_error_message(BatchStepDefiniton.java:808)
at ✽.Admin receives 404 Not Found Status with error message(file:///C:/Users/siris/git/Team06_API_Titans_RestAssured/src/test/resources/feature/03-06-UpdateByBatchId.feature:25)
]]>
    </failure>
  </testcase> <!-- runScenario -->
  <testcase classname="runner.TestRunner" name="runScenario" time="0.204"/>
  <testcase classname="runner.TestRunner" name="runScenario" time="0.192"/>
  <testcase classname="runner.TestRunner" name="runScenario" time="0.167"/>
  <testcase classname="runner.TestRunner" name="runScenario" time="0.198">
    <failure message="expected [200] but found [404]" type="java.lang.AssertionError">
      <![CDATA[java.lang.AssertionError: expected [200] but found [404]
at org.testng.Assert.fail(Assert.java:111)
at org.testng.Assert.failNotEquals(Assert.java:1590)
at org.testng.Assert.assertEqualsImpl(Assert.java:150)
at org.testng.Assert.assertEquals(Assert.java:132)
at org.testng.Assert.assertEquals(Assert.java:1431)
at org.testng.Assert.assertEquals(Assert.java:1395)
at org.testng.Assert.assertEquals(Assert.java:1441)
at stepDefinition.BatchStepDefiniton.admin_receives_ok_status_with_message(BatchStepDefiniton.java:994)
at ✽.Admin receives 200 Ok status with message(file:///C:/Users/siris/git/Team06_API_Titans_RestAssured/src/test/resources/feature/03-03-GetBtachByBatchId.feature:17)
]]>
    </failure>
  </testcase> <!-- runScenario -->
  <testcase classname="runner.TestRunner" name="runScenario" time="0.300">
    <failure message="expected [415] but found [403]" type="java.lang.AssertionError">
      <![CDATA[java.lang.AssertionError: expected [415] but found [403]
at org.testng.Assert.fail(Assert.java:111)
at org.testng.Assert.failNotEquals(Assert.java:1590)
at org.testng.Assert.assertEqualsImpl(Assert.java:150)
at org.testng.Assert.assertEquals(Assert.java:132)
at org.testng.Assert.assertEquals(Assert.java:1431)
at org.testng.Assert.assertEquals(Assert.java:1395)
at org.testng.Assert.assertEquals(Assert.java:1441)
at stepDefinition.BatchStepDefiniton.admin_receives_unsupported_media_type(BatchStepDefiniton.java:353)
at ✽.Admin receives 415 unsupported media type(file:///C:/Users/siris/git/Team06_API_Titans_RestAssured/src/test/resources/feature/03-04-GetBatchByBatchName.feature:30)
]]>
    </failure>
  </testcase> <!-- runScenario -->
  <testcase classname="runner.TestRunner" name="runScenario" time="0.209">
    <failure message="expected [404] but found [400]" type="java.lang.AssertionError">
      <![CDATA[java.lang.AssertionError: expected [404] but found [400]
at org.testng.Assert.fail(Assert.java:111)
at org.testng.Assert.failNotEquals(Assert.java:1590)
at org.testng.Assert.assertEqualsImpl(Assert.java:150)
at org.testng.Assert.assertEquals(Assert.java:132)
at org.testng.Assert.assertEquals(Assert.java:1431)
at org.testng.Assert.assertEquals(Assert.java:1395)
at org.testng.Assert.assertEquals(Assert.java:1441)
at stepDefinition.BatchStepDefiniton.admin_receives_not_found_status_with_error_message(BatchStepDefiniton.java:808)
at ✽.Admin receives 404 Not Found Status with error message(file:///C:/Users/siris/git/Team06_API_Titans_RestAssured/src/test/resources/feature/03-06-UpdateByBatchId.feature:25)
]]>
    </failure>
  </testcase> <!-- runScenario -->
  <testcase classname="runner.TestRunner" name="runScenario" time="0.186"/>
  <testcase classname="runner.TestRunner" name="runScenario" time="1.345">
    <failure message="expected [201] but found [400]" type="java.lang.AssertionError">
      <![CDATA[java.lang.AssertionError: expected [201] but found [400]
at org.testng.Assert.fail(Assert.java:111)
at org.testng.Assert.failNotEquals(Assert.java:1590)
at org.testng.Assert.assertEqualsImpl(Assert.java:150)
at org.testng.Assert.assertEquals(Assert.java:132)
at org.testng.Assert.assertEquals(Assert.java:1431)
at org.testng.Assert.assertEquals(Assert.java:1395)
at org.testng.Assert.assertEquals(Assert.java:1441)
at stepDefinition.BatchStepDefiniton.admin_receives_a_created_and_the_response_body_contains_the_program_details_corresponding_to_the_provided_program_id(BatchStepDefiniton.java:113)
at ✽.Admin receives a 201 created and the response body contains the program details corresponding to the provided program id(file:///C:/Users/siris/git/Team06_API_Titans_RestAssured/src/test/resources/feature/03-02-AddNewBatch.feature:17)
]]>
    </failure>
  </testcase> <!-- runScenario -->
  <testcase classname="runner.TestRunner" name="runScenario" time="0.204"/>
  <testcase classname="runner.TestRunner" name="runScenario" time="0.197"/>
  <testcase classname="runner.TestRunner" name="runScenario" time="0.227"/>
  <testcase classname="runner.TestRunner" name="runScenario" time="0.203"/>
  <testcase classname="runner.TestRunner" name="runScenario" time="0.270"/>
  <testcase classname="runner.TestRunner" name="runScenario" time="0.208">
    <failure message="expected [200] but found [404]" type="java.lang.AssertionError">
      <![CDATA[java.lang.AssertionError: expected [200] but found [404]
at org.testng.Assert.fail(Assert.java:111)
at org.testng.Assert.failNotEquals(Assert.java:1590)
at org.testng.Assert.assertEqualsImpl(Assert.java:150)
at org.testng.Assert.assertEquals(Assert.java:132)
at org.testng.Assert.assertEquals(Assert.java:1431)
at org.testng.Assert.assertEquals(Assert.java:1395)
at org.testng.Assert.assertEquals(Assert.java:1441)
at stepDefinition.BatchStepDefiniton.admin_receives_ok_status_with_response_body(BatchStepDefiniton.java:474)
at ✽.Admin receives 200 OK Status with response body.(file:///C:/Users/siris/git/Team06_API_Titans_RestAssured/src/test/resources/feature/03-03-GetBtachByBatchId.feature:11)
]]>
    </failure>
  </testcase> <!-- runScenario -->
  <testcase classname="runner.TestRunner" name="runScenario" time="0.630"/>
  <testcase classname="runner.TestRunner" name="runScenario" time="0.208">
    <failure message="expected [404] but found [400]" type="java.lang.AssertionError">
      <![CDATA[java.lang.AssertionError: expected [404] but found [400]
at org.testng.Assert.fail(Assert.java:111)
at org.testng.Assert.failNotEquals(Assert.java:1590)
at org.testng.Assert.assertEqualsImpl(Assert.java:150)
at org.testng.Assert.assertEquals(Assert.java:132)
at org.testng.Assert.assertEquals(Assert.java:1431)
at org.testng.Assert.assertEquals(Assert.java:1395)
at org.testng.Assert.assertEquals(Assert.java:1441)
at stepDefinition.BatchStepDefiniton.admin_receives_not_found_status_with_error_message(BatchStepDefiniton.java:808)
at ✽.Admin receives 404 Not Found Status with error message(file:///C:/Users/siris/git/Team06_API_Titans_RestAssured/src/test/resources/feature/03-06-UpdateByBatchId.feature:25)
]]>
    </failure>
  </testcase> <!-- runScenario -->
  <testcase classname="runner.TestRunner" name="runScenario" time="0.177"/>
  <testcase classname="runner.TestRunner" name="runScenario" time="0.177"/>
  <testcase classname="runner.TestRunner" name="runScenario" time="0.216">
    <failure message="expected [400] but found [404]" type="java.lang.AssertionError">
      <![CDATA[java.lang.AssertionError: expected [400] but found [404]
at org.testng.Assert.fail(Assert.java:111)
at org.testng.Assert.failNotEquals(Assert.java:1590)
at org.testng.Assert.assertEqualsImpl(Assert.java:150)
at org.testng.Assert.assertEquals(Assert.java:132)
at org.testng.Assert.assertEquals(Assert.java:1431)
at org.testng.Assert.assertEquals(Assert.java:1395)
at org.testng.Assert.assertEquals(Assert.java:1441)
at stepDefinition.BatchStepDefiniton.admin_receives_bad_request_with_valid_error_message(BatchStepDefiniton.java:136)
at ✽.Admin receives 400 Bad Request with valid error message(file:///C:/Users/siris/git/Team06_API_Titans_RestAssured/src/test/resources/feature/03-02-AddNewBatch.feature:80)
]]>
    </failure>
  </testcase> <!-- runScenario -->
  <testcase classname="runner.TestRunner" name="runScenario" time="0.181"/>
  <testcase classname="runner.TestRunner" name="runScenario" time="0.199">
    <failure message="expected [404] but found [400]" type="java.lang.AssertionError">
      <![CDATA[java.lang.AssertionError: expected [404] but found [400]
at org.testng.Assert.fail(Assert.java:111)
at org.testng.Assert.failNotEquals(Assert.java:1590)
at org.testng.Assert.assertEqualsImpl(Assert.java:150)
at org.testng.Assert.assertEquals(Assert.java:132)
at org.testng.Assert.assertEquals(Assert.java:1431)
at org.testng.Assert.assertEquals(Assert.java:1395)
at org.testng.Assert.assertEquals(Assert.java:1441)
at stepDefinition.BatchStepDefiniton.admin_receives_not_found_status_with_error_message(BatchStepDefiniton.java:808)
at ✽.Admin receives 404 Not Found Status with error message(file:///C:/Users/siris/git/Team06_API_Titans_RestAssured/src/test/resources/feature/03-06-UpdateByBatchId.feature:25)
]]>
    </failure>
  </testcase> <!-- runScenario -->
  <testcase classname="runner.TestRunner" name="runScenario" time="0.182"/>
  <testcase classname="runner.TestRunner" name="runScenario" time="0.201"/>
  <testcase classname="runner.TestRunner" name="runScenario" time="0.171"/>
  <testcase classname="runner.TestRunner" name="runScenario" time="0.177"/>
  <testcase classname="runner.TestRunner" name="runScenario" time="0.174"/>
  <testcase classname="runner.TestRunner" name="runScenario" time="0.265"/>
  <testcase classname="runner.TestRunner" name="runScenario" time="0.195"/>
  <testcase classname="runner.TestRunner" name="runScenario" time="0.237"/>
  <testcase classname="runner.TestRunner" name="runScenario" time="0.805">
    <failure message="expected [405] but found [200]" type="java.lang.AssertionError">
      <![CDATA[java.lang.AssertionError: expected [405] but found [200]
at org.testng.Assert.fail(Assert.java:111)
at org.testng.Assert.failNotEquals(Assert.java:1590)
at org.testng.Assert.assertEqualsImpl(Assert.java:150)
at org.testng.Assert.assertEquals(Assert.java:132)
at org.testng.Assert.assertEquals(Assert.java:1431)
at org.testng.Assert.assertEquals(Assert.java:1395)
at org.testng.Assert.assertEquals(Assert.java:1441)
at stepDefinition.BatchStepDefiniton.admin_receives_method_not_allowed(BatchStepDefiniton.java:387)
at ✽.Admin receives 405 method not allowed(file:///C:/Users/siris/git/Team06_API_Titans_RestAssured/src/test/resources/feature/03-02-AddNewBatch.feature:100)
]]>
    </failure>
  </testcase> <!-- runScenario -->
  <testcase classname="runner.TestRunner" name="runScenario" time="0.171"/>
  <testcase classname="runner.TestRunner" name="runScenario" time="0.310"/>
  <testcase classname="runner.TestRunner" name="runScenario" time="0.196"/>
  <testcase classname="runner.TestRunner" name="runScenario" time="0.188">
    <failure message="expected [401] but found [200]" type="java.lang.AssertionError">
      <![CDATA[java.lang.AssertionError: expected [401] but found [200]
at org.testng.Assert.fail(Assert.java:111)
at org.testng.Assert.failNotEquals(Assert.java:1590)
at org.testng.Assert.assertEqualsImpl(Assert.java:150)
at org.testng.Assert.assertEquals(Assert.java:132)
at org.testng.Assert.assertEquals(Assert.java:1431)
at org.testng.Assert.assertEquals(Assert.java:1461)
at stepDefinition.ProgramStepDefinition.admin_validates_get_response_for_in_program_api(ProgramStepDefinition.java:430)
at ✽.Admin validates GET response for "Get Program By ID Without Auth" in program API(file:///C:/Users/siris/git/Team06_API_Titans_RestAssured/src/test/resources/feature/02programwithoutAuth.feature:9)
]]>
    </failure>
  </testcase> <!-- runScenario -->
  <testcase classname="runner.TestRunner" name="runScenario" time="0.014">
    <error message="Cannot invoke &quot;io.restassured.response.Response.asPrettyString()&quot; because &quot;this.response&quot; is null" type="java.lang.NullPointerException">
      <![CDATA[java.lang.NullPointerException: Cannot invoke "io.restassured.response.Response.asPrettyString()" because "this.response" is null
at stepDefinition.BatchStepDefiniton.admin_receives_unsupported_media_type(BatchStepDefiniton.java:352)
at ✽.Admin receives 415 unsupported media type(file:///C:/Users/siris/git/Team06_API_Titans_RestAssured/src/test/resources/feature/03-07-DeleteBatchByBatchId.feature:29)
]]>
    </error>
  </testcase> <!-- runScenario -->
  <testcase classname="runner.TestRunner" name="runScenario" time="0.217"/>
  <testcase classname="runner.TestRunner" name="runScenario" time="0.185"/>
  <testcase classname="runner.TestRunner" name="runScenario" time="0.182"/>
  <testcase classname="runner.TestRunner" name="runScenario" time="0.190">
    <failure message="expected [404] but found [400]" type="java.lang.AssertionError">
      <![CDATA[java.lang.AssertionError: expected [404] but found [400]
at org.testng.Assert.fail(Assert.java:111)
at org.testng.Assert.failNotEquals(Assert.java:1590)
at org.testng.Assert.assertEqualsImpl(Assert.java:150)
at org.testng.Assert.assertEquals(Assert.java:132)
at org.testng.Assert.assertEquals(Assert.java:1431)
at org.testng.Assert.assertEquals(Assert.java:1395)
at org.testng.Assert.assertEquals(Assert.java:1441)
at stepDefinition.BatchStepDefiniton.admin_receives_not_found_status_with_error_message(BatchStepDefiniton.java:808)
at ✽.Admin receives 404 Not Found Status with error message(file:///C:/Users/siris/git/Team06_API_Titans_RestAssured/src/test/resources/feature/03-06-UpdateByBatchId.feature:25)
]]>
    </failure>
  </testcase> <!-- runScenario -->
  <testcase classname="runner.TestRunner" name="runScenario" time="3.702"/>
  <testcase classname="runner.TestRunner" name="runScenario" time="0.243"/>
</testsuite> <!-- runner.TestRunner -->
