<?xml version="1.0" encoding="UTF-8"?>
<!-- Generated by org.testng.reporters.JUnitReportReporter -->
<testsuite hostname="RanjaniHeartlaptop" failures="20" tests="125" name="runner.TestRunner" time="42.793" errors="14" timestamp="2026-05-05T11:01:04 EDT" skipped="0">
  <testcase classname="runner.TestRunner" name="runScenario" time="0.276"/>
  <testcase classname="runner.TestRunner" name="runScenario" time="0.191"/>
  <testcase classname="runner.TestRunner" name="runScenario" time="0.261"/>
  <testcase classname="runner.TestRunner" name="runScenario" time="0.258"/>
  <testcase classname="runner.TestRunner" name="runScenario" time="0.228"/>
  <testcase classname="runner.TestRunner" name="runScenario" time="0.636"/>
  <testcase classname="runner.TestRunner" name="runScenario" time="0.212">
    <failure message="expected [400] but found [404]" type="java.lang.AssertionError">
      <![CDATA[java.lang.AssertionError: expected [400] but found [404]
at org.testng.Assert.fail(Assert.java:111)
at org.testng.Assert.failNotEquals(Assert.java:1590)
at org.testng.Assert.assertEqualsImpl(Assert.java:150)
at org.testng.Assert.assertEquals(Assert.java:132)
at org.testng.Assert.assertEquals(Assert.java:1431)
at org.testng.Assert.assertEquals(Assert.java:1395)
at org.testng.Assert.assertEquals(Assert.java:1441)
at stepDefinition.BatchStepDefiniton.admin_receives_bad_request_with_valid_error_message(BatchStepDefiniton.java:136)
at ✽.Admin receives 400 Bad Request with valid error message(file:///C:/Users/Happy%20Family/eclipse-workspace/Team06_APITitanRestAssured/src/test/resources/feature/03-06-UpdateByBatchId.feature:48)
]]>
    </failure>
  </testcase> <!-- runScenario -->
  <testcase classname="runner.TestRunner" name="runScenario" time="0.014">
    <error message="The step &#039;Admin sends POST HTTPS request to the endpoint for invalid method&#039; is undefined.
You can implement this step using the snippet(s) below:

@When(&quot;Admin sends POST HTTPS request to the endpoint for invalid method&quot;)
public void admin_sends_post_https_request_to_the_endpoint_for_invalid_method() {
    // Write code here that turns the phrase above into concrete actions
    throw new io.cucumber.java.PendingException();
}
" type="io.cucumber.testng.UndefinedStepException">
      <![CDATA[io.cucumber.testng.UndefinedStepException: The step 'Admin sends POST HTTPS request to the endpoint for invalid method' is undefined.
You can implement this step using the snippet(s) below:

@When("Admin sends POST HTTPS request to the endpoint for invalid method")
public void admin_sends_post_https_request_to_the_endpoint_for_invalid_method() {
    // Write code here that turns the phrase above into concrete actions
    throw new io.cucumber.java.PendingException();
}

at ✽.Admin sends POST HTTPS request to the endpoint for invalid method(file:///C:/Users/Happy%20Family/eclipse-workspace/Team06_APITitanRestAssured/src/test/resources/feature/03-06-UpdateByBatchId.feature:57)
]]>
    </error>
  </testcase> <!-- runScenario -->
  <testcase classname="runner.TestRunner" name="runScenario" time="0.016">
    <error message="Cannot invoke &quot;io.restassured.response.Response.asPrettyString()&quot; because &quot;this.response&quot; is null" type="java.lang.NullPointerException">
      <![CDATA[java.lang.NullPointerException: Cannot invoke "io.restassured.response.Response.asPrettyString()" because "this.response" is null
at stepDefinition.BatchStepDefiniton.admin_receives_unsupported_media_type(BatchStepDefiniton.java:352)
at ✽.Admin receives 415 unsupported media type(file:///C:/Users/Happy%20Family/eclipse-workspace/Team06_APITitanRestAssured/src/test/resources/feature/03-07-DeleteBatchByBatchId.feature:35)
]]>
    </error>
  </testcase> <!-- runScenario -->
  <testcase classname="runner.TestRunner" name="runScenario" time="0.232"/>
  <testcase classname="runner.TestRunner" name="runScenario" time="0.255"/>
  <testcase classname="runner.TestRunner" name="runScenario" time="0.253"/>
  <testcase classname="runner.TestRunner" name="runScenario" time="0.244"/>
  <testcase classname="runner.TestRunner" name="runScenario" time="0.200">
    <failure message="expected [200] but found [404]" type="java.lang.AssertionError">
      <![CDATA[java.lang.AssertionError: expected [200] but found [404]
at org.testng.Assert.fail(Assert.java:111)
at org.testng.Assert.failNotEquals(Assert.java:1590)
at org.testng.Assert.assertEqualsImpl(Assert.java:150)
at org.testng.Assert.assertEquals(Assert.java:132)
at org.testng.Assert.assertEquals(Assert.java:1431)
at org.testng.Assert.assertEquals(Assert.java:1395)
at org.testng.Assert.assertEquals(Assert.java:1441)
at stepDefinition.BatchStepDefiniton.admin_receives_ok_status_with_message(BatchStepDefiniton.java:986)
at ✽.Admin receives 200 Ok status with message(file:///C:/Users/Happy%20Family/eclipse-workspace/Team06_APITitanRestAssured/src/test/resources/feature/03-07-DeleteBatchByBatchId.feature:11)
]]>
    </failure>
  </testcase> <!-- runScenario -->
  <testcase classname="runner.TestRunner" name="runScenario" time="0.188"/>
  <testcase classname="runner.TestRunner" name="runScenario" time="0.192">
    <failure message="expected [200] but found [400]" type="java.lang.AssertionError">
      <![CDATA[java.lang.AssertionError: expected [200] but found [400]
at org.testng.Assert.fail(Assert.java:111)
at org.testng.Assert.failNotEquals(Assert.java:1590)
at org.testng.Assert.assertEqualsImpl(Assert.java:150)
at org.testng.Assert.assertEquals(Assert.java:132)
at org.testng.Assert.assertEquals(Assert.java:1431)
at org.testng.Assert.assertEquals(Assert.java:1395)
at org.testng.Assert.assertEquals(Assert.java:1441)
at stepDefinition.BatchStepDefiniton.admin_receives_a_ok_status_and_the_response_body_contains_the_program_details_corresponding_to_the_provided_program_id(BatchStepDefiniton.java:874)
at ✽.Admin receives a 200 OK status and the response body contains the program details corresponding to the provided program id(file:///C:/Users/Happy%20Family/eclipse-workspace/Team06_APITitanRestAssured/src/test/resources/feature/03-06-UpdateByBatchId.feature:43)
]]>
    </failure>
  </testcase> <!-- runScenario -->
  <testcase classname="runner.TestRunner" name="runScenario" time="0.247"/>
  <testcase classname="runner.TestRunner" name="runScenario" time="0.214"/>
  <testcase classname="runner.TestRunner" name="runScenario" time="0.198"/>
  <testcase classname="runner.TestRunner" name="runScenario" time="0.224"/>
  <testcase classname="runner.TestRunner" name="runScenario" time="0.225">
    <failure message="expected [201] but found [400]" type="java.lang.AssertionError">
      <![CDATA[java.lang.AssertionError: expected [201] but found [400]
at org.testng.Assert.fail(Assert.java:111)
at org.testng.Assert.failNotEquals(Assert.java:1590)
at org.testng.Assert.assertEqualsImpl(Assert.java:150)
at org.testng.Assert.assertEquals(Assert.java:132)
at org.testng.Assert.assertEquals(Assert.java:1431)
at org.testng.Assert.assertEquals(Assert.java:1395)
at org.testng.Assert.assertEquals(Assert.java:1441)
at stepDefinition.BatchStepDefiniton.admin_receives_created_status_with_response_body(BatchStepDefiniton.java:91)
at ✽.Admin receives 201 Created status with response body.(file:///C:/Users/Happy%20Family/eclipse-workspace/Team06_APITitanRestAssured/src/test/resources/feature/03-02-AddNewBatch.feature:29)
]]>
    </failure>
  </testcase> <!-- runScenario -->
  <testcase classname="runner.TestRunner" name="runScenario" time="0.659"/>
  <testcase classname="runner.TestRunner" name="runScenario" time="0.751">
    <failure message="expected [401] but found [200]" type="java.lang.AssertionError">
      <![CDATA[java.lang.AssertionError: expected [401] but found [200]
at org.testng.Assert.fail(Assert.java:111)
at org.testng.Assert.failNotEquals(Assert.java:1590)
at org.testng.Assert.assertEqualsImpl(Assert.java:150)
at org.testng.Assert.assertEquals(Assert.java:132)
at org.testng.Assert.assertEquals(Assert.java:1431)
at org.testng.Assert.assertEquals(Assert.java:1461)
at stepDefinition.ProgramStepDefinition.admin_validates_get_response_for_in_program_api(ProgramStepDefinition.java:430)
at ✽.Admin validates GET response for "Get All Programs Without Auth" in program API(file:///C:/Users/Happy%20Family/eclipse-workspace/Team06_APITitanRestAssured/src/test/resources/feature/02programwithoutAuth.feature:9)
]]>
    </failure>
  </testcase> <!-- runScenario -->
  <testcase classname="runner.TestRunner" name="runScenario" time="0.270"/>
  <testcase classname="runner.TestRunner" name="runScenario" time="0.207"/>
  <testcase classname="runner.TestRunner" name="runScenario" time="0.226"/>
  <testcase classname="runner.TestRunner" name="runScenario" time="0.222"/>
  <testcase classname="runner.TestRunner" name="runScenario" time="0.248"/>
  <testcase classname="runner.TestRunner" name="runScenario" time="0.179">
    <error message="The step &#039;Admin receives 400 Bad Request with error message&#039; is undefined.
You can implement this step using the snippet(s) below:

@Then(&quot;Admin receives {int} Bad Request with error message&quot;)
public void admin_receives_bad_request_with_error_message(Integer int1) {
    // Write code here that turns the phrase above into concrete actions
    throw new io.cucumber.java.PendingException();
}
" type="io.cucumber.testng.UndefinedStepException">
      <![CDATA[io.cucumber.testng.UndefinedStepException: The step 'Admin receives 400 Bad Request with error message' is undefined.
You can implement this step using the snippet(s) below:

@Then("Admin receives {int} Bad Request with error message")
public void admin_receives_bad_request_with_error_message(Integer int1) {
    // Write code here that turns the phrase above into concrete actions
    throw new io.cucumber.java.PendingException();
}

at ✽.Admin receives 400 Bad Request with error message(file:///C:/Users/Happy%20Family/eclipse-workspace/Team06_APITitanRestAssured/src/test/resources/feature/03-06-UpdateByBatchId.feature:25)
]]>
    </error>
  </testcase> <!-- runScenario -->
  <testcase classname="runner.TestRunner" name="runScenario" time="0.044">
    <failure message="expected [401] but found [403]" type="java.lang.AssertionError">
      <![CDATA[java.lang.AssertionError: expected [401] but found [403]
at org.testng.Assert.fail(Assert.java:111)
at org.testng.Assert.failNotEquals(Assert.java:1590)
at org.testng.Assert.assertEqualsImpl(Assert.java:150)
at org.testng.Assert.assertEquals(Assert.java:132)
at org.testng.Assert.assertEquals(Assert.java:1431)
at org.testng.Assert.assertEquals(Assert.java:1395)
at org.testng.Assert.assertEquals(Assert.java:1441)
at stepDefinition.BatchStepDefiniton.admin_receives_unauthorized(BatchStepDefiniton.java:440)
at ✽.Admin receives 401 Unauthorized(file:///C:/Users/Happy%20Family/eclipse-workspace/Team06_APITitanRestAssured/src/test/resources/feature/BatchWithNoAuth.feature:10)
]]>
    </failure>
  </testcase> <!-- runScenario -->
  <testcase classname="runner.TestRunner" name="runScenario" time="0.241"/>
  <testcase classname="runner.TestRunner" name="runScenario" time="0.219"/>
  <testcase classname="runner.TestRunner" name="runScenario" time="0.174"/>
  <testcase classname="runner.TestRunner" name="runScenario" time="0.602"/>
  <testcase classname="runner.TestRunner" name="runScenario" time="1.484"/>
  <testcase classname="runner.TestRunner" name="runScenario" time="0.208"/>
  <testcase classname="runner.TestRunner" name="runScenario" time="0.232"/>
  <testcase classname="runner.TestRunner" name="runScenario" time="8.107">
    <failure message="API response time is greater than 3000 expected [true] but found [false]" type="java.lang.AssertionError">
      <![CDATA[java.lang.AssertionError: API response time is greater than 3000 expected [true] but found [false]
at org.testng.Assert.fail(Assert.java:111)
at org.testng.Assert.failNotEquals(Assert.java:1590)
at org.testng.Assert.assertTrue(Assert.java:57)
at stepDefinition.loginStepDefinition.admin_validates_login_api_response_time(loginStepDefinition.java:222)
at ✽.Admin validates "Valid Email in forgot password API" Login API response time(file:///C:/Users/Happy%20Family/eclipse-workspace/Team06_APITitanRestAssured/src/test/resources/feature/01-login.feature:55)
]]>
    </failure>
  </testcase> <!-- runScenario -->
  <testcase classname="runner.TestRunner" name="runScenario" time="0.193"/>
  <testcase classname="runner.TestRunner" name="runScenario" time="0.190">
    <error message="The step &#039;Admin receives 400 Bad Request with error message&#039; is undefined.
You can implement this step using the snippet(s) below:

@Then(&quot;Admin receives {int} Bad Request with error message&quot;)
public void admin_receives_bad_request_with_error_message(Integer int1) {
    // Write code here that turns the phrase above into concrete actions
    throw new io.cucumber.java.PendingException();
}
" type="io.cucumber.testng.UndefinedStepException">
      <![CDATA[io.cucumber.testng.UndefinedStepException: The step 'Admin receives 400 Bad Request with error message' is undefined.
You can implement this step using the snippet(s) below:

@Then("Admin receives {int} Bad Request with error message")
public void admin_receives_bad_request_with_error_message(Integer int1) {
    // Write code here that turns the phrase above into concrete actions
    throw new io.cucumber.java.PendingException();
}

at ✽.Admin receives 400 Bad Request with error message(file:///C:/Users/Happy%20Family/eclipse-workspace/Team06_APITitanRestAssured/src/test/resources/feature/03-06-UpdateByBatchId.feature:25)
]]>
    </error>
  </testcase> <!-- runScenario -->
  <testcase classname="runner.TestRunner" name="runScenario" time="0.208"/>
  <testcase classname="runner.TestRunner" name="runScenario" time="0.215"/>
  <testcase classname="runner.TestRunner" name="runScenario" time="0.206"/>
  <testcase classname="runner.TestRunner" name="runScenario" time="0.239"/>
  <testcase classname="runner.TestRunner" name="runScenario" time="0.197"/>
  <testcase classname="runner.TestRunner" name="runScenario" time="0.245"/>
  <testcase classname="runner.TestRunner" name="runScenario" time="0.797">
    <failure message="expected [405] but found [200]" type="java.lang.AssertionError">
      <![CDATA[java.lang.AssertionError: expected [405] but found [200]
at org.testng.Assert.fail(Assert.java:111)
at org.testng.Assert.failNotEquals(Assert.java:1590)
at org.testng.Assert.assertEqualsImpl(Assert.java:150)
at org.testng.Assert.assertEquals(Assert.java:132)
at org.testng.Assert.assertEquals(Assert.java:1431)
at org.testng.Assert.assertEquals(Assert.java:1395)
at org.testng.Assert.assertEquals(Assert.java:1441)
at stepDefinition.BatchStepDefiniton.admin_receives_method_not_allowed(BatchStepDefiniton.java:387)
at ✽.Admin receives 405 method not allowed(file:///C:/Users/Happy%20Family/eclipse-workspace/Team06_APITitanRestAssured/src/test/resources/feature/03-02-AddNewBatch.feature:100)
]]>
    </failure>
  </testcase> <!-- runScenario -->
  <testcase classname="runner.TestRunner" name="runScenario" time="0.173">
    <error message="The step &#039;Admin receives 400 Bad Request with error message&#039; is undefined.
You can implement this step using the snippet(s) below:

@Then(&quot;Admin receives {int} Bad Request with error message&quot;)
public void admin_receives_bad_request_with_error_message(Integer int1) {
    // Write code here that turns the phrase above into concrete actions
    throw new io.cucumber.java.PendingException();
}
" type="io.cucumber.testng.UndefinedStepException">
      <![CDATA[io.cucumber.testng.UndefinedStepException: The step 'Admin receives 400 Bad Request with error message' is undefined.
You can implement this step using the snippet(s) below:

@Then("Admin receives {int} Bad Request with error message")
public void admin_receives_bad_request_with_error_message(Integer int1) {
    // Write code here that turns the phrase above into concrete actions
    throw new io.cucumber.java.PendingException();
}

at ✽.Admin receives 400 Bad Request with error message(file:///C:/Users/Happy%20Family/eclipse-workspace/Team06_APITitanRestAssured/src/test/resources/feature/03-06-UpdateByBatchId.feature:25)
]]>
    </error>
  </testcase> <!-- runScenario -->
  <testcase classname="runner.TestRunner" name="runScenario" time="0.301"/>
  <testcase classname="runner.TestRunner" name="runScenario" time="0.305">
    <failure message="expected [400] but found [404]" type="java.lang.AssertionError">
      <![CDATA[java.lang.AssertionError: expected [400] but found [404]
at org.testng.Assert.fail(Assert.java:111)
at org.testng.Assert.failNotEquals(Assert.java:1590)
at org.testng.Assert.assertEqualsImpl(Assert.java:150)
at org.testng.Assert.assertEquals(Assert.java:132)
at org.testng.Assert.assertEquals(Assert.java:1431)
at org.testng.Assert.assertEquals(Assert.java:1395)
at org.testng.Assert.assertEquals(Assert.java:1441)
at stepDefinition.BatchStepDefiniton.admin_receives_bad_request_with_valid_error_message(BatchStepDefiniton.java:136)
at ✽.Admin receives 400 Bad Request with valid error message(file:///C:/Users/Happy%20Family/eclipse-workspace/Team06_APITitanRestAssured/src/test/resources/feature/03-02-AddNewBatch.feature:80)
]]>
    </failure>
  </testcase> <!-- runScenario -->
  <testcase classname="runner.TestRunner" name="runScenario" time="0.230"/>
  <testcase classname="runner.TestRunner" name="runScenario" time="0.222"/>
  <testcase classname="runner.TestRunner" name="runScenario" time="0.210"/>
  <testcase classname="runner.TestRunner" name="runScenario" time="0.195"/>
  <testcase classname="runner.TestRunner" name="runScenario" time="0.299"/>
  <testcase classname="runner.TestRunner" name="runScenario" time="0.234"/>
  <testcase classname="runner.TestRunner" name="runScenario" time="0.204"/>
  <testcase classname="runner.TestRunner" name="runScenario" time="0.298">
    <failure message="expected [200] but found [404]" type="java.lang.AssertionError">
      <![CDATA[java.lang.AssertionError: expected [200] but found [404]
at org.testng.Assert.fail(Assert.java:111)
at org.testng.Assert.failNotEquals(Assert.java:1590)
at org.testng.Assert.assertEqualsImpl(Assert.java:150)
at org.testng.Assert.assertEquals(Assert.java:132)
at org.testng.Assert.assertEquals(Assert.java:1431)
at org.testng.Assert.assertEquals(Assert.java:1395)
at org.testng.Assert.assertEquals(Assert.java:1441)
at stepDefinition.BatchStepDefiniton.admin_receives_ok_status_with_response_body(BatchStepDefiniton.java:474)
at ✽.Admin receives 200 OK Status with response body.(file:///C:/Users/Happy%20Family/eclipse-workspace/Team06_APITitanRestAssured/src/test/resources/feature/03-04-GetBatchByBatchName.feature:10)
]]>
    </failure>
  </testcase> <!-- runScenario -->
  <testcase classname="runner.TestRunner" name="runScenario" time="0.185"/>
  <testcase classname="runner.TestRunner" name="runScenario" time="0.221"/>
  <testcase classname="runner.TestRunner" name="runScenario" time="0.192"/>
  <testcase classname="runner.TestRunner" name="runScenario" time="0.213"/>
  <testcase classname="runner.TestRunner" name="runScenario" time="0.197"/>
  <testcase classname="runner.TestRunner" name="runScenario" time="0.218"/>
  <testcase classname="runner.TestRunner" name="runScenario" time="0.195"/>
  <testcase classname="runner.TestRunner" name="runScenario" time="0.266">
    <failure message="expected [201] but found [400]" type="java.lang.AssertionError">
      <![CDATA[java.lang.AssertionError: expected [201] but found [400]
at org.testng.Assert.fail(Assert.java:111)
at org.testng.Assert.failNotEquals(Assert.java:1590)
at org.testng.Assert.assertEqualsImpl(Assert.java:150)
at org.testng.Assert.assertEquals(Assert.java:132)
at org.testng.Assert.assertEquals(Assert.java:1431)
at org.testng.Assert.assertEquals(Assert.java:1395)
at org.testng.Assert.assertEquals(Assert.java:1441)
at stepDefinition.BatchStepDefiniton.admin_receives_a_created_and_the_response_body_contains_the_program_details_corresponding_to_the_provided_program_id(BatchStepDefiniton.java:113)
at ✽.Admin receives a 201 created and the response body contains the program details corresponding to the provided program id(file:///C:/Users/Happy%20Family/eclipse-workspace/Team06_APITitanRestAssured/src/test/resources/feature/03-02-AddNewBatch.feature:17)
]]>
    </failure>
  </testcase> <!-- runScenario -->
  <testcase classname="runner.TestRunner" name="runScenario" time="0.194"/>
  <testcase classname="runner.TestRunner" name="runScenario" time="0.223"/>
  <testcase classname="runner.TestRunner" name="runScenario" time="0.235"/>
  <testcase classname="runner.TestRunner" name="runScenario" time="0.250">
    <failure message="expected [201] but found [400]" type="java.lang.AssertionError">
      <![CDATA[java.lang.AssertionError: expected [201] but found [400]
at org.testng.Assert.fail(Assert.java:111)
at org.testng.Assert.failNotEquals(Assert.java:1590)
at org.testng.Assert.assertEqualsImpl(Assert.java:150)
at org.testng.Assert.assertEquals(Assert.java:132)
at org.testng.Assert.assertEquals(Assert.java:1431)
at org.testng.Assert.assertEquals(Assert.java:1395)
at org.testng.Assert.assertEquals(Assert.java:1441)
at stepDefinition.BatchStepDefiniton.admin_receives_created_status_with_response_body(BatchStepDefiniton.java:91)
at ✽.Admin receives 201 Created status with response body.(file:///C:/Users/Happy%20Family/eclipse-workspace/Team06_APITitanRestAssured/src/test/resources/feature/03-02-AddNewBatch.feature:11)
]]>
    </failure>
  </testcase> <!-- runScenario -->
  <testcase classname="runner.TestRunner" name="runScenario" time="0.214"/>
  <testcase classname="runner.TestRunner" name="runScenario" time="0.169"/>
  <testcase classname="runner.TestRunner" name="runScenario" time="0.710"/>
  <testcase classname="runner.TestRunner" name="runScenario" time="0.202"/>
  <testcase classname="runner.TestRunner" name="runScenario" time="0.211">
    <failure message="expected [401] but found [200]" type="java.lang.AssertionError">
      <![CDATA[java.lang.AssertionError: expected [401] but found [200]
at org.testng.Assert.fail(Assert.java:111)
at org.testng.Assert.failNotEquals(Assert.java:1590)
at org.testng.Assert.assertEqualsImpl(Assert.java:150)
at org.testng.Assert.assertEquals(Assert.java:132)
at org.testng.Assert.assertEquals(Assert.java:1431)
at org.testng.Assert.assertEquals(Assert.java:1461)
at stepDefinition.ProgramStepDefinition.admin_validates_get_response_for_in_program_api(ProgramStepDefinition.java:430)
at ✽.Admin validates GET response for "Get All Programs With Users Without Auth" in program API(file:///C:/Users/Happy%20Family/eclipse-workspace/Team06_APITitanRestAssured/src/test/resources/feature/02programwithoutAuth.feature:9)
]]>
    </failure>
  </testcase> <!-- runScenario -->
  <testcase classname="runner.TestRunner" name="runScenario" time="3.537"/>
  <testcase classname="runner.TestRunner" name="runScenario" time="0.202">
    <error message="The step &#039;Admin receives 400 Bad Request with error message&#039; is undefined.
You can implement this step using the snippet(s) below:

@Then(&quot;Admin receives {int} Bad Request with error message&quot;)
public void admin_receives_bad_request_with_error_message(Integer int1) {
    // Write code here that turns the phrase above into concrete actions
    throw new io.cucumber.java.PendingException();
}
" type="io.cucumber.testng.UndefinedStepException">
      <![CDATA[io.cucumber.testng.UndefinedStepException: The step 'Admin receives 400 Bad Request with error message' is undefined.
You can implement this step using the snippet(s) below:

@Then("Admin receives {int} Bad Request with error message")
public void admin_receives_bad_request_with_error_message(Integer int1) {
    // Write code here that turns the phrase above into concrete actions
    throw new io.cucumber.java.PendingException();
}

at ✽.Admin receives 400 Bad Request with error message(file:///C:/Users/Happy%20Family/eclipse-workspace/Team06_APITitanRestAssured/src/test/resources/feature/03-06-UpdateByBatchId.feature:25)
]]>
    </error>
  </testcase> <!-- runScenario -->
  <testcase classname="runner.TestRunner" name="runScenario" time="0.250"/>
  <testcase classname="runner.TestRunner" name="runScenario" time="0.200"/>
  <testcase classname="runner.TestRunner" name="runScenario" time="0.205"/>
  <testcase classname="runner.TestRunner" name="runScenario" time="0.206"/>
  <testcase classname="runner.TestRunner" name="runScenario" time="0.201"/>
  <testcase classname="runner.TestRunner" name="runScenario" time="0.216"/>
  <testcase classname="runner.TestRunner" name="runScenario" time="0.758">
    <failure message="expected [415] but found [403]" type="java.lang.AssertionError">
      <![CDATA[java.lang.AssertionError: expected [415] but found [403]
at org.testng.Assert.fail(Assert.java:111)
at org.testng.Assert.failNotEquals(Assert.java:1590)
at org.testng.Assert.assertEqualsImpl(Assert.java:150)
at org.testng.Assert.assertEquals(Assert.java:132)
at org.testng.Assert.assertEquals(Assert.java:1431)
at org.testng.Assert.assertEquals(Assert.java:1395)
at org.testng.Assert.assertEquals(Assert.java:1441)
at stepDefinition.BatchStepDefiniton.admin_receives_unsupported_media_type(BatchStepDefiniton.java:353)
at ✽.Admin receives 415 unsupported media type(file:///C:/Users/Happy%20Family/eclipse-workspace/Team06_APITitanRestAssured/src/test/resources/feature/03-01GetAllBatches.feature:25)
]]>
    </failure>
  </testcase> <!-- runScenario -->
  <testcase classname="runner.TestRunner" name="runScenario" time="0.195">
    <error message="The step &#039;Admin receives 400 Bad Request with error message&#039; is undefined.
You can implement this step using the snippet(s) below:

@Then(&quot;Admin receives {int} Bad Request with error message&quot;)
public void admin_receives_bad_request_with_error_message(Integer int1) {
    // Write code here that turns the phrase above into concrete actions
    throw new io.cucumber.java.PendingException();
}
" type="io.cucumber.testng.UndefinedStepException">
      <![CDATA[io.cucumber.testng.UndefinedStepException: The step 'Admin receives 400 Bad Request with error message' is undefined.
You can implement this step using the snippet(s) below:

@Then("Admin receives {int} Bad Request with error message")
public void admin_receives_bad_request_with_error_message(Integer int1) {
    // Write code here that turns the phrase above into concrete actions
    throw new io.cucumber.java.PendingException();
}

at ✽.Admin receives 400 Bad Request with error message(file:///C:/Users/Happy%20Family/eclipse-workspace/Team06_APITitanRestAssured/src/test/resources/feature/03-06-UpdateByBatchId.feature:25)
]]>
    </error>
  </testcase> <!-- runScenario -->
  <testcase classname="runner.TestRunner" name="runScenario" time="0.192">
    <error message="The step &#039;Admin receives 400 Bad Request with error message&#039; is undefined.
You can implement this step using the snippet(s) below:

@Then(&quot;Admin receives {int} Bad Request with error message&quot;)
public void admin_receives_bad_request_with_error_message(Integer int1) {
    // Write code here that turns the phrase above into concrete actions
    throw new io.cucumber.java.PendingException();
}
" type="io.cucumber.testng.UndefinedStepException">
      <![CDATA[io.cucumber.testng.UndefinedStepException: The step 'Admin receives 400 Bad Request with error message' is undefined.
You can implement this step using the snippet(s) below:

@Then("Admin receives {int} Bad Request with error message")
public void admin_receives_bad_request_with_error_message(Integer int1) {
    // Write code here that turns the phrase above into concrete actions
    throw new io.cucumber.java.PendingException();
}

at ✽.Admin receives 400 Bad Request with error message(file:///C:/Users/Happy%20Family/eclipse-workspace/Team06_APITitanRestAssured/src/test/resources/feature/03-06-UpdateByBatchId.feature:25)
]]>
    </error>
  </testcase> <!-- runScenario -->
  <testcase classname="runner.TestRunner" name="runScenario" time="0.282"/>
  <testcase classname="runner.TestRunner" name="runScenario" time="0.243"/>
  <testcase classname="runner.TestRunner" name="runScenario" time="0.185"/>
  <testcase classname="runner.TestRunner" name="runScenario" time="0.042">
    <failure message="expected [415] but found [403]" type="java.lang.AssertionError">
      <![CDATA[java.lang.AssertionError: expected [415] but found [403]
at org.testng.Assert.fail(Assert.java:111)
at org.testng.Assert.failNotEquals(Assert.java:1590)
at org.testng.Assert.assertEqualsImpl(Assert.java:150)
at org.testng.Assert.assertEquals(Assert.java:132)
at org.testng.Assert.assertEquals(Assert.java:1431)
at org.testng.Assert.assertEquals(Assert.java:1395)
at org.testng.Assert.assertEquals(Assert.java:1441)
at stepDefinition.BatchStepDefiniton.admin_receives_unsupported_media_type(BatchStepDefiniton.java:353)
at ✽.Admin receives 415 unsupported media type(file:///C:/Users/Happy%20Family/eclipse-workspace/Team06_APITitanRestAssured/src/test/resources/feature/03-04-GetBatchByBatchName.feature:30)
]]>
    </failure>
  </testcase> <!-- runScenario -->
  <testcase classname="runner.TestRunner" name="runScenario" time="0.221"/>
  <testcase classname="runner.TestRunner" name="runScenario" time="0.252">
    <error message="The step &#039;Admin receives 400 Bad Request with error message&#039; is undefined.
You can implement this step using the snippet(s) below:

@Then(&quot;Admin receives {int} Bad Request with error message&quot;)
public void admin_receives_bad_request_with_error_message(Integer int1) {
    // Write code here that turns the phrase above into concrete actions
    throw new io.cucumber.java.PendingException();
}
" type="io.cucumber.testng.UndefinedStepException">
      <![CDATA[io.cucumber.testng.UndefinedStepException: The step 'Admin receives 400 Bad Request with error message' is undefined.
You can implement this step using the snippet(s) below:

@Then("Admin receives {int} Bad Request with error message")
public void admin_receives_bad_request_with_error_message(Integer int1) {
    // Write code here that turns the phrase above into concrete actions
    throw new io.cucumber.java.PendingException();
}

at ✽.Admin receives 400 Bad Request with error message(file:///C:/Users/Happy%20Family/eclipse-workspace/Team06_APITitanRestAssured/src/test/resources/feature/03-06-UpdateByBatchId.feature:25)
]]>
    </error>
  </testcase> <!-- runScenario -->
  <testcase classname="runner.TestRunner" name="runScenario" time="0.183"/>
  <testcase classname="runner.TestRunner" name="runScenario" time="0.196"/>
  <testcase classname="runner.TestRunner" name="runScenario" time="0.013">
    <error message="Scenario not found: Admin creates batch with invalid content type" type="java.lang.RuntimeException">
      <![CDATA[java.lang.RuntimeException: Scenario not found: Admin creates batch with invalid content type
at utilities.JsonReader.getTestDataByScenarioName(JsonReader.java:32)
at stepDefinition.BatchStepDefiniton.admin_creates_post_request_with_invalid_content_type(BatchStepDefiniton.java:330)
at ✽.Admin creates POST request with invalid content type(file:///C:/Users/Happy%20Family/eclipse-workspace/Team06_APITitanRestAssured/src/test/resources/feature/03-02-AddNewBatch.feature:93)
]]>
    </error>
  </testcase> <!-- runScenario -->
  <testcase classname="runner.TestRunner" name="runScenario" time="0.269"/>
  <testcase classname="runner.TestRunner" name="runScenario" time="0.257"/>
  <testcase classname="runner.TestRunner" name="runScenario" time="0.204"/>
  <testcase classname="runner.TestRunner" name="runScenario" time="0.247"/>
  <testcase classname="runner.TestRunner" name="runScenario" time="0.283">
    <failure message="expected [200] but found [404]" type="java.lang.AssertionError">
      <![CDATA[java.lang.AssertionError: expected [200] but found [404]
at org.testng.Assert.fail(Assert.java:111)
at org.testng.Assert.failNotEquals(Assert.java:1590)
at org.testng.Assert.assertEqualsImpl(Assert.java:150)
at org.testng.Assert.assertEquals(Assert.java:132)
at org.testng.Assert.assertEquals(Assert.java:1431)
at org.testng.Assert.assertEquals(Assert.java:1395)
at org.testng.Assert.assertEquals(Assert.java:1441)
at stepDefinition.BatchStepDefiniton.admin_receives_ok_status_with_response_body(BatchStepDefiniton.java:474)
at ✽.Admin receives 200 OK Status with response body.(file:///C:/Users/Happy%20Family/eclipse-workspace/Team06_APITitanRestAssured/src/test/resources/feature/03-03-GetBtachByBatchId.feature:11)
]]>
    </failure>
  </testcase> <!-- runScenario -->
  <testcase classname="runner.TestRunner" name="runScenario" time="0.459">
    <error message="The step &#039;Admin receives 400 Bad Request with error message&#039; is undefined.
You can implement this step using the snippet(s) below:

@Then(&quot;Admin receives {int} Bad Request with error message&quot;)
public void admin_receives_bad_request_with_error_message(Integer int1) {
    // Write code here that turns the phrase above into concrete actions
    throw new io.cucumber.java.PendingException();
}
" type="io.cucumber.testng.UndefinedStepException">
      <![CDATA[io.cucumber.testng.UndefinedStepException: The step 'Admin receives 400 Bad Request with error message' is undefined.
You can implement this step using the snippet(s) below:

@Then("Admin receives {int} Bad Request with error message")
public void admin_receives_bad_request_with_error_message(Integer int1) {
    // Write code here that turns the phrase above into concrete actions
    throw new io.cucumber.java.PendingException();
}

at ✽.Admin receives 400 Bad Request with error message(file:///C:/Users/Happy%20Family/eclipse-workspace/Team06_APITitanRestAssured/src/test/resources/feature/03-06-UpdateByBatchId.feature:25)
]]>
    </error>
  </testcase> <!-- runScenario -->
  <testcase classname="runner.TestRunner" name="runScenario" time="0.285"/>
  <testcase classname="runner.TestRunner" name="runScenario" time="0.271"/>
  <testcase classname="runner.TestRunner" name="runScenario" time="0.207">
    <failure message="expected [405] but found [400]" type="java.lang.AssertionError">
      <![CDATA[java.lang.AssertionError: expected [405] but found [400]
at org.testng.Assert.fail(Assert.java:111)
at org.testng.Assert.failNotEquals(Assert.java:1590)
at org.testng.Assert.assertEqualsImpl(Assert.java:150)
at org.testng.Assert.assertEquals(Assert.java:132)
at org.testng.Assert.assertEquals(Assert.java:1431)
at org.testng.Assert.assertEquals(Assert.java:1395)
at org.testng.Assert.assertEquals(Assert.java:1441)
at stepDefinition.BatchStepDefiniton.admin_receives_method_not_allowed(BatchStepDefiniton.java:387)
at ✽.Admin receives 405 method not allowed(file:///C:/Users/Happy%20Family/eclipse-workspace/Team06_APITitanRestAssured/src/test/resources/feature/03-01GetAllBatches.feature:20)
]]>
    </failure>
  </testcase> <!-- runScenario -->
  <testcase classname="runner.TestRunner" name="runScenario" time="0.230"/>
  <testcase classname="runner.TestRunner" name="runScenario" time="0.203"/>
  <testcase classname="runner.TestRunner" name="runScenario" time="0.196">
    <error message="The step &#039;Admin receives 400 Bad Request with error message&#039; is undefined.
You can implement this step using the snippet(s) below:

@Then(&quot;Admin receives {int} Bad Request with error message&quot;)
public void admin_receives_bad_request_with_error_message(Integer int1) {
    // Write code here that turns the phrase above into concrete actions
    throw new io.cucumber.java.PendingException();
}
" type="io.cucumber.testng.UndefinedStepException">
      <![CDATA[io.cucumber.testng.UndefinedStepException: The step 'Admin receives 400 Bad Request with error message' is undefined.
You can implement this step using the snippet(s) below:

@Then("Admin receives {int} Bad Request with error message")
public void admin_receives_bad_request_with_error_message(Integer int1) {
    // Write code here that turns the phrase above into concrete actions
    throw new io.cucumber.java.PendingException();
}

at ✽.Admin receives 400 Bad Request with error message(file:///C:/Users/Happy%20Family/eclipse-workspace/Team06_APITitanRestAssured/src/test/resources/feature/03-06-UpdateByBatchId.feature:25)
]]>
    </error>
  </testcase> <!-- runScenario -->
  <testcase classname="runner.TestRunner" name="runScenario" time="0.241"/>
  <testcase classname="runner.TestRunner" name="runScenario" time="0.208">
    <failure message="expected [200] but found [404]" type="java.lang.AssertionError">
      <![CDATA[java.lang.AssertionError: expected [200] but found [404]
at org.testng.Assert.fail(Assert.java:111)
at org.testng.Assert.failNotEquals(Assert.java:1590)
at org.testng.Assert.assertEqualsImpl(Assert.java:150)
at org.testng.Assert.assertEquals(Assert.java:132)
at org.testng.Assert.assertEquals(Assert.java:1431)
at org.testng.Assert.assertEquals(Assert.java:1395)
at org.testng.Assert.assertEquals(Assert.java:1441)
at stepDefinition.BatchStepDefiniton.admin_receives_ok_status_with_response_body(BatchStepDefiniton.java:474)
at ✽.Admin receives 200 OK Status with response body.(file:///C:/Users/Happy%20Family/eclipse-workspace/Team06_APITitanRestAssured/src/test/resources/feature/03-03-GetBtachByBatchId.feature:17)
]]>
    </failure>
  </testcase> <!-- runScenario -->
  <testcase classname="runner.TestRunner" name="runScenario" time="0.198"/>
  <testcase classname="runner.TestRunner" name="runScenario" time="0.218"/>
  <testcase classname="runner.TestRunner" name="runScenario" time="0.210"/>
  <testcase classname="runner.TestRunner" name="runScenario" time="0.242"/>
  <testcase classname="runner.TestRunner" name="runScenario" time="0.269">
    <failure message="expected [200] but found [404]" type="java.lang.AssertionError">
      <![CDATA[java.lang.AssertionError: expected [200] but found [404]
at org.testng.Assert.fail(Assert.java:111)
at org.testng.Assert.failNotEquals(Assert.java:1590)
at org.testng.Assert.assertEqualsImpl(Assert.java:150)
at org.testng.Assert.assertEquals(Assert.java:132)
at org.testng.Assert.assertEquals(Assert.java:1431)
at org.testng.Assert.assertEquals(Assert.java:1395)
at org.testng.Assert.assertEquals(Assert.java:1441)
at stepDefinition.BatchStepDefiniton.admin_receives_ok_status_with_updated_value_in_response_body(BatchStepDefiniton.java:774)
at ✽.Admin receives 200 OK Status with updated value in response body.(file:///C:/Users/Happy%20Family/eclipse-workspace/Team06_APITitanRestAssured/src/test/resources/feature/03-06-UpdateByBatchId.feature:10)
]]>
    </failure>
  </testcase> <!-- runScenario -->
  <testcase classname="runner.TestRunner" name="runScenario" time="0.227"/>
  <testcase classname="runner.TestRunner" name="runScenario" time="0.198"/>
  <testcase classname="runner.TestRunner" name="runScenario" time="0.214"/>
  <testcase classname="runner.TestRunner" name="runScenario" time="0.189"/>
  <testcase classname="runner.TestRunner" name="runScenario" time="0.255"/>
  <testcase classname="runner.TestRunner" name="runScenario" time="0.027">
    <error message="Invalid number of path parameters. Expected 1, was 0. Undefined path parameters are: batchId." type="java.lang.IllegalArgumentException">
      <![CDATA[java.lang.IllegalArgumentException: Invalid number of path parameters. Expected 1, was 0. Undefined path parameters are: batchId.
at java.base/jdk.internal.reflect.DirectConstructorHandleAccessor.newInstance(DirectConstructorHandleAccessor.java:62)
at java.base/java.lang.reflect.Constructor.newInstanceWithCaller(Constructor.java:499)
at java.base/java.lang.reflect.Constructor.newInstance(Constructor.java:483)
at org.codehaus.groovy.reflection.CachedConstructor.invoke(CachedConstructor.java:73)
at org.codehaus.groovy.reflection.CachedConstructor.doConstructorInvoke(CachedConstructor.java:60)
at org.codehaus.groovy.runtime.callsite.ConstructorSite$ConstructorSiteNoUnwrap.callConstructor(ConstructorSite.java:86)
at org.codehaus.groovy.runtime.callsite.CallSiteArray.defaultCallConstructor(CallSiteArray.java:57)
at org.codehaus.groovy.runtime.callsite.AbstractCallSite.callConstructor(AbstractCallSite.java:263)
at org.codehaus.groovy.runtime.callsite.AbstractCallSite.callConstructor(AbstractCallSite.java:277)
at io.restassured.internal.RequestSpecificationImpl.assertCorrectNumberOfPathParams(RequestSpecificationImpl.groovy:1277)
at java.base/jdk.internal.reflect.DirectMethodHandleAccessor.invoke(DirectMethodHandleAccessor.java:104)
at java.base/java.lang.reflect.Method.invoke(Method.java:565)
at org.codehaus.groovy.reflection.CachedMethod.invoke(CachedMethod.java:343)
at groovy.lang.MetaMethod.doMethodInvoke(MetaMethod.java:328)
at groovy.lang.MetaClassImpl.doInvokeMethod(MetaClassImpl.java:1333)
at groovy.lang.MetaClassImpl.invokeMethod(MetaClassImpl.java:1088)
at groovy.lang.MetaClassImpl.invokeMethod(MetaClassImpl.java:1007)
at groovy.lang.MetaClassImpl.invokeMethod(MetaClassImpl.java:790)
at io.restassured.internal.RequestSpecificationImpl.invokeMethod(RequestSpecificationImpl.groovy)
at org.codehaus.groovy.runtime.callsite.PogoInterceptableSite.call(PogoInterceptableSite.java:46)
at org.codehaus.groovy.runtime.callsite.PogoInterceptableSite.callCurrent(PogoInterceptableSite.java:57)
at org.codehaus.groovy.runtime.callsite.AbstractCallSite.callCurrent(AbstractCallSite.java:176)
at io.restassured.internal.RequestSpecificationImpl.sendRequest(RequestSpecificationImpl.groovy:1161)
at io.restassured.internal.RequestSpecificationImpl.this$2$sendRequest(RequestSpecificationImpl.groovy)
at java.base/jdk.internal.reflect.DirectMethodHandleAccessor.invoke(DirectMethodHandleAccessor.java:104)
at java.base/java.lang.reflect.Method.invoke(Method.java:565)
at org.codehaus.groovy.reflection.CachedMethod.invoke(CachedMethod.java:343)
at groovy.lang.MetaMethod.doMethodInvoke(MetaMethod.java:328)
at groovy.lang.MetaClassImpl.doInvokeMethod(MetaClassImpl.java:1333)
at groovy.lang.MetaClassImpl.invokeMethod(MetaClassImpl.java:1088)
at groovy.lang.MetaClassImpl.invokeMethod(MetaClassImpl.java:1007)
at groovy.lang.MetaClassImpl.invokeMethod(MetaClassImpl.java:790)
at io.restassured.internal.RequestSpecificationImpl.invokeMethod(RequestSpecificationImpl.groovy)
at org.codehaus.groovy.runtime.callsite.PogoInterceptableSite.call(PogoInterceptableSite.java:46)
at org.codehaus.groovy.runtime.callsite.AbstractCallSite.call(AbstractCallSite.java:166)
at io.restassured.internal.filter.SendRequestFilter.filter(SendRequestFilter.groovy:30)
at io.restassured.filter.Filter$filter$0.call(Unknown Source)
at org.codehaus.groovy.runtime.callsite.CallSiteArray.defaultCall(CallSiteArray.java:45)
at io.restassured.filter.Filter$filter.call(Unknown Source)
at io.restassured.internal.filter.FilterContextImpl.next(FilterContextImpl.groovy:72)
at io.restassured.filter.time.TimingFilter.filter(TimingFilter.java:56)
at io.restassured.filter.Filter$filter.call(Unknown Source)
at org.codehaus.groovy.runtime.callsite.CallSiteArray.defaultCall(CallSiteArray.java:45)
at io.restassured.filter.Filter$filter$0.call(Unknown Source)
at io.restassured.internal.filter.FilterContextImpl.next(FilterContextImpl.groovy:72)
at io.restassured.filter.FilterContext$next.call(Unknown Source)
at io.restassured.internal.filter.CsrfFilter.filter(CsrfFilter.groovy:89)
at io.restassured.filter.Filter$filter$0.call(Unknown Source)
at org.codehaus.groovy.runtime.callsite.CallSiteArray.defaultCall(CallSiteArray.java:45)
at io.restassured.filter.Filter$filter.call(Unknown Source)
at io.restassured.internal.filter.FilterContextImpl.next(FilterContextImpl.groovy:72)
at io.restassured.filter.log.RequestLoggingFilter.filter(RequestLoggingFilter.java:148)
at io.restassured.filter.Filter$filter.call(Unknown Source)
at org.codehaus.groovy.runtime.callsite.CallSiteArray.defaultCall(CallSiteArray.java:45)
at io.restassured.filter.Filter$filter$0.call(Unknown Source)
at io.restassured.internal.filter.FilterContextImpl.next(FilterContextImpl.groovy:72)
at io.restassured.filter.FilterContext$next.call(Unknown Source)
at io.restassured.internal.RequestSpecificationImpl.applyPathParamsAndSendRequest(RequestSpecificationImpl.groovy:1704)
at io.restassured.internal.RequestSpecificationImpl.this$2$applyPathParamsAndSendRequest(RequestSpecificationImpl.groovy)
at java.base/jdk.internal.reflect.DirectMethodHandleAccessor.invoke(DirectMethodHandleAccessor.java:104)
at java.base/java.lang.reflect.Method.invoke(Method.java:565)
at org.codehaus.groovy.reflection.CachedMethod.invoke(CachedMethod.java:343)
at groovy.lang.MetaMethod.doMethodInvoke(MetaMethod.java:328)
at groovy.lang.MetaClassImpl.doInvokeMethod(MetaClassImpl.java:1333)
at groovy.lang.MetaClassImpl.invokeMethod(MetaClassImpl.java:1088)
at groovy.lang.MetaClassImpl.invokeMethod(MetaClassImpl.java:1007)
at groovy.lang.MetaClassImpl.invokeMethod(MetaClassImpl.java:790)
at io.restassured.internal.RequestSpecificationImpl.invokeMethod(RequestSpecificationImpl.groovy)
at org.codehaus.groovy.runtime.callsite.PogoInterceptableSite.call(PogoInterceptableSite.java:46)
at org.codehaus.groovy.runtime.callsite.PogoInterceptableSite.callCurrent(PogoInterceptableSite.java:57)
at org.codehaus.groovy.runtime.callsite.AbstractCallSite.callCurrent(AbstractCallSite.java:203)
at io.restassured.internal.RequestSpecificationImpl.applyPathParamsAndSendRequest(RequestSpecificationImpl.groovy:1710)
at io.restassured.internal.RequestSpecificationImpl.this$2$applyPathParamsAndSendRequest(RequestSpecificationImpl.groovy)
at java.base/jdk.internal.reflect.DirectMethodHandleAccessor.invoke(DirectMethodHandleAccessor.java:104)
at java.base/java.lang.reflect.Method.invoke(Method.java:565)
at org.codehaus.groovy.reflection.CachedMethod.invoke(CachedMethod.java:343)
at groovy.lang.MetaMethod.doMethodInvoke(MetaMethod.java:328)
at groovy.lang.MetaClassImpl.doInvokeMethod(MetaClassImpl.java:1333)
at groovy.lang.MetaClassImpl.invokeMethod(MetaClassImpl.java:1088)
at groovy.lang.MetaClassImpl.invokeMethod(MetaClassImpl.java:1007)
at groovy.lang.MetaClassImpl.invokeMethod(MetaClassImpl.java:790)
at io.restassured.internal.RequestSpecificationImpl.invokeMethod(RequestSpecificationImpl.groovy)
at org.codehaus.groovy.runtime.callsite.PogoInterceptableSite.call(PogoInterceptableSite.java:46)
at org.codehaus.groovy.runtime.callsite.PogoInterceptableSite.callCurrent(PogoInterceptableSite.java:57)
at org.codehaus.groovy.runtime.callsite.AbstractCallSite.callCurrent(AbstractCallSite.java:203)
at io.restassured.internal.RequestSpecificationImpl.get(RequestSpecificationImpl.groovy:172)
at io.restassured.internal.RequestSpecificationImpl.get(RequestSpecificationImpl.groovy)
at stepDefinition.BatchStepDefiniton.admin_sends_https_request_to_the_endpoint_for_invalid_content_method(BatchStepDefiniton.java:648)
at ✽.Admin sends HTTPS request to the endpoint for invalid content method(file:///C:/Users/Happy%20Family/eclipse-workspace/Team06_APITitanRestAssured/src/test/resources/feature/03-03-GetBtachByBatchId.feature:40)
]]>
    </error>
  </testcase> <!-- runScenario -->
  <testcase classname="runner.TestRunner" name="runScenario" time="0.247">
    <failure message="expected [401] but found [200]" type="java.lang.AssertionError">
      <![CDATA[java.lang.AssertionError: expected [401] but found [200]
at org.testng.Assert.fail(Assert.java:111)
at org.testng.Assert.failNotEquals(Assert.java:1590)
at org.testng.Assert.assertEqualsImpl(Assert.java:150)
at org.testng.Assert.assertEquals(Assert.java:132)
at org.testng.Assert.assertEquals(Assert.java:1431)
at org.testng.Assert.assertEquals(Assert.java:1461)
at stepDefinition.ProgramStepDefinition.admin_validates_get_response_for_in_program_api(ProgramStepDefinition.java:430)
at ✽.Admin validates GET response for "Get Program By ID Without Auth" in program API(file:///C:/Users/Happy%20Family/eclipse-workspace/Team06_APITitanRestAssured/src/test/resources/feature/02programwithoutAuth.feature:9)
]]>
    </failure>
  </testcase> <!-- runScenario -->
  <testcase classname="runner.TestRunner" name="runScenario" time="0.213">
    <error message="The step &#039;Admin receives 400 Bad Request with error message&#039; is undefined.
You can implement this step using the snippet(s) below:

@Then(&quot;Admin receives {int} Bad Request with error message&quot;)
public void admin_receives_bad_request_with_error_message(Integer int1) {
    // Write code here that turns the phrase above into concrete actions
    throw new io.cucumber.java.PendingException();
}
" type="io.cucumber.testng.UndefinedStepException">
      <![CDATA[io.cucumber.testng.UndefinedStepException: The step 'Admin receives 400 Bad Request with error message' is undefined.
You can implement this step using the snippet(s) below:

@Then("Admin receives {int} Bad Request with error message")
public void admin_receives_bad_request_with_error_message(Integer int1) {
    // Write code here that turns the phrase above into concrete actions
    throw new io.cucumber.java.PendingException();
}

at ✽.Admin receives 400 Bad Request with error message(file:///C:/Users/Happy%20Family/eclipse-workspace/Team06_APITitanRestAssured/src/test/resources/feature/03-06-UpdateByBatchId.feature:25)
]]>
    </error>
  </testcase> <!-- runScenario -->
  <testcase classname="runner.TestRunner" name="runScenario" time="0.197"/>
  <testcase classname="runner.TestRunner" name="runScenario" time="0.214"/>
  <testcase classname="runner.TestRunner" name="runScenario" time="0.243"/>
</testsuite> <!-- runner.TestRunner -->
