<?xml version="1.0" encoding="UTF-8"?>
<!-- Generated by org.testng.reporters.JUnitReportReporter -->
<testsuite hostname="RanjaniHeartlaptop" failures="0" tests="3" name="runner.TestRunner" time="0.184" errors="0" timestamp="2026-04-29T13:37:02 EDT" skipped="0">
  <testcase classname="runner.TestRunner" name="runScenario" time="0.169"/>
  <testcase classname="runner.TestRunner" name="runScenario" time="0.008"/>
  <testcase classname="runner.TestRunner" name="runScenario" time="0.007"/>
</testsuite> <!-- runner.TestRunner -->
